2025-03-23 20:22:03,314 - INFO - Model loaded successfully
2025-03-23 20:22:03,330 - INFO - Video loaded successfully
2025-03-23 20:22:03,331 - INFO - Video properties: 480x320, 23 FPS, 648 frames
2025-03-23 20:22:03,331 - INFO - Output video will be saved to: output/output_inference_20250323_202203.mp4
2025-03-23 20:22:03,799 - INFO - Speed: 1.6ms preprocess, 42.5ms inference, 0.6ms postprocess
2025-03-23 20:22:03,799 - INFO - Model class names: {0: 'person', 1: 'rider', 2: 'car', 3: 'truck', 4: 'bus', 5: 'train', 6: 'motorcycle', 7: 'bicycle', 8: 'traffic light', 9: 'traffic sign'}
2025-03-23 20:22:03,972 - INFO - Speed: 1.2ms preprocess, 40.0ms inference, 0.3ms postprocess
2025-03-23 20:22:04,028 - INFO - Speed: 1.0ms preprocess, 32.1ms inference, 0.3ms postprocess
2025-03-23 20:22:04,090 - INFO - Speed: 1.0ms preprocess, 35.1ms inference, 0.3ms postprocess
2025-03-23 20:22:04,148 - INFO - Speed: 1.0ms preprocess, 30.0ms inference, 0.3ms postprocess
2025-03-23 20:22:04,200 - INFO - Speed: 1.0ms preprocess, 28.6ms inference, 0.3ms postprocess
2025-03-23 20:22:04,254 - INFO - Speed: 0.9ms preprocess, 28.6ms inference, 0.3ms postprocess
2025-03-23 20:22:04,311 - INFO - Speed: 0.9ms preprocess, 28.8ms inference, 0.3ms postprocess
2025-03-23 20:22:04,370 - INFO - Speed: 1.0ms preprocess, 35.3ms inference, 0.3ms postprocess
2025-03-23 20:22:04,420 - INFO - Speed: 0.9ms preprocess, 28.0ms inference, 0.3ms postprocess
2025-03-23 20:22:04,473 - INFO - Speed: 0.9ms preprocess, 29.2ms inference, 0.4ms postprocess
2025-03-23 20:22:04,526 - INFO - Speed: 0.9ms preprocess, 29.2ms inference, 0.3ms postprocess
2025-03-23 20:22:04,591 - INFO - Speed: 0.9ms preprocess, 40.2ms inference, 0.3ms postprocess
2025-03-23 20:22:04,644 - INFO - Speed: 1.0ms preprocess, 29.6ms inference, 0.3ms postprocess
2025-03-23 20:22:04,697 - INFO - Speed: 1.0ms preprocess, 28.6ms inference, 0.3ms postprocess
2025-03-23 20:22:04,751 - INFO - Speed: 1.0ms preprocess, 29.6ms inference, 0.3ms postprocess
2025-03-23 20:22:04,805 - INFO - Speed: 0.9ms preprocess, 29.4ms inference, 0.3ms postprocess
2025-03-23 20:22:04,858 - INFO - Speed: 0.9ms preprocess, 28.5ms inference, 0.3ms postprocess
2025-03-23 20:22:04,910 - INFO - Speed: 1.0ms preprocess, 29.4ms inference, 0.3ms postprocess
2025-03-23 20:22:04,965 - INFO - Speed: 1.0ms preprocess, 30.7ms inference, 0.3ms postprocess
2025-03-23 20:22:05,018 - INFO - Speed: 1.0ms preprocess, 29.4ms inference, 0.3ms postprocess
2025-03-23 20:22:05,070 - INFO - Speed: 1.0ms preprocess, 28.5ms inference, 0.3ms postprocess
2025-03-23 20:22:05,125 - INFO - Speed: 0.9ms preprocess, 30.3ms inference, 0.3ms postprocess
2025-03-23 20:22:05,178 - INFO - Speed: 0.9ms preprocess, 29.4ms inference, 0.4ms postprocess
2025-03-23 20:22:05,230 - INFO - Speed: 0.9ms preprocess, 29.0ms inference, 0.3ms postprocess
2025-03-23 20:22:05,284 - INFO - Speed: 1.2ms preprocess, 27.9ms inference, 0.3ms postprocess
2025-03-23 20:22:05,340 - INFO - Speed: 1.0ms preprocess, 31.0ms inference, 0.3ms postprocess
2025-03-23 20:22:05,394 - INFO - Speed: 1.0ms preprocess, 30.3ms inference, 0.3ms postprocess
2025-03-23 20:22:05,448 - INFO - Speed: 0.9ms preprocess, 29.7ms inference, 0.4ms postprocess
2025-03-23 20:22:05,502 - INFO - Speed: 1.0ms preprocess, 29.4ms inference, 0.4ms postprocess
2025-03-23 20:22:05,556 - INFO - Speed: 1.0ms preprocess, 31.1ms inference, 0.3ms postprocess
2025-03-23 20:22:05,608 - INFO - Speed: 0.9ms preprocess, 29.3ms inference, 0.3ms postprocess
2025-03-23 20:22:05,660 - INFO - Speed: 1.0ms preprocess, 28.6ms inference, 0.3ms postprocess
2025-03-23 20:22:05,712 - INFO - Speed: 1.0ms preprocess, 29.3ms inference, 0.2ms postprocess
2025-03-23 20:22:05,764 - INFO - Speed: 1.0ms preprocess, 28.8ms inference, 0.2ms postprocess
2025-03-23 20:22:05,819 - INFO - Speed: 0.9ms preprocess, 30.3ms inference, 0.3ms postprocess
2025-03-23 20:22:05,870 - INFO - Speed: 1.0ms preprocess, 28.6ms inference, 0.3ms postprocess
2025-03-23 20:22:05,927 - INFO - Speed: 0.9ms preprocess, 30.0ms inference, 0.3ms postprocess
2025-03-23 20:22:05,982 - INFO - Speed: 1.0ms preprocess, 30.3ms inference, 0.5ms postprocess
2025-03-23 20:22:06,036 - INFO - Speed: 1.1ms preprocess, 29.8ms inference, 0.3ms postprocess
2025-03-23 20:22:06,090 - INFO - Speed: 0.9ms preprocess, 30.4ms inference, 0.4ms postprocess
2025-03-23 20:22:06,143 - INFO - Speed: 1.0ms preprocess, 29.7ms inference, 0.3ms postprocess
2025-03-23 20:22:06,194 - INFO - Speed: 0.9ms preprocess, 29.4ms inference, 0.3ms postprocess
2025-03-23 20:22:06,247 - INFO - Speed: 0.9ms preprocess, 28.2ms inference, 0.3ms postprocess
2025-03-23 20:22:06,297 - INFO - Speed: 1.0ms preprocess, 27.3ms inference, 0.3ms postprocess
2025-03-23 20:22:06,349 - INFO - Speed: 1.0ms preprocess, 29.7ms inference, 0.3ms postprocess
2025-03-23 20:22:06,401 - INFO - Speed: 1.0ms preprocess, 29.2ms inference, 0.3ms postprocess
2025-03-23 20:22:06,454 - INFO - Speed: 1.0ms preprocess, 29.8ms inference, 0.3ms postprocess
2025-03-23 20:22:06,507 - INFO - Speed: 0.9ms preprocess, 28.6ms inference, 0.3ms postprocess
2025-03-23 20:22:06,559 - INFO - Speed: 0.9ms preprocess, 28.9ms inference, 0.3ms postprocess
2025-03-23 20:22:06,613 - INFO - Speed: 1.0ms preprocess, 30.9ms inference, 0.4ms postprocess
2025-03-23 20:22:06,665 - INFO - Speed: 1.0ms preprocess, 29.7ms inference, 0.3ms postprocess
2025-03-23 20:22:06,715 - INFO - Speed: 0.9ms preprocess, 27.4ms inference, 0.3ms postprocess
2025-03-23 20:22:06,765 - INFO - Speed: 0.9ms preprocess, 27.8ms inference, 0.3ms postprocess
2025-03-23 20:22:06,815 - INFO - Speed: 1.0ms preprocess, 27.3ms inference, 0.3ms postprocess
2025-03-23 20:22:06,869 - INFO - Speed: 1.0ms preprocess, 30.9ms inference, 0.3ms postprocess
2025-03-23 20:22:06,922 - INFO - Speed: 0.9ms preprocess, 29.7ms inference, 0.3ms postprocess
2025-03-23 20:22:06,975 - INFO - Speed: 0.9ms preprocess, 29.2ms inference, 0.3ms postprocess
2025-03-23 20:22:07,025 - INFO - Speed: 1.0ms preprocess, 28.6ms inference, 0.3ms postprocess
2025-03-23 20:22:07,078 - INFO - Speed: 0.9ms preprocess, 28.3ms inference, 0.4ms postprocess
2025-03-23 20:22:07,132 - INFO - Speed: 0.9ms preprocess, 29.0ms inference, 0.3ms postprocess
2025-03-23 20:22:07,183 - INFO - Speed: 1.0ms preprocess, 27.4ms inference, 0.3ms postprocess
2025-03-23 20:22:07,232 - INFO - Speed: 0.9ms preprocess, 26.9ms inference, 0.3ms postprocess
2025-03-23 20:22:07,282 - INFO - Speed: 0.9ms preprocess, 27.1ms inference, 0.3ms postprocess
2025-03-23 20:22:07,332 - INFO - Speed: 0.9ms preprocess, 27.5ms inference, 0.3ms postprocess
2025-03-23 20:22:07,383 - INFO - Speed: 0.9ms preprocess, 28.8ms inference, 0.4ms postprocess
2025-03-23 20:22:07,439 - INFO - Speed: 1.0ms preprocess, 32.8ms inference, 0.4ms postprocess
2025-03-23 20:22:07,490 - INFO - Speed: 0.9ms preprocess, 28.1ms inference, 0.3ms postprocess
2025-03-23 20:22:07,616 - INFO - Speed: 26.2ms preprocess, 71.0ms inference, 0.3ms postprocess
2025-03-23 20:22:07,701 - INFO - Speed: 1.0ms preprocess, 61.9ms inference, 0.3ms postprocess
2025-03-23 20:22:07,757 - INFO - Speed: 1.0ms preprocess, 32.7ms inference, 0.3ms postprocess
2025-03-23 20:22:07,812 - INFO - Speed: 0.9ms preprocess, 33.0ms inference, 0.3ms postprocess
2025-03-23 20:22:07,868 - INFO - Speed: 0.9ms preprocess, 32.4ms inference, 0.4ms postprocess
2025-03-23 20:22:07,929 - INFO - Speed: 0.9ms preprocess, 37.3ms inference, 0.3ms postprocess
2025-03-23 20:22:07,989 - INFO - Speed: 0.9ms preprocess, 36.2ms inference, 0.4ms postprocess
2025-03-23 20:22:08,042 - INFO - Speed: 0.9ms preprocess, 30.1ms inference, 0.3ms postprocess
2025-03-23 20:22:08,094 - INFO - Speed: 1.0ms preprocess, 27.9ms inference, 0.3ms postprocess
2025-03-23 20:22:08,144 - INFO - Speed: 0.9ms preprocess, 27.6ms inference, 0.3ms postprocess
2025-03-23 20:22:08,196 - INFO - Speed: 0.9ms preprocess, 29.2ms inference, 0.3ms postprocess
2025-03-23 20:22:08,249 - INFO - Speed: 0.9ms preprocess, 28.8ms inference, 0.3ms postprocess
2025-03-23 20:22:08,302 - INFO - Speed: 1.0ms preprocess, 28.3ms inference, 0.3ms postprocess
2025-03-23 20:22:08,355 - INFO - Speed: 1.0ms preprocess, 29.9ms inference, 0.3ms postprocess
2025-03-23 20:22:08,408 - INFO - Speed: 0.9ms preprocess, 29.7ms inference, 0.3ms postprocess
2025-03-23 20:22:08,462 - INFO - Speed: 1.0ms preprocess, 30.1ms inference, 0.3ms postprocess
2025-03-23 20:22:08,515 - INFO - Speed: 0.9ms preprocess, 28.9ms inference, 0.3ms postprocess
2025-03-23 20:22:08,569 - INFO - Speed: 0.9ms preprocess, 30.5ms inference, 0.3ms postprocess
2025-03-23 20:22:08,623 - INFO - Speed: 1.0ms preprocess, 31.2ms inference, 0.3ms postprocess
2025-03-23 20:22:08,675 - INFO - Speed: 1.0ms preprocess, 29.1ms inference, 0.3ms postprocess
2025-03-23 20:22:08,730 - INFO - Speed: 0.9ms preprocess, 29.9ms inference, 0.4ms postprocess
2025-03-23 20:22:08,782 - INFO - Speed: 0.9ms preprocess, 29.1ms inference, 0.3ms postprocess
2025-03-23 20:22:08,836 - INFO - Speed: 1.0ms preprocess, 29.0ms inference, 0.3ms postprocess
2025-03-23 20:22:08,889 - INFO - Speed: 1.0ms preprocess, 29.9ms inference, 0.4ms postprocess
2025-03-23 20:22:08,943 - INFO - Speed: 1.0ms preprocess, 30.0ms inference, 0.3ms postprocess
2025-03-23 20:22:08,997 - INFO - Speed: 0.9ms preprocess, 29.9ms inference, 0.3ms postprocess
2025-03-23 20:22:09,051 - INFO - Speed: 1.0ms preprocess, 29.5ms inference, 0.4ms postprocess
2025-03-23 20:22:09,106 - INFO - Speed: 1.0ms preprocess, 30.6ms inference, 0.3ms postprocess
2025-03-23 20:22:09,159 - INFO - Speed: 0.9ms preprocess, 30.6ms inference, 0.3ms postprocess
2025-03-23 20:22:09,213 - INFO - Speed: 1.0ms preprocess, 29.7ms inference, 0.3ms postprocess
2025-03-23 20:22:09,267 - INFO - Speed: 0.9ms preprocess, 30.2ms inference, 0.3ms postprocess
2025-03-23 20:22:09,285 - INFO - Processed 100/648 frames
2025-03-23 20:22:09,320 - INFO - Speed: 1.0ms preprocess, 29.9ms inference, 0.4ms postprocess
2025-03-23 20:22:09,373 - INFO - Speed: 1.0ms preprocess, 29.2ms inference, 0.3ms postprocess
2025-03-23 20:22:09,426 - INFO - Speed: 1.0ms preprocess, 28.8ms inference, 0.4ms postprocess
2025-03-23 20:22:09,479 - INFO - Speed: 1.0ms preprocess, 30.0ms inference, 0.3ms postprocess
2025-03-23 20:22:09,532 - INFO - Speed: 1.0ms preprocess, 29.5ms inference, 0.3ms postprocess
2025-03-23 20:22:09,586 - INFO - Speed: 1.0ms preprocess, 29.7ms inference, 0.3ms postprocess
2025-03-23 20:22:09,639 - INFO - Speed: 1.0ms preprocess, 29.1ms inference, 0.3ms postprocess
2025-03-23 20:22:09,690 - INFO - Speed: 0.9ms preprocess, 28.4ms inference, 0.4ms postprocess
2025-03-23 20:22:09,742 - INFO - Speed: 0.9ms preprocess, 30.0ms inference, 0.3ms postprocess
2025-03-23 20:22:09,794 - INFO - Speed: 1.0ms preprocess, 28.8ms inference, 0.3ms postprocess
2025-03-23 20:22:09,849 - INFO - Speed: 0.9ms preprocess, 29.4ms inference, 0.3ms postprocess
2025-03-23 20:22:09,904 - INFO - Speed: 1.0ms preprocess, 29.0ms inference, 0.3ms postprocess
2025-03-23 20:22:09,955 - INFO - Speed: 1.0ms preprocess, 27.9ms inference, 0.3ms postprocess
2025-03-23 20:22:10,009 - INFO - Speed: 0.9ms preprocess, 30.5ms inference, 0.3ms postprocess
2025-03-23 20:22:10,062 - INFO - Speed: 1.0ms preprocess, 28.8ms inference, 0.3ms postprocess
2025-03-23 20:22:10,114 - INFO - Speed: 1.0ms preprocess, 28.4ms inference, 0.3ms postprocess
2025-03-23 20:22:10,166 - INFO - Speed: 0.9ms preprocess, 28.1ms inference, 0.3ms postprocess
2025-03-23 20:22:10,220 - INFO - Speed: 1.0ms preprocess, 28.9ms inference, 0.3ms postprocess
2025-03-23 20:22:10,274 - INFO - Speed: 0.9ms preprocess, 29.1ms inference, 0.3ms postprocess
2025-03-23 20:22:10,328 - INFO - Speed: 0.9ms preprocess, 29.4ms inference, 0.4ms postprocess
2025-03-23 20:22:10,382 - INFO - Speed: 0.9ms preprocess, 29.0ms inference, 0.3ms postprocess
2025-03-23 20:22:10,435 - INFO - Speed: 0.9ms preprocess, 28.3ms inference, 0.3ms postprocess
2025-03-23 20:22:10,488 - INFO - Speed: 1.0ms preprocess, 27.5ms inference, 0.3ms postprocess
2025-03-23 20:22:10,541 - INFO - Speed: 0.9ms preprocess, 29.2ms inference, 0.3ms postprocess
2025-03-23 20:22:10,595 - INFO - Speed: 0.9ms preprocess, 29.5ms inference, 0.3ms postprocess
2025-03-23 20:22:10,649 - INFO - Speed: 0.9ms preprocess, 29.3ms inference, 0.3ms postprocess
2025-03-23 20:22:10,702 - INFO - Speed: 1.0ms preprocess, 29.6ms inference, 0.3ms postprocess
2025-03-23 20:22:10,755 - INFO - Speed: 0.9ms preprocess, 29.5ms inference, 0.3ms postprocess
2025-03-23 20:22:10,807 - INFO - Speed: 0.9ms preprocess, 27.8ms inference, 0.3ms postprocess
2025-03-23 20:22:10,859 - INFO - Speed: 1.0ms preprocess, 29.0ms inference, 0.3ms postprocess
2025-03-23 20:22:10,911 - INFO - Speed: 0.9ms preprocess, 28.3ms inference, 0.3ms postprocess
2025-03-23 20:22:10,965 - INFO - Speed: 0.9ms preprocess, 27.8ms inference, 0.3ms postprocess
2025-03-23 20:22:11,017 - INFO - Speed: 1.0ms preprocess, 28.9ms inference, 0.3ms postprocess
2025-03-23 20:22:11,069 - INFO - Speed: 1.0ms preprocess, 28.4ms inference, 0.3ms postprocess
2025-03-23 20:22:11,124 - INFO - Speed: 0.9ms preprocess, 29.8ms inference, 0.3ms postprocess
2025-03-23 20:22:11,177 - INFO - Speed: 1.0ms preprocess, 28.8ms inference, 0.3ms postprocess
2025-03-23 20:22:11,231 - INFO - Speed: 0.9ms preprocess, 28.8ms inference, 0.3ms postprocess
2025-03-23 20:22:11,285 - INFO - Speed: 1.1ms preprocess, 28.5ms inference, 0.3ms postprocess
2025-03-23 20:22:11,338 - INFO - Speed: 0.9ms preprocess, 28.6ms inference, 0.3ms postprocess
2025-03-23 20:22:11,391 - INFO - Speed: 0.9ms preprocess, 29.3ms inference, 0.3ms postprocess
2025-03-23 20:22:11,444 - INFO - Speed: 0.9ms preprocess, 29.2ms inference, 0.3ms postprocess
2025-03-23 20:22:11,497 - INFO - Speed: 1.0ms preprocess, 28.1ms inference, 0.5ms postprocess
2025-03-23 20:22:11,551 - INFO - Speed: 1.1ms preprocess, 28.6ms inference, 0.3ms postprocess
2025-03-23 20:22:11,604 - INFO - Speed: 0.9ms preprocess, 28.1ms inference, 0.4ms postprocess
2025-03-23 20:22:11,656 - INFO - Speed: 1.0ms preprocess, 28.5ms inference, 0.4ms postprocess
2025-03-23 20:22:11,710 - INFO - Speed: 0.9ms preprocess, 29.0ms inference, 0.3ms postprocess
2025-03-23 20:22:11,763 - INFO - Speed: 1.0ms preprocess, 28.7ms inference, 0.3ms postprocess
2025-03-23 20:22:11,816 - INFO - Speed: 1.0ms preprocess, 28.4ms inference, 0.3ms postprocess
2025-03-23 20:22:11,869 - INFO - Speed: 1.0ms preprocess, 29.1ms inference, 0.3ms postprocess
2025-03-23 20:22:11,923 - INFO - Speed: 1.0ms preprocess, 29.7ms inference, 0.3ms postprocess
2025-03-23 20:22:11,977 - INFO - Speed: 1.0ms preprocess, 30.2ms inference, 0.3ms postprocess
2025-03-23 20:22:12,030 - INFO - Speed: 1.0ms preprocess, 29.6ms inference, 0.3ms postprocess
2025-03-23 20:22:12,083 - INFO - Speed: 0.9ms preprocess, 28.9ms inference, 0.3ms postprocess
2025-03-23 20:22:12,136 - INFO - Speed: 1.0ms preprocess, 28.4ms inference, 0.3ms postprocess
2025-03-23 20:22:12,191 - INFO - Speed: 0.9ms preprocess, 29.6ms inference, 0.3ms postprocess
2025-03-23 20:22:12,267 - INFO - Speed: 1.0ms preprocess, 50.3ms inference, 0.4ms postprocess
2025-03-23 20:22:12,321 - INFO - Speed: 1.0ms preprocess, 29.9ms inference, 0.3ms postprocess
2025-03-23 20:22:12,374 - INFO - Speed: 1.0ms preprocess, 29.3ms inference, 0.3ms postprocess
2025-03-23 20:22:12,428 - INFO - Speed: 1.0ms preprocess, 29.6ms inference, 0.3ms postprocess
2025-03-23 20:22:12,482 - INFO - Speed: 0.9ms preprocess, 30.1ms inference, 0.3ms postprocess
2025-03-23 20:22:12,534 - INFO - Speed: 1.0ms preprocess, 28.8ms inference, 0.3ms postprocess
2025-03-23 20:22:12,590 - INFO - Speed: 1.0ms preprocess, 29.7ms inference, 0.3ms postprocess
2025-03-23 20:22:12,643 - INFO - Speed: 1.0ms preprocess, 29.2ms inference, 0.3ms postprocess
2025-03-23 20:22:12,696 - INFO - Speed: 1.0ms preprocess, 28.9ms inference, 0.3ms postprocess
2025-03-23 20:22:12,750 - INFO - Speed: 0.9ms preprocess, 29.4ms inference, 0.3ms postprocess
2025-03-23 20:22:12,804 - INFO - Speed: 1.0ms preprocess, 29.7ms inference, 0.3ms postprocess
2025-03-23 20:22:12,859 - INFO - Speed: 1.0ms preprocess, 30.2ms inference, 0.3ms postprocess
2025-03-23 20:22:12,912 - INFO - Speed: 1.0ms preprocess, 29.5ms inference, 0.3ms postprocess
2025-03-23 20:22:12,965 - INFO - Speed: 0.9ms preprocess, 28.7ms inference, 0.3ms postprocess
2025-03-23 20:22:13,019 - INFO - Speed: 1.0ms preprocess, 28.7ms inference, 0.3ms postprocess
2025-03-23 20:22:13,071 - INFO - Speed: 1.0ms preprocess, 28.6ms inference, 0.3ms postprocess
2025-03-23 20:22:13,125 - INFO - Speed: 1.0ms preprocess, 29.4ms inference, 0.3ms postprocess
2025-03-23 20:22:13,178 - INFO - Speed: 1.0ms preprocess, 28.6ms inference, 0.3ms postprocess
2025-03-23 20:22:13,233 - INFO - Speed: 0.9ms preprocess, 29.7ms inference, 0.3ms postprocess
2025-03-23 20:22:13,285 - INFO - Speed: 1.0ms preprocess, 28.3ms inference, 0.3ms postprocess
2025-03-23 20:22:13,338 - INFO - Speed: 0.9ms preprocess, 29.4ms inference, 0.3ms postprocess
2025-03-23 20:22:13,391 - INFO - Speed: 1.0ms preprocess, 29.3ms inference, 0.3ms postprocess
2025-03-23 20:22:13,444 - INFO - Speed: 0.9ms preprocess, 28.4ms inference, 0.3ms postprocess
2025-03-23 20:22:13,499 - INFO - Speed: 1.0ms preprocess, 31.4ms inference, 0.3ms postprocess
2025-03-23 20:22:13,552 - INFO - Speed: 1.0ms preprocess, 30.4ms inference, 0.3ms postprocess
2025-03-23 20:22:13,604 - INFO - Speed: 1.0ms preprocess, 28.4ms inference, 0.3ms postprocess
2025-03-23 20:22:13,658 - INFO - Speed: 0.9ms preprocess, 28.2ms inference, 0.3ms postprocess
2025-03-23 20:22:13,711 - INFO - Speed: 0.9ms preprocess, 28.5ms inference, 0.3ms postprocess
2025-03-23 20:22:13,764 - INFO - Speed: 1.0ms preprocess, 28.2ms inference, 0.3ms postprocess
2025-03-23 20:22:13,815 - INFO - Speed: 0.9ms preprocess, 28.5ms inference, 0.5ms postprocess
2025-03-23 20:22:13,869 - INFO - Speed: 1.0ms preprocess, 28.9ms inference, 0.4ms postprocess
2025-03-23 20:22:13,922 - INFO - Speed: 0.9ms preprocess, 28.2ms inference, 0.3ms postprocess
2025-03-23 20:22:13,973 - INFO - Speed: 0.9ms preprocess, 27.6ms inference, 0.4ms postprocess
2025-03-23 20:22:14,025 - INFO - Speed: 1.0ms preprocess, 29.4ms inference, 0.3ms postprocess
2025-03-23 20:22:14,078 - INFO - Speed: 0.9ms preprocess, 29.8ms inference, 0.3ms postprocess
2025-03-23 20:22:14,131 - INFO - Speed: 0.9ms preprocess, 28.6ms inference, 0.3ms postprocess
2025-03-23 20:22:14,183 - INFO - Speed: 0.9ms preprocess, 29.4ms inference, 0.3ms postprocess
2025-03-23 20:22:14,235 - INFO - Speed: 0.9ms preprocess, 29.6ms inference, 0.3ms postprocess
2025-03-23 20:22:14,289 - INFO - Speed: 1.0ms preprocess, 29.4ms inference, 0.4ms postprocess
2025-03-23 20:22:14,343 - INFO - Speed: 0.9ms preprocess, 29.0ms inference, 0.4ms postprocess
2025-03-23 20:22:14,397 - INFO - Speed: 0.9ms preprocess, 29.2ms inference, 0.4ms postprocess
2025-03-23 20:22:14,449 - INFO - Speed: 1.0ms preprocess, 27.7ms inference, 0.3ms postprocess
2025-03-23 20:22:14,507 - INFO - Speed: 1.0ms preprocess, 34.2ms inference, 0.3ms postprocess
2025-03-23 20:22:14,563 - INFO - Speed: 0.9ms preprocess, 33.2ms inference, 0.5ms postprocess
2025-03-23 20:22:14,614 - INFO - Speed: 0.9ms preprocess, 28.1ms inference, 0.3ms postprocess
2025-03-23 20:22:14,632 - INFO - Processed 200/648 frames
2025-03-23 20:22:14,663 - INFO - Speed: 0.9ms preprocess, 26.7ms inference, 0.3ms postprocess
2025-03-23 20:22:14,714 - INFO - Speed: 1.0ms preprocess, 27.9ms inference, 0.3ms postprocess
2025-03-23 20:22:14,767 - INFO - Speed: 1.0ms preprocess, 27.7ms inference, 0.3ms postprocess
2025-03-23 20:22:14,818 - INFO - Speed: 0.9ms preprocess, 28.3ms inference, 0.3ms postprocess
2025-03-23 20:22:14,869 - INFO - Speed: 1.0ms preprocess, 28.8ms inference, 0.4ms postprocess
2025-03-23 20:22:14,926 - INFO - Speed: 0.8ms preprocess, 32.9ms inference, 0.3ms postprocess
2025-03-23 20:22:14,979 - INFO - Speed: 0.9ms preprocess, 29.3ms inference, 0.4ms postprocess
2025-03-23 20:22:15,031 - INFO - Speed: 0.9ms preprocess, 27.5ms inference, 0.4ms postprocess
2025-03-23 20:22:15,081 - INFO - Speed: 0.9ms preprocess, 27.2ms inference, 0.3ms postprocess
2025-03-23 20:22:15,132 - INFO - Speed: 1.0ms preprocess, 27.8ms inference, 0.3ms postprocess
2025-03-23 20:22:15,186 - INFO - Speed: 0.9ms preprocess, 28.9ms inference, 0.3ms postprocess
2025-03-23 20:22:15,242 - INFO - Speed: 1.0ms preprocess, 31.2ms inference, 0.3ms postprocess
2025-03-23 20:22:15,294 - INFO - Speed: 1.0ms preprocess, 28.8ms inference, 0.3ms postprocess
2025-03-23 20:22:15,348 - INFO - Speed: 1.0ms preprocess, 30.2ms inference, 0.4ms postprocess
2025-03-23 20:22:15,400 - INFO - Speed: 0.9ms preprocess, 29.2ms inference, 0.3ms postprocess
2025-03-23 20:22:15,456 - INFO - Speed: 1.0ms preprocess, 30.7ms inference, 0.4ms postprocess
2025-03-23 20:22:15,509 - INFO - Speed: 1.0ms preprocess, 29.7ms inference, 0.3ms postprocess
2025-03-23 20:22:15,561 - INFO - Speed: 1.0ms preprocess, 28.8ms inference, 0.3ms postprocess
2025-03-23 20:22:15,613 - INFO - Speed: 1.0ms preprocess, 28.8ms inference, 0.3ms postprocess
2025-03-23 20:22:15,666 - INFO - Speed: 0.9ms preprocess, 28.9ms inference, 0.3ms postprocess
2025-03-23 20:22:15,720 - INFO - Speed: 1.1ms preprocess, 28.7ms inference, 0.3ms postprocess
2025-03-23 20:22:15,774 - INFO - Speed: 1.0ms preprocess, 29.7ms inference, 0.3ms postprocess
2025-03-23 20:22:15,828 - INFO - Speed: 1.0ms preprocess, 29.3ms inference, 0.3ms postprocess
2025-03-23 20:22:15,882 - INFO - Speed: 1.0ms preprocess, 29.7ms inference, 0.3ms postprocess
2025-03-23 20:22:15,935 - INFO - Speed: 1.0ms preprocess, 29.4ms inference, 0.3ms postprocess
2025-03-23 20:22:15,989 - INFO - Speed: 1.0ms preprocess, 29.1ms inference, 0.3ms postprocess
2025-03-23 20:22:16,044 - INFO - Speed: 0.9ms preprocess, 30.5ms inference, 0.3ms postprocess
2025-03-23 20:22:16,095 - INFO - Speed: 0.9ms preprocess, 28.1ms inference, 0.3ms postprocess
2025-03-23 20:22:16,147 - INFO - Speed: 0.9ms preprocess, 29.0ms inference, 0.5ms postprocess
2025-03-23 20:22:16,199 - INFO - Speed: 0.9ms preprocess, 29.5ms inference, 0.3ms postprocess
2025-03-23 20:22:16,253 - INFO - Speed: 1.0ms preprocess, 29.8ms inference, 0.3ms postprocess
2025-03-23 20:22:16,305 - INFO - Speed: 1.0ms preprocess, 29.1ms inference, 0.3ms postprocess
2025-03-23 20:22:16,360 - INFO - Speed: 0.9ms preprocess, 29.3ms inference, 0.4ms postprocess
2025-03-23 20:22:16,411 - INFO - Speed: 1.0ms preprocess, 29.8ms inference, 0.3ms postprocess
2025-03-23 20:22:16,464 - INFO - Speed: 0.9ms preprocess, 29.5ms inference, 0.3ms postprocess
2025-03-23 20:22:16,517 - INFO - Speed: 1.0ms preprocess, 30.1ms inference, 0.3ms postprocess
2025-03-23 20:22:16,570 - INFO - Speed: 1.0ms preprocess, 30.1ms inference, 0.3ms postprocess
2025-03-23 20:22:16,622 - INFO - Speed: 1.0ms preprocess, 28.7ms inference, 0.5ms postprocess
2025-03-23 20:22:16,674 - INFO - Speed: 1.0ms preprocess, 28.7ms inference, 0.3ms postprocess
2025-03-23 20:22:16,728 - INFO - Speed: 1.0ms preprocess, 29.8ms inference, 0.3ms postprocess
2025-03-23 20:22:16,803 - INFO - Speed: 1.0ms preprocess, 52.3ms inference, 0.3ms postprocess
2025-03-23 20:22:16,855 - INFO - Speed: 1.0ms preprocess, 28.0ms inference, 0.3ms postprocess
2025-03-23 20:22:16,908 - INFO - Speed: 0.9ms preprocess, 29.6ms inference, 0.3ms postprocess
2025-03-23 20:22:16,959 - INFO - Speed: 0.9ms preprocess, 28.7ms inference, 0.3ms postprocess
2025-03-23 20:22:17,012 - INFO - Speed: 1.0ms preprocess, 28.4ms inference, 0.3ms postprocess
2025-03-23 20:22:17,064 - INFO - Speed: 0.9ms preprocess, 29.1ms inference, 0.4ms postprocess
2025-03-23 20:22:17,116 - INFO - Speed: 0.9ms preprocess, 29.2ms inference, 0.3ms postprocess
2025-03-23 20:22:17,168 - INFO - Speed: 0.9ms preprocess, 28.9ms inference, 0.3ms postprocess
2025-03-23 20:22:17,221 - INFO - Speed: 1.0ms preprocess, 28.1ms inference, 0.3ms postprocess
2025-03-23 20:22:17,272 - INFO - Speed: 0.9ms preprocess, 28.1ms inference, 0.3ms postprocess
2025-03-23 20:22:17,323 - INFO - Speed: 0.9ms preprocess, 27.9ms inference, 0.3ms postprocess
2025-03-23 20:22:17,374 - INFO - Speed: 1.0ms preprocess, 27.9ms inference, 0.3ms postprocess
2025-03-23 20:22:17,425 - INFO - Speed: 0.9ms preprocess, 28.1ms inference, 0.3ms postprocess
2025-03-23 20:22:17,476 - INFO - Speed: 0.9ms preprocess, 29.0ms inference, 0.5ms postprocess
2025-03-23 20:22:17,527 - INFO - Speed: 0.9ms preprocess, 26.9ms inference, 0.3ms postprocess
2025-03-23 20:22:17,579 - INFO - Speed: 0.9ms preprocess, 29.0ms inference, 0.3ms postprocess
2025-03-23 20:22:17,630 - INFO - Speed: 0.9ms preprocess, 27.7ms inference, 0.3ms postprocess
2025-03-23 20:22:17,682 - INFO - Speed: 0.9ms preprocess, 28.6ms inference, 0.4ms postprocess
2025-03-23 20:22:17,734 - INFO - Speed: 0.9ms preprocess, 28.8ms inference, 0.3ms postprocess
2025-03-23 20:22:17,785 - INFO - Speed: 1.0ms preprocess, 28.1ms inference, 0.4ms postprocess
2025-03-23 20:22:17,836 - INFO - Speed: 1.0ms preprocess, 28.5ms inference, 0.3ms postprocess
2025-03-23 20:22:17,888 - INFO - Speed: 0.9ms preprocess, 29.3ms inference, 0.3ms postprocess
2025-03-23 20:22:17,941 - INFO - Speed: 1.0ms preprocess, 29.5ms inference, 0.3ms postprocess
2025-03-23 20:22:17,994 - INFO - Speed: 1.0ms preprocess, 29.1ms inference, 0.3ms postprocess
2025-03-23 20:22:18,045 - INFO - Speed: 0.9ms preprocess, 28.0ms inference, 0.4ms postprocess
2025-03-23 20:22:18,097 - INFO - Speed: 0.9ms preprocess, 29.0ms inference, 0.3ms postprocess
2025-03-23 20:22:18,148 - INFO - Speed: 0.9ms preprocess, 28.2ms inference, 0.3ms postprocess
2025-03-23 20:22:18,200 - INFO - Speed: 0.9ms preprocess, 29.0ms inference, 0.4ms postprocess
2025-03-23 20:22:18,250 - INFO - Speed: 1.0ms preprocess, 27.1ms inference, 0.4ms postprocess
2025-03-23 20:22:18,300 - INFO - Speed: 1.0ms preprocess, 28.0ms inference, 0.3ms postprocess
2025-03-23 20:22:18,352 - INFO - Speed: 0.9ms preprocess, 27.9ms inference, 0.3ms postprocess
2025-03-23 20:22:18,403 - INFO - Speed: 0.9ms preprocess, 29.1ms inference, 0.3ms postprocess
2025-03-23 20:22:18,454 - INFO - Speed: 0.9ms preprocess, 27.9ms inference, 0.3ms postprocess
2025-03-23 20:22:18,507 - INFO - Speed: 0.9ms preprocess, 30.0ms inference, 0.3ms postprocess
2025-03-23 20:22:18,559 - INFO - Speed: 1.0ms preprocess, 29.3ms inference, 0.3ms postprocess
2025-03-23 20:22:18,611 - INFO - Speed: 0.9ms preprocess, 29.3ms inference, 0.3ms postprocess
2025-03-23 20:22:18,663 - INFO - Speed: 0.9ms preprocess, 29.3ms inference, 0.3ms postprocess
2025-03-23 20:22:18,716 - INFO - Speed: 1.0ms preprocess, 29.1ms inference, 0.3ms postprocess
2025-03-23 20:22:18,769 - INFO - Speed: 1.0ms preprocess, 28.9ms inference, 0.3ms postprocess
2025-03-23 20:22:18,823 - INFO - Speed: 1.0ms preprocess, 29.6ms inference, 0.3ms postprocess
2025-03-23 20:22:18,874 - INFO - Speed: 0.9ms preprocess, 28.7ms inference, 0.3ms postprocess
2025-03-23 20:22:18,927 - INFO - Speed: 1.0ms preprocess, 29.7ms inference, 0.3ms postprocess
2025-03-23 20:22:18,981 - INFO - Speed: 1.0ms preprocess, 29.3ms inference, 0.3ms postprocess
2025-03-23 20:22:19,034 - INFO - Speed: 1.0ms preprocess, 30.0ms inference, 0.3ms postprocess
2025-03-23 20:22:19,086 - INFO - Speed: 1.0ms preprocess, 29.0ms inference, 0.3ms postprocess
2025-03-23 20:22:19,138 - INFO - Speed: 0.9ms preprocess, 29.7ms inference, 0.3ms postprocess
2025-03-23 20:22:19,191 - INFO - Speed: 1.0ms preprocess, 28.9ms inference, 0.4ms postprocess
2025-03-23 20:22:19,243 - INFO - Speed: 0.9ms preprocess, 28.9ms inference, 0.3ms postprocess
2025-03-23 20:22:19,294 - INFO - Speed: 0.9ms preprocess, 29.9ms inference, 0.3ms postprocess
2025-03-23 20:22:19,347 - INFO - Speed: 0.9ms preprocess, 30.3ms inference, 0.3ms postprocess
2025-03-23 20:22:19,399 - INFO - Speed: 0.9ms preprocess, 28.1ms inference, 0.3ms postprocess
2025-03-23 20:22:19,452 - INFO - Speed: 0.9ms preprocess, 29.7ms inference, 0.4ms postprocess
2025-03-23 20:22:19,503 - INFO - Speed: 1.0ms preprocess, 28.7ms inference, 0.3ms postprocess
2025-03-23 20:22:19,556 - INFO - Speed: 1.0ms preprocess, 29.4ms inference, 0.4ms postprocess
2025-03-23 20:22:19,609 - INFO - Speed: 1.0ms preprocess, 29.9ms inference, 0.4ms postprocess
2025-03-23 20:22:19,661 - INFO - Speed: 0.9ms preprocess, 29.4ms inference, 0.4ms postprocess
2025-03-23 20:22:19,713 - INFO - Speed: 0.9ms preprocess, 29.3ms inference, 0.4ms postprocess
2025-03-23 20:22:19,764 - INFO - Speed: 0.9ms preprocess, 29.0ms inference, 0.3ms postprocess
2025-03-23 20:22:19,816 - INFO - Speed: 0.9ms preprocess, 28.4ms inference, 0.3ms postprocess
2025-03-23 20:22:19,868 - INFO - Speed: 1.0ms preprocess, 29.7ms inference, 0.3ms postprocess
2025-03-23 20:22:19,886 - INFO - Processed 300/648 frames
2025-03-23 20:22:19,920 - INFO - Speed: 1.0ms preprocess, 30.0ms inference, 0.3ms postprocess
2025-03-23 20:22:19,972 - INFO - Speed: 1.0ms preprocess, 29.2ms inference, 0.3ms postprocess
2025-03-23 20:22:20,025 - INFO - Speed: 0.9ms preprocess, 29.5ms inference, 0.3ms postprocess
2025-03-23 20:22:20,078 - INFO - Speed: 1.0ms preprocess, 29.0ms inference, 0.3ms postprocess
2025-03-23 20:22:20,131 - INFO - Speed: 1.0ms preprocess, 29.3ms inference, 0.3ms postprocess
2025-03-23 20:22:20,182 - INFO - Speed: 1.0ms preprocess, 28.5ms inference, 0.5ms postprocess
2025-03-23 20:22:20,233 - INFO - Speed: 0.9ms preprocess, 28.7ms inference, 0.3ms postprocess
2025-03-23 20:22:20,285 - INFO - Speed: 1.0ms preprocess, 29.4ms inference, 0.3ms postprocess
2025-03-23 20:22:20,336 - INFO - Speed: 0.9ms preprocess, 27.8ms inference, 0.3ms postprocess
2025-03-23 20:22:20,386 - INFO - Speed: 1.0ms preprocess, 27.9ms inference, 0.3ms postprocess
2025-03-23 20:22:20,437 - INFO - Speed: 1.0ms preprocess, 28.5ms inference, 0.3ms postprocess
2025-03-23 20:22:20,488 - INFO - Speed: 0.9ms preprocess, 27.6ms inference, 0.3ms postprocess
2025-03-23 20:22:20,539 - INFO - Speed: 0.9ms preprocess, 28.7ms inference, 0.3ms postprocess
2025-03-23 20:22:20,594 - INFO - Speed: 1.1ms preprocess, 31.5ms inference, 0.3ms postprocess
2025-03-23 20:22:20,646 - INFO - Speed: 0.9ms preprocess, 28.4ms inference, 0.3ms postprocess
2025-03-23 20:22:20,697 - INFO - Speed: 1.0ms preprocess, 28.4ms inference, 0.3ms postprocess
2025-03-23 20:22:20,747 - INFO - Speed: 0.9ms preprocess, 27.8ms inference, 0.3ms postprocess
2025-03-23 20:22:20,798 - INFO - Speed: 0.9ms preprocess, 28.4ms inference, 0.4ms postprocess
2025-03-23 20:22:20,849 - INFO - Speed: 1.0ms preprocess, 28.5ms inference, 0.3ms postprocess
2025-03-23 20:22:20,900 - INFO - Speed: 0.9ms preprocess, 28.6ms inference, 0.3ms postprocess
2025-03-23 20:22:20,951 - INFO - Speed: 1.0ms preprocess, 28.4ms inference, 0.3ms postprocess
2025-03-23 20:22:21,001 - INFO - Speed: 0.9ms preprocess, 27.7ms inference, 0.4ms postprocess
2025-03-23 20:22:21,051 - INFO - Speed: 1.1ms preprocess, 27.7ms inference, 0.3ms postprocess
2025-03-23 20:22:21,101 - INFO - Speed: 0.9ms preprocess, 27.9ms inference, 0.4ms postprocess
2025-03-23 20:22:21,152 - INFO - Speed: 0.9ms preprocess, 28.5ms inference, 0.3ms postprocess
2025-03-23 20:22:21,204 - INFO - Speed: 1.0ms preprocess, 28.9ms inference, 0.3ms postprocess
2025-03-23 20:22:21,256 - INFO - Speed: 0.9ms preprocess, 27.8ms inference, 0.3ms postprocess
2025-03-23 20:22:21,305 - INFO - Speed: 0.9ms preprocess, 27.0ms inference, 0.3ms postprocess
2025-03-23 20:22:21,357 - INFO - Speed: 0.9ms preprocess, 29.4ms inference, 0.3ms postprocess
2025-03-23 20:22:21,408 - INFO - Speed: 0.9ms preprocess, 28.8ms inference, 0.3ms postprocess
2025-03-23 20:22:21,486 - INFO - Speed: 0.9ms preprocess, 55.7ms inference, 0.3ms postprocess
2025-03-23 20:22:21,537 - INFO - Speed: 0.9ms preprocess, 28.6ms inference, 0.3ms postprocess
2025-03-23 20:22:21,587 - INFO - Speed: 1.0ms preprocess, 28.1ms inference, 0.3ms postprocess
2025-03-23 20:22:21,638 - INFO - Speed: 1.0ms preprocess, 28.0ms inference, 0.3ms postprocess
2025-03-23 20:22:21,688 - INFO - Speed: 0.9ms preprocess, 28.2ms inference, 0.3ms postprocess
2025-03-23 20:22:21,738 - INFO - Speed: 0.9ms preprocess, 27.7ms inference, 0.3ms postprocess
2025-03-23 20:22:21,789 - INFO - Speed: 0.9ms preprocess, 29.0ms inference, 0.4ms postprocess
2025-03-23 20:22:21,840 - INFO - Speed: 0.9ms preprocess, 28.5ms inference, 0.4ms postprocess
2025-03-23 20:22:21,891 - INFO - Speed: 0.9ms preprocess, 28.2ms inference, 0.3ms postprocess
2025-03-23 20:22:21,953 - INFO - Speed: 1.2ms preprocess, 38.1ms inference, 0.5ms postprocess
2025-03-23 20:22:22,003 - INFO - Speed: 1.0ms preprocess, 27.6ms inference, 0.3ms postprocess
2025-03-23 20:22:22,054 - INFO - Speed: 1.0ms preprocess, 28.3ms inference, 0.3ms postprocess
2025-03-23 20:22:22,108 - INFO - Speed: 1.0ms preprocess, 30.5ms inference, 0.3ms postprocess
2025-03-23 20:22:22,160 - INFO - Speed: 1.0ms preprocess, 29.9ms inference, 0.3ms postprocess
2025-03-23 20:22:22,212 - INFO - Speed: 0.9ms preprocess, 30.0ms inference, 0.3ms postprocess
2025-03-23 20:22:22,264 - INFO - Speed: 1.0ms preprocess, 29.4ms inference, 0.3ms postprocess
2025-03-23 20:22:22,316 - INFO - Speed: 0.9ms preprocess, 30.6ms inference, 0.3ms postprocess
2025-03-23 20:22:22,368 - INFO - Speed: 0.9ms preprocess, 29.5ms inference, 0.3ms postprocess
2025-03-23 20:22:22,421 - INFO - Speed: 1.0ms preprocess, 29.3ms inference, 0.3ms postprocess
2025-03-23 20:22:22,475 - INFO - Speed: 1.1ms preprocess, 31.8ms inference, 0.3ms postprocess
2025-03-23 20:22:22,528 - INFO - Speed: 1.0ms preprocess, 29.9ms inference, 0.3ms postprocess
2025-03-23 20:22:22,579 - INFO - Speed: 1.1ms preprocess, 28.4ms inference, 0.3ms postprocess
2025-03-23 20:22:22,631 - INFO - Speed: 1.0ms preprocess, 29.0ms inference, 0.3ms postprocess
2025-03-23 20:22:22,681 - INFO - Speed: 0.9ms preprocess, 28.1ms inference, 0.3ms postprocess
2025-03-23 20:22:22,733 - INFO - Speed: 1.0ms preprocess, 29.2ms inference, 0.3ms postprocess
2025-03-23 20:22:22,785 - INFO - Speed: 1.0ms preprocess, 29.2ms inference, 0.5ms postprocess
2025-03-23 20:22:22,837 - INFO - Speed: 0.9ms preprocess, 29.5ms inference, 0.3ms postprocess
2025-03-23 20:22:22,912 - INFO - Speed: 2.1ms preprocess, 48.0ms inference, 0.3ms postprocess
2025-03-23 20:22:22,964 - INFO - Speed: 1.0ms preprocess, 30.0ms inference, 0.3ms postprocess
2025-03-23 20:22:23,017 - INFO - Speed: 0.9ms preprocess, 29.4ms inference, 0.3ms postprocess
2025-03-23 20:22:23,070 - INFO - Speed: 1.0ms preprocess, 29.8ms inference, 0.3ms postprocess
2025-03-23 20:22:23,123 - INFO - Speed: 1.0ms preprocess, 30.3ms inference, 0.4ms postprocess
2025-03-23 20:22:23,175 - INFO - Speed: 1.0ms preprocess, 28.6ms inference, 0.3ms postprocess
2025-03-23 20:22:23,227 - INFO - Speed: 1.0ms preprocess, 29.6ms inference, 0.3ms postprocess
2025-03-23 20:22:23,281 - INFO - Speed: 0.9ms preprocess, 30.0ms inference, 0.3ms postprocess
2025-03-23 20:22:23,334 - INFO - Speed: 0.9ms preprocess, 28.4ms inference, 0.4ms postprocess
2025-03-23 20:22:23,385 - INFO - Speed: 0.9ms preprocess, 29.1ms inference, 0.3ms postprocess
2025-03-23 20:22:23,436 - INFO - Speed: 0.9ms preprocess, 28.1ms inference, 0.4ms postprocess
2025-03-23 20:22:23,488 - INFO - Speed: 1.0ms preprocess, 29.2ms inference, 0.3ms postprocess
2025-03-23 20:22:23,540 - INFO - Speed: 1.0ms preprocess, 29.3ms inference, 0.3ms postprocess
2025-03-23 20:22:23,592 - INFO - Speed: 0.9ms preprocess, 29.9ms inference, 0.3ms postprocess
2025-03-23 20:22:23,644 - INFO - Speed: 1.0ms preprocess, 29.6ms inference, 0.3ms postprocess
2025-03-23 20:22:23,696 - INFO - Speed: 1.0ms preprocess, 29.2ms inference, 0.3ms postprocess
2025-03-23 20:22:23,748 - INFO - Speed: 1.0ms preprocess, 29.1ms inference, 0.3ms postprocess
2025-03-23 20:22:23,798 - INFO - Speed: 0.9ms preprocess, 27.0ms inference, 0.3ms postprocess
2025-03-23 20:22:23,849 - INFO - Speed: 1.0ms preprocess, 27.9ms inference, 0.3ms postprocess
2025-03-23 20:22:23,906 - INFO - Speed: 1.7ms preprocess, 34.3ms inference, 0.3ms postprocess
2025-03-23 20:22:23,960 - INFO - Speed: 1.0ms preprocess, 30.6ms inference, 0.3ms postprocess
2025-03-23 20:22:24,012 - INFO - Speed: 0.9ms preprocess, 29.6ms inference, 0.3ms postprocess
2025-03-23 20:22:24,063 - INFO - Speed: 0.9ms preprocess, 28.4ms inference, 0.3ms postprocess
2025-03-23 20:22:24,113 - INFO - Speed: 1.0ms preprocess, 28.2ms inference, 0.3ms postprocess
2025-03-23 20:22:24,165 - INFO - Speed: 0.9ms preprocess, 29.1ms inference, 0.3ms postprocess
2025-03-23 20:22:24,216 - INFO - Speed: 0.9ms preprocess, 28.2ms inference, 0.3ms postprocess
2025-03-23 20:22:24,266 - INFO - Speed: 1.0ms preprocess, 28.5ms inference, 0.3ms postprocess
2025-03-23 20:22:24,318 - INFO - Speed: 1.0ms preprocess, 28.4ms inference, 0.3ms postprocess
2025-03-23 20:22:24,369 - INFO - Speed: 1.0ms preprocess, 28.0ms inference, 0.3ms postprocess
2025-03-23 20:22:24,420 - INFO - Speed: 1.0ms preprocess, 28.5ms inference, 0.3ms postprocess
2025-03-23 20:22:24,472 - INFO - Speed: 0.9ms preprocess, 29.1ms inference, 0.4ms postprocess
2025-03-23 20:22:24,524 - INFO - Speed: 0.9ms preprocess, 29.0ms inference, 0.5ms postprocess
2025-03-23 20:22:24,578 - INFO - Speed: 0.8ms preprocess, 32.7ms inference, 0.3ms postprocess
2025-03-23 20:22:24,628 - INFO - Speed: 1.0ms preprocess, 27.7ms inference, 0.3ms postprocess
2025-03-23 20:22:24,681 - INFO - Speed: 0.9ms preprocess, 29.3ms inference, 0.3ms postprocess
2025-03-23 20:22:24,732 - INFO - Speed: 0.9ms preprocess, 28.9ms inference, 0.3ms postprocess
2025-03-23 20:22:24,782 - INFO - Speed: 0.9ms preprocess, 28.8ms inference, 0.3ms postprocess
2025-03-23 20:22:24,834 - INFO - Speed: 0.9ms preprocess, 28.8ms inference, 0.5ms postprocess
2025-03-23 20:22:24,885 - INFO - Speed: 1.0ms preprocess, 28.8ms inference, 0.3ms postprocess
2025-03-23 20:22:24,936 - INFO - Speed: 1.0ms preprocess, 29.3ms inference, 0.3ms postprocess
2025-03-23 20:22:24,988 - INFO - Speed: 0.9ms preprocess, 29.0ms inference, 0.3ms postprocess
2025-03-23 20:22:25,041 - INFO - Speed: 1.0ms preprocess, 28.9ms inference, 0.4ms postprocess
2025-03-23 20:22:25,092 - INFO - Speed: 1.0ms preprocess, 28.4ms inference, 0.3ms postprocess
2025-03-23 20:22:25,109 - INFO - Processed 400/648 frames
2025-03-23 20:22:25,142 - INFO - Speed: 1.0ms preprocess, 27.5ms inference, 0.3ms postprocess
2025-03-23 20:22:25,191 - INFO - Speed: 0.9ms preprocess, 28.0ms inference, 0.3ms postprocess
2025-03-23 20:22:25,241 - INFO - Speed: 1.0ms preprocess, 27.7ms inference, 0.3ms postprocess
2025-03-23 20:22:25,290 - INFO - Speed: 0.9ms preprocess, 27.3ms inference, 0.3ms postprocess
2025-03-23 20:22:25,361 - INFO - Speed: 1.0ms preprocess, 30.0ms inference, 0.3ms postprocess
2025-03-23 20:22:25,411 - INFO - Speed: 0.9ms preprocess, 28.1ms inference, 0.3ms postprocess
2025-03-23 20:22:25,462 - INFO - Speed: 0.9ms preprocess, 29.2ms inference, 0.3ms postprocess
2025-03-23 20:22:25,513 - INFO - Speed: 0.8ms preprocess, 28.4ms inference, 0.3ms postprocess
2025-03-23 20:22:25,565 - INFO - Speed: 1.0ms preprocess, 29.5ms inference, 0.3ms postprocess
2025-03-23 20:22:25,617 - INFO - Speed: 1.0ms preprocess, 30.0ms inference, 0.3ms postprocess
2025-03-23 20:22:25,671 - INFO - Speed: 1.0ms preprocess, 29.9ms inference, 0.3ms postprocess
2025-03-23 20:22:25,724 - INFO - Speed: 0.9ms preprocess, 30.2ms inference, 0.3ms postprocess
2025-03-23 20:22:25,775 - INFO - Speed: 0.9ms preprocess, 29.0ms inference, 0.3ms postprocess
2025-03-23 20:22:25,827 - INFO - Speed: 1.0ms preprocess, 29.5ms inference, 0.3ms postprocess
2025-03-23 20:22:25,879 - INFO - Speed: 0.9ms preprocess, 29.0ms inference, 0.3ms postprocess
2025-03-23 20:22:25,930 - INFO - Speed: 0.9ms preprocess, 29.1ms inference, 0.3ms postprocess
2025-03-23 20:22:25,983 - INFO - Speed: 1.0ms preprocess, 29.4ms inference, 0.4ms postprocess
2025-03-23 20:22:26,035 - INFO - Speed: 1.1ms preprocess, 29.2ms inference, 0.5ms postprocess
2025-03-23 20:22:26,088 - INFO - Speed: 1.0ms preprocess, 29.9ms inference, 0.3ms postprocess
2025-03-23 20:22:26,139 - INFO - Speed: 0.9ms preprocess, 29.3ms inference, 0.4ms postprocess
2025-03-23 20:22:26,191 - INFO - Speed: 1.0ms preprocess, 29.2ms inference, 0.3ms postprocess
2025-03-23 20:22:26,244 - INFO - Speed: 1.0ms preprocess, 29.7ms inference, 0.4ms postprocess
2025-03-23 20:22:26,297 - INFO - Speed: 1.0ms preprocess, 29.5ms inference, 0.3ms postprocess
2025-03-23 20:22:26,350 - INFO - Speed: 1.0ms preprocess, 30.8ms inference, 0.3ms postprocess
2025-03-23 20:22:26,403 - INFO - Speed: 0.9ms preprocess, 29.7ms inference, 0.4ms postprocess
2025-03-23 20:22:26,453 - INFO - Speed: 0.9ms preprocess, 27.9ms inference, 0.3ms postprocess
2025-03-23 20:22:26,506 - INFO - Speed: 1.0ms preprocess, 29.7ms inference, 0.3ms postprocess
2025-03-23 20:22:26,558 - INFO - Speed: 1.0ms preprocess, 30.1ms inference, 0.4ms postprocess
2025-03-23 20:22:26,608 - INFO - Speed: 1.0ms preprocess, 28.1ms inference, 0.3ms postprocess
2025-03-23 20:22:26,662 - INFO - Speed: 0.9ms preprocess, 31.4ms inference, 0.3ms postprocess
2025-03-23 20:22:26,714 - INFO - Speed: 1.0ms preprocess, 29.0ms inference, 0.3ms postprocess
2025-03-23 20:22:26,765 - INFO - Speed: 1.0ms preprocess, 28.5ms inference, 0.4ms postprocess
2025-03-23 20:22:26,816 - INFO - Speed: 1.0ms preprocess, 28.8ms inference, 0.3ms postprocess
2025-03-23 20:22:26,869 - INFO - Speed: 1.2ms preprocess, 29.9ms inference, 0.3ms postprocess
2025-03-23 20:22:26,921 - INFO - Speed: 1.0ms preprocess, 29.1ms inference, 0.3ms postprocess
2025-03-23 20:22:26,975 - INFO - Speed: 1.0ms preprocess, 30.0ms inference, 0.3ms postprocess
2025-03-23 20:22:27,026 - INFO - Speed: 0.9ms preprocess, 29.9ms inference, 0.3ms postprocess
2025-03-23 20:22:27,079 - INFO - Speed: 1.0ms preprocess, 29.8ms inference, 0.5ms postprocess
2025-03-23 20:22:27,131 - INFO - Speed: 1.0ms preprocess, 28.8ms inference, 0.3ms postprocess
2025-03-23 20:22:27,183 - INFO - Speed: 0.9ms preprocess, 29.4ms inference, 0.3ms postprocess
2025-03-23 20:22:27,234 - INFO - Speed: 0.9ms preprocess, 28.7ms inference, 0.4ms postprocess
2025-03-23 20:22:27,286 - INFO - Speed: 1.1ms preprocess, 29.3ms inference, 0.3ms postprocess
2025-03-23 20:22:27,366 - INFO - Speed: 1.0ms preprocess, 56.5ms inference, 0.4ms postprocess
2025-03-23 20:22:27,419 - INFO - Speed: 1.0ms preprocess, 29.9ms inference, 0.3ms postprocess
2025-03-23 20:22:27,472 - INFO - Speed: 1.0ms preprocess, 30.4ms inference, 0.3ms postprocess
2025-03-23 20:22:27,523 - INFO - Speed: 1.0ms preprocess, 28.5ms inference, 0.3ms postprocess
2025-03-23 20:22:27,574 - INFO - Speed: 0.9ms preprocess, 27.7ms inference, 0.3ms postprocess
2025-03-23 20:22:27,625 - INFO - Speed: 0.9ms preprocess, 29.4ms inference, 0.3ms postprocess
2025-03-23 20:22:27,676 - INFO - Speed: 1.0ms preprocess, 28.0ms inference, 0.3ms postprocess
2025-03-23 20:22:27,728 - INFO - Speed: 1.0ms preprocess, 29.3ms inference, 0.3ms postprocess
2025-03-23 20:22:27,777 - INFO - Speed: 1.0ms preprocess, 27.4ms inference, 0.4ms postprocess
2025-03-23 20:22:27,828 - INFO - Speed: 1.0ms preprocess, 28.1ms inference, 0.3ms postprocess
2025-03-23 20:22:27,878 - INFO - Speed: 1.0ms preprocess, 28.0ms inference, 0.3ms postprocess
2025-03-23 20:22:27,929 - INFO - Speed: 0.9ms preprocess, 28.7ms inference, 0.3ms postprocess
2025-03-23 20:22:27,982 - INFO - Speed: 0.9ms preprocess, 30.4ms inference, 0.3ms postprocess
2025-03-23 20:22:28,037 - INFO - Speed: 0.9ms preprocess, 32.8ms inference, 0.3ms postprocess
2025-03-23 20:22:28,088 - INFO - Speed: 1.0ms preprocess, 28.6ms inference, 0.3ms postprocess
2025-03-23 20:22:28,141 - INFO - Speed: 1.0ms preprocess, 30.2ms inference, 0.3ms postprocess
2025-03-23 20:22:28,193 - INFO - Speed: 0.9ms preprocess, 29.5ms inference, 0.3ms postprocess
2025-03-23 20:22:28,245 - INFO - Speed: 0.9ms preprocess, 29.2ms inference, 0.3ms postprocess
2025-03-23 20:22:28,295 - INFO - Speed: 1.0ms preprocess, 28.0ms inference, 0.4ms postprocess
2025-03-23 20:22:28,347 - INFO - Speed: 0.9ms preprocess, 29.2ms inference, 0.3ms postprocess
2025-03-23 20:22:28,398 - INFO - Speed: 0.9ms preprocess, 28.9ms inference, 0.3ms postprocess
2025-03-23 20:22:28,448 - INFO - Speed: 0.9ms preprocess, 28.8ms inference, 0.4ms postprocess
2025-03-23 20:22:28,499 - INFO - Speed: 0.9ms preprocess, 28.3ms inference, 0.3ms postprocess
2025-03-23 20:22:28,549 - INFO - Speed: 1.0ms preprocess, 27.7ms inference, 0.5ms postprocess
2025-03-23 20:22:28,602 - INFO - Speed: 1.0ms preprocess, 30.3ms inference, 0.3ms postprocess
2025-03-23 20:22:28,656 - INFO - Speed: 0.9ms preprocess, 31.9ms inference, 0.3ms postprocess
2025-03-23 20:22:28,707 - INFO - Speed: 1.0ms preprocess, 28.4ms inference, 0.3ms postprocess
2025-03-23 20:22:28,757 - INFO - Speed: 1.0ms preprocess, 27.6ms inference, 0.3ms postprocess
2025-03-23 20:22:28,810 - INFO - Speed: 0.9ms preprocess, 30.0ms inference, 0.4ms postprocess
2025-03-23 20:22:28,861 - INFO - Speed: 0.9ms preprocess, 28.9ms inference, 0.4ms postprocess
2025-03-23 20:22:28,911 - INFO - Speed: 1.0ms preprocess, 28.8ms inference, 0.3ms postprocess
2025-03-23 20:22:28,962 - INFO - Speed: 0.9ms preprocess, 28.6ms inference, 0.3ms postprocess
2025-03-23 20:22:29,012 - INFO - Speed: 1.0ms preprocess, 28.2ms inference, 0.3ms postprocess
2025-03-23 20:22:29,066 - INFO - Speed: 1.0ms preprocess, 30.7ms inference, 0.3ms postprocess
2025-03-23 20:22:29,117 - INFO - Speed: 1.0ms preprocess, 29.0ms inference, 0.3ms postprocess
2025-03-23 20:22:29,169 - INFO - Speed: 0.9ms preprocess, 29.2ms inference, 0.3ms postprocess
2025-03-23 20:22:29,220 - INFO - Speed: 1.0ms preprocess, 29.1ms inference, 0.3ms postprocess
2025-03-23 20:22:29,272 - INFO - Speed: 1.0ms preprocess, 28.6ms inference, 0.3ms postprocess
2025-03-23 20:22:29,325 - INFO - Speed: 1.0ms preprocess, 30.2ms inference, 0.3ms postprocess
2025-03-23 20:22:29,376 - INFO - Speed: 0.9ms preprocess, 28.9ms inference, 0.3ms postprocess
2025-03-23 20:22:29,430 - INFO - Speed: 0.9ms preprocess, 30.3ms inference, 0.3ms postprocess
2025-03-23 20:22:29,483 - INFO - Speed: 1.0ms preprocess, 29.8ms inference, 0.3ms postprocess
2025-03-23 20:22:29,536 - INFO - Speed: 0.9ms preprocess, 30.0ms inference, 0.3ms postprocess
2025-03-23 20:22:29,588 - INFO - Speed: 0.9ms preprocess, 29.3ms inference, 0.3ms postprocess
2025-03-23 20:22:29,639 - INFO - Speed: 1.0ms preprocess, 28.7ms inference, 0.5ms postprocess
2025-03-23 20:22:29,691 - INFO - Speed: 0.9ms preprocess, 29.3ms inference, 0.3ms postprocess
2025-03-23 20:22:29,743 - INFO - Speed: 1.0ms preprocess, 29.4ms inference, 0.3ms postprocess
2025-03-23 20:22:29,794 - INFO - Speed: 1.0ms preprocess, 29.7ms inference, 0.4ms postprocess
2025-03-23 20:22:29,845 - INFO - Speed: 1.0ms preprocess, 28.6ms inference, 0.3ms postprocess
2025-03-23 20:22:29,896 - INFO - Speed: 0.9ms preprocess, 28.8ms inference, 0.3ms postprocess
2025-03-23 20:22:29,948 - INFO - Speed: 1.0ms preprocess, 29.5ms inference, 0.3ms postprocess
2025-03-23 20:22:30,000 - INFO - Speed: 0.9ms preprocess, 29.4ms inference, 0.3ms postprocess
2025-03-23 20:22:30,053 - INFO - Speed: 0.9ms preprocess, 29.4ms inference, 0.3ms postprocess
2025-03-23 20:22:30,105 - INFO - Speed: 1.0ms preprocess, 29.6ms inference, 0.4ms postprocess
2025-03-23 20:22:30,158 - INFO - Speed: 1.0ms preprocess, 30.4ms inference, 0.3ms postprocess
2025-03-23 20:22:30,211 - INFO - Speed: 1.0ms preprocess, 30.4ms inference, 0.3ms postprocess
2025-03-23 20:22:30,262 - INFO - Speed: 1.0ms preprocess, 28.1ms inference, 0.3ms postprocess
2025-03-23 20:22:30,314 - INFO - Speed: 0.9ms preprocess, 29.2ms inference, 0.3ms postprocess
2025-03-23 20:22:30,331 - INFO - Processed 500/648 frames
2025-03-23 20:22:30,366 - INFO - Speed: 1.0ms preprocess, 29.6ms inference, 0.3ms postprocess
2025-03-23 20:22:30,418 - INFO - Speed: 0.9ms preprocess, 29.3ms inference, 0.3ms postprocess
2025-03-23 20:22:30,470 - INFO - Speed: 1.0ms preprocess, 29.4ms inference, 0.3ms postprocess
2025-03-23 20:22:30,521 - INFO - Speed: 1.0ms preprocess, 29.2ms inference, 0.3ms postprocess
2025-03-23 20:22:30,575 - INFO - Speed: 1.0ms preprocess, 29.8ms inference, 0.3ms postprocess
2025-03-23 20:22:30,628 - INFO - Speed: 0.9ms preprocess, 30.1ms inference, 0.3ms postprocess
2025-03-23 20:22:30,682 - INFO - Speed: 1.0ms preprocess, 29.8ms inference, 0.3ms postprocess
2025-03-23 20:22:30,733 - INFO - Speed: 0.9ms preprocess, 28.3ms inference, 0.3ms postprocess
2025-03-23 20:22:30,786 - INFO - Speed: 1.0ms preprocess, 30.2ms inference, 0.3ms postprocess
2025-03-23 20:22:30,838 - INFO - Speed: 0.9ms preprocess, 28.6ms inference, 0.4ms postprocess
2025-03-23 20:22:30,888 - INFO - Speed: 1.0ms preprocess, 27.3ms inference, 0.3ms postprocess
2025-03-23 20:22:30,939 - INFO - Speed: 0.9ms preprocess, 28.5ms inference, 0.3ms postprocess
2025-03-23 20:22:30,991 - INFO - Speed: 0.9ms preprocess, 29.1ms inference, 0.3ms postprocess
2025-03-23 20:22:31,043 - INFO - Speed: 0.9ms preprocess, 29.2ms inference, 0.3ms postprocess
2025-03-23 20:22:31,096 - INFO - Speed: 1.0ms preprocess, 29.4ms inference, 0.3ms postprocess
2025-03-23 20:22:31,148 - INFO - Speed: 1.3ms preprocess, 28.3ms inference, 0.3ms postprocess
2025-03-23 20:22:31,199 - INFO - Speed: 1.0ms preprocess, 28.4ms inference, 0.3ms postprocess
2025-03-23 20:22:31,249 - INFO - Speed: 1.0ms preprocess, 27.6ms inference, 0.3ms postprocess
2025-03-23 20:22:31,301 - INFO - Speed: 1.0ms preprocess, 28.0ms inference, 0.3ms postprocess
2025-03-23 20:22:31,353 - INFO - Speed: 1.0ms preprocess, 28.4ms inference, 0.5ms postprocess
2025-03-23 20:22:31,403 - INFO - Speed: 1.0ms preprocess, 27.4ms inference, 0.3ms postprocess
2025-03-23 20:22:31,456 - INFO - Speed: 1.0ms preprocess, 29.2ms inference, 0.3ms postprocess
2025-03-23 20:22:31,508 - INFO - Speed: 0.9ms preprocess, 30.0ms inference, 0.3ms postprocess
2025-03-23 20:22:31,560 - INFO - Speed: 0.9ms preprocess, 29.1ms inference, 0.3ms postprocess
2025-03-23 20:22:31,610 - INFO - Speed: 1.0ms preprocess, 28.3ms inference, 0.3ms postprocess
2025-03-23 20:22:31,662 - INFO - Speed: 0.9ms preprocess, 28.8ms inference, 0.3ms postprocess
2025-03-23 20:22:31,712 - INFO - Speed: 1.0ms preprocess, 28.1ms inference, 0.3ms postprocess
2025-03-23 20:22:31,785 - INFO - Speed: 0.9ms preprocess, 49.1ms inference, 0.5ms postprocess
2025-03-23 20:22:31,835 - INFO - Speed: 0.9ms preprocess, 27.5ms inference, 0.3ms postprocess
2025-03-23 20:22:31,885 - INFO - Speed: 1.0ms preprocess, 27.8ms inference, 0.4ms postprocess
2025-03-23 20:22:31,938 - INFO - Speed: 0.9ms preprocess, 29.3ms inference, 0.3ms postprocess
2025-03-23 20:22:31,990 - INFO - Speed: 1.0ms preprocess, 29.3ms inference, 0.3ms postprocess
2025-03-23 20:22:32,041 - INFO - Speed: 0.9ms preprocess, 28.9ms inference, 0.3ms postprocess
2025-03-23 20:22:32,091 - INFO - Speed: 0.9ms preprocess, 28.5ms inference, 0.3ms postprocess
2025-03-23 20:22:32,143 - INFO - Speed: 1.0ms preprocess, 29.9ms inference, 0.3ms postprocess
2025-03-23 20:22:32,196 - INFO - Speed: 0.9ms preprocess, 29.6ms inference, 0.3ms postprocess
2025-03-23 20:22:32,246 - INFO - Speed: 0.9ms preprocess, 28.6ms inference, 0.3ms postprocess
2025-03-23 20:22:32,297 - INFO - Speed: 1.0ms preprocess, 28.9ms inference, 0.3ms postprocess
2025-03-23 20:22:32,349 - INFO - Speed: 0.9ms preprocess, 28.9ms inference, 0.5ms postprocess
2025-03-23 20:22:32,403 - INFO - Speed: 0.9ms preprocess, 32.2ms inference, 0.3ms postprocess
2025-03-23 20:22:32,457 - INFO - Speed: 0.9ms preprocess, 31.7ms inference, 0.4ms postprocess
2025-03-23 20:22:32,508 - INFO - Speed: 1.0ms preprocess, 28.4ms inference, 0.3ms postprocess
2025-03-23 20:22:32,561 - INFO - Speed: 0.9ms preprocess, 29.3ms inference, 0.4ms postprocess
2025-03-23 20:22:32,611 - INFO - Speed: 1.0ms preprocess, 28.5ms inference, 0.3ms postprocess
2025-03-23 20:22:32,663 - INFO - Speed: 0.9ms preprocess, 29.8ms inference, 0.5ms postprocess
2025-03-23 20:22:32,715 - INFO - Speed: 1.0ms preprocess, 28.8ms inference, 0.3ms postprocess
2025-03-23 20:22:32,767 - INFO - Speed: 0.9ms preprocess, 29.7ms inference, 0.3ms postprocess
2025-03-23 20:22:32,819 - INFO - Speed: 0.9ms preprocess, 29.9ms inference, 0.3ms postprocess
2025-03-23 20:22:32,870 - INFO - Speed: 1.0ms preprocess, 29.2ms inference, 0.3ms postprocess
2025-03-23 20:22:32,925 - INFO - Speed: 1.0ms preprocess, 31.6ms inference, 0.3ms postprocess
2025-03-23 20:22:32,976 - INFO - Speed: 1.0ms preprocess, 28.2ms inference, 0.4ms postprocess
2025-03-23 20:22:33,027 - INFO - Speed: 1.0ms preprocess, 29.0ms inference, 0.4ms postprocess
2025-03-23 20:22:33,080 - INFO - Speed: 1.0ms preprocess, 29.7ms inference, 0.3ms postprocess
2025-03-23 20:22:33,132 - INFO - Speed: 1.0ms preprocess, 29.3ms inference, 0.3ms postprocess
2025-03-23 20:22:33,186 - INFO - Speed: 1.0ms preprocess, 29.7ms inference, 0.3ms postprocess
2025-03-23 20:22:33,240 - INFO - Speed: 0.9ms preprocess, 29.1ms inference, 0.4ms postprocess
2025-03-23 20:22:33,291 - INFO - Speed: 1.0ms preprocess, 28.8ms inference, 0.3ms postprocess
2025-03-23 20:22:33,344 - INFO - Speed: 0.9ms preprocess, 29.2ms inference, 0.3ms postprocess
2025-03-23 20:22:33,395 - INFO - Speed: 1.0ms preprocess, 28.0ms inference, 0.4ms postprocess
2025-03-23 20:22:33,448 - INFO - Speed: 0.9ms preprocess, 29.8ms inference, 0.3ms postprocess
2025-03-23 20:22:33,500 - INFO - Speed: 1.0ms preprocess, 29.0ms inference, 0.3ms postprocess
2025-03-23 20:22:33,552 - INFO - Speed: 1.1ms preprocess, 28.8ms inference, 0.3ms postprocess
2025-03-23 20:22:33,604 - INFO - Speed: 1.0ms preprocess, 29.5ms inference, 0.3ms postprocess
2025-03-23 20:22:33,657 - INFO - Speed: 0.9ms preprocess, 29.7ms inference, 0.3ms postprocess
2025-03-23 20:22:33,710 - INFO - Speed: 1.0ms preprocess, 30.4ms inference, 0.3ms postprocess
2025-03-23 20:22:33,764 - INFO - Speed: 1.0ms preprocess, 31.0ms inference, 0.3ms postprocess
2025-03-23 20:22:33,822 - INFO - Speed: 1.5ms preprocess, 33.1ms inference, 0.3ms postprocess
2025-03-23 20:22:33,875 - INFO - Speed: 1.0ms preprocess, 29.5ms inference, 0.3ms postprocess
2025-03-23 20:22:33,928 - INFO - Speed: 0.9ms preprocess, 29.4ms inference, 0.5ms postprocess
2025-03-23 20:22:33,981 - INFO - Speed: 1.0ms preprocess, 30.1ms inference, 0.3ms postprocess
2025-03-23 20:22:34,033 - INFO - Speed: 1.0ms preprocess, 29.3ms inference, 0.3ms postprocess
2025-03-23 20:22:34,084 - INFO - Speed: 1.0ms preprocess, 28.4ms inference, 0.3ms postprocess
2025-03-23 20:22:34,136 - INFO - Speed: 1.0ms preprocess, 29.3ms inference, 0.3ms postprocess
2025-03-23 20:22:34,187 - INFO - Speed: 1.0ms preprocess, 28.1ms inference, 0.3ms postprocess
2025-03-23 20:22:34,240 - INFO - Speed: 0.9ms preprocess, 30.1ms inference, 0.5ms postprocess
2025-03-23 20:22:34,291 - INFO - Speed: 1.0ms preprocess, 28.3ms inference, 0.3ms postprocess
2025-03-23 20:22:34,341 - INFO - Speed: 1.0ms preprocess, 27.5ms inference, 0.3ms postprocess
2025-03-23 20:22:34,392 - INFO - Speed: 0.9ms preprocess, 28.9ms inference, 0.3ms postprocess
2025-03-23 20:22:34,444 - INFO - Speed: 0.9ms preprocess, 28.8ms inference, 0.3ms postprocess
2025-03-23 20:22:34,495 - INFO - Speed: 0.9ms preprocess, 28.3ms inference, 0.3ms postprocess
2025-03-23 20:22:34,545 - INFO - Speed: 0.9ms preprocess, 27.3ms inference, 0.3ms postprocess
2025-03-23 20:22:34,596 - INFO - Speed: 0.9ms preprocess, 29.2ms inference, 0.3ms postprocess
2025-03-23 20:22:34,647 - INFO - Speed: 0.9ms preprocess, 28.0ms inference, 0.3ms postprocess
2025-03-23 20:22:34,698 - INFO - Speed: 0.9ms preprocess, 28.7ms inference, 0.4ms postprocess
2025-03-23 20:22:34,749 - INFO - Speed: 0.9ms preprocess, 28.9ms inference, 0.3ms postprocess
2025-03-23 20:22:34,800 - INFO - Speed: 1.0ms preprocess, 28.7ms inference, 0.3ms postprocess
2025-03-23 20:22:34,850 - INFO - Speed: 1.0ms preprocess, 27.4ms inference, 0.3ms postprocess
2025-03-23 20:22:34,903 - INFO - Speed: 0.9ms preprocess, 29.9ms inference, 0.3ms postprocess
2025-03-23 20:22:34,953 - INFO - Speed: 0.9ms preprocess, 27.8ms inference, 0.3ms postprocess
2025-03-23 20:22:35,004 - INFO - Speed: 0.9ms preprocess, 28.7ms inference, 0.3ms postprocess
2025-03-23 20:22:35,057 - INFO - Speed: 0.9ms preprocess, 28.7ms inference, 0.3ms postprocess
2025-03-23 20:22:35,107 - INFO - Speed: 1.0ms preprocess, 27.9ms inference, 0.3ms postprocess
2025-03-23 20:22:35,158 - INFO - Speed: 1.0ms preprocess, 28.3ms inference, 0.3ms postprocess
2025-03-23 20:22:35,209 - INFO - Speed: 0.9ms preprocess, 28.5ms inference, 0.3ms postprocess
2025-03-23 20:22:35,261 - INFO - Speed: 1.0ms preprocess, 29.3ms inference, 0.3ms postprocess
2025-03-23 20:22:35,312 - INFO - Speed: 1.0ms preprocess, 29.0ms inference, 0.3ms postprocess
2025-03-23 20:22:35,363 - INFO - Speed: 0.9ms preprocess, 29.1ms inference, 0.4ms postprocess
2025-03-23 20:22:35,414 - INFO - Speed: 0.9ms preprocess, 28.7ms inference, 0.3ms postprocess
2025-03-23 20:22:35,465 - INFO - Speed: 0.9ms preprocess, 28.1ms inference, 0.4ms postprocess
2025-03-23 20:22:35,515 - INFO - Speed: 0.9ms preprocess, 28.0ms inference, 0.4ms postprocess
2025-03-23 20:22:35,533 - INFO - Processed 600/648 frames
2025-03-23 20:22:35,567 - INFO - Speed: 0.9ms preprocess, 29.4ms inference, 0.3ms postprocess
2025-03-23 20:22:35,618 - INFO - Speed: 1.0ms preprocess, 28.8ms inference, 0.5ms postprocess
2025-03-23 20:22:35,671 - INFO - Speed: 0.9ms preprocess, 29.6ms inference, 0.3ms postprocess
2025-03-23 20:22:35,723 - INFO - Speed: 1.0ms preprocess, 29.1ms inference, 0.3ms postprocess
2025-03-23 20:22:35,773 - INFO - Speed: 0.9ms preprocess, 28.2ms inference, 0.4ms postprocess
2025-03-23 20:22:35,824 - INFO - Speed: 0.9ms preprocess, 28.1ms inference, 0.3ms postprocess
2025-03-23 20:22:35,874 - INFO - Speed: 1.0ms preprocess, 27.9ms inference, 0.4ms postprocess
2025-03-23 20:22:35,924 - INFO - Speed: 0.9ms preprocess, 28.0ms inference, 0.3ms postprocess
2025-03-23 20:22:35,975 - INFO - Speed: 1.0ms preprocess, 28.8ms inference, 0.3ms postprocess
2025-03-23 20:22:36,027 - INFO - Speed: 1.0ms preprocess, 29.4ms inference, 0.4ms postprocess
2025-03-23 20:22:36,078 - INFO - Speed: 1.0ms preprocess, 28.4ms inference, 0.3ms postprocess
2025-03-23 20:22:36,129 - INFO - Speed: 0.9ms preprocess, 29.6ms inference, 0.3ms postprocess
2025-03-23 20:22:36,203 - INFO - Speed: 0.9ms preprocess, 50.9ms inference, 0.4ms postprocess
2025-03-23 20:22:36,255 - INFO - Speed: 1.0ms preprocess, 28.5ms inference, 0.3ms postprocess
2025-03-23 20:22:36,307 - INFO - Speed: 1.0ms preprocess, 28.3ms inference, 0.3ms postprocess
2025-03-23 20:22:36,359 - INFO - Speed: 1.0ms preprocess, 29.6ms inference, 0.3ms postprocess
2025-03-23 20:22:36,410 - INFO - Speed: 0.9ms preprocess, 29.0ms inference, 0.3ms postprocess
2025-03-23 20:22:36,462 - INFO - Speed: 1.0ms preprocess, 29.4ms inference, 0.3ms postprocess
2025-03-23 20:22:36,513 - INFO - Speed: 1.0ms preprocess, 28.8ms inference, 0.3ms postprocess
2025-03-23 20:22:36,570 - INFO - Speed: 0.9ms preprocess, 34.5ms inference, 0.3ms postprocess
2025-03-23 20:22:36,624 - INFO - Speed: 0.9ms preprocess, 31.3ms inference, 0.3ms postprocess
2025-03-23 20:22:36,675 - INFO - Speed: 0.9ms preprocess, 29.3ms inference, 0.3ms postprocess
2025-03-23 20:22:36,726 - INFO - Speed: 1.0ms preprocess, 29.3ms inference, 0.3ms postprocess
2025-03-23 20:22:36,777 - INFO - Speed: 0.9ms preprocess, 29.1ms inference, 0.3ms postprocess
2025-03-23 20:22:36,830 - INFO - Speed: 1.0ms preprocess, 30.3ms inference, 0.3ms postprocess
2025-03-23 20:22:36,878 - INFO - Speed: 1.0ms preprocess, 26.7ms inference, 0.4ms postprocess
2025-03-23 20:22:36,931 - INFO - Speed: 0.9ms preprocess, 29.4ms inference, 0.3ms postprocess
2025-03-23 20:22:36,984 - INFO - Speed: 1.0ms preprocess, 30.4ms inference, 0.3ms postprocess
2025-03-23 20:22:37,036 - INFO - Speed: 1.0ms preprocess, 29.5ms inference, 0.4ms postprocess
2025-03-23 20:22:37,089 - INFO - Speed: 0.9ms preprocess, 30.1ms inference, 0.3ms postprocess
2025-03-23 20:22:37,140 - INFO - Speed: 0.9ms preprocess, 29.3ms inference, 0.3ms postprocess
2025-03-23 20:22:37,192 - INFO - Speed: 0.9ms preprocess, 29.5ms inference, 0.3ms postprocess
2025-03-23 20:22:37,244 - INFO - Speed: 0.9ms preprocess, 29.9ms inference, 0.3ms postprocess
2025-03-23 20:22:37,296 - INFO - Speed: 1.0ms preprocess, 29.4ms inference, 0.3ms postprocess
2025-03-23 20:22:37,347 - INFO - Speed: 0.9ms preprocess, 29.0ms inference, 0.3ms postprocess
2025-03-23 20:22:37,399 - INFO - Speed: 1.0ms preprocess, 29.7ms inference, 0.3ms postprocess
2025-03-23 20:22:37,453 - INFO - Speed: 1.1ms preprocess, 31.4ms inference, 0.3ms postprocess
2025-03-23 20:22:37,504 - INFO - Speed: 0.9ms preprocess, 28.2ms inference, 0.3ms postprocess
2025-03-23 20:22:37,556 - INFO - Speed: 0.9ms preprocess, 28.7ms inference, 0.4ms postprocess
2025-03-23 20:22:37,609 - INFO - Speed: 0.9ms preprocess, 31.0ms inference, 0.3ms postprocess
2025-03-23 20:22:37,661 - INFO - Speed: 1.0ms preprocess, 29.1ms inference, 0.3ms postprocess
2025-03-23 20:22:37,711 - INFO - Speed: 0.9ms preprocess, 28.1ms inference, 0.3ms postprocess
2025-03-23 20:22:37,762 - INFO - Speed: 0.9ms preprocess, 28.8ms inference, 0.3ms postprocess
2025-03-23 20:22:37,814 - INFO - Speed: 1.0ms preprocess, 29.1ms inference, 0.3ms postprocess
2025-03-23 20:22:37,865 - INFO - Speed: 0.9ms preprocess, 28.5ms inference, 0.3ms postprocess
2025-03-23 20:22:37,915 - INFO - Speed: 0.9ms preprocess, 28.2ms inference, 0.3ms postprocess
2025-03-23 20:22:37,965 - INFO - Speed: 0.9ms preprocess, 27.6ms inference, 0.4ms postprocess
2025-03-23 20:22:38,016 - INFO - Speed: 0.9ms preprocess, 28.8ms inference, 0.3ms postprocess
2025-03-23 20:22:38,067 - INFO - Speed: 1.0ms preprocess, 28.8ms inference, 0.3ms postprocess
2025-03-23 20:22:38,088 - INFO - Processing complete, resources released
