2025-03-23 20:20:39,913 - INFO - Model loaded successfully
2025-03-23 20:20:39,935 - INFO - Video loaded successfully
2025-03-23 20:20:39,935 - INFO - Video properties: 480x320, 29 FPS, 916 frames
2025-03-23 20:20:39,938 - INFO - Output video will be saved to: output/output_inference_20250323_202039.mp4
2025-03-23 20:20:40,651 - INFO - Speed: 2.2ms preprocess, 52.4ms inference, 4.5ms postprocess
2025-03-23 20:20:40,651 - INFO - Model class names: {0: 'person', 1: 'rider', 2: 'car', 3: 'truck', 4: 'bus', 5: 'train', 6: 'motorcycle', 7: 'bicycle', 8: 'traffic light', 9: 'traffic sign'}
2025-03-23 20:20:40,838 - INFO - Speed: 1.3ms preprocess, 39.0ms inference, 0.4ms postprocess
2025-03-23 20:20:40,895 - INFO - Speed: 1.1ms preprocess, 32.8ms inference, 0.3ms postprocess
2025-03-23 20:20:40,950 - INFO - Speed: 1.0ms preprocess, 29.6ms inference, 0.3ms postprocess
2025-03-23 20:20:41,005 - INFO - Speed: 1.0ms preprocess, 29.6ms inference, 0.3ms postprocess
2025-03-23 20:20:41,057 - INFO - Speed: 1.0ms preprocess, 30.7ms inference, 0.3ms postprocess
2025-03-23 20:20:41,116 - INFO - Speed: 1.0ms preprocess, 35.8ms inference, 0.4ms postprocess
2025-03-23 20:20:41,178 - INFO - Speed: 1.1ms preprocess, 32.2ms inference, 0.3ms postprocess
2025-03-23 20:20:41,229 - INFO - Speed: 1.0ms preprocess, 29.5ms inference, 0.6ms postprocess
2025-03-23 20:20:41,281 - INFO - Speed: 1.0ms preprocess, 30.6ms inference, 0.3ms postprocess
2025-03-23 20:20:41,333 - INFO - Speed: 1.0ms preprocess, 30.0ms inference, 0.3ms postprocess
2025-03-23 20:20:41,385 - INFO - Speed: 1.0ms preprocess, 30.3ms inference, 0.3ms postprocess
2025-03-23 20:20:41,467 - INFO - Speed: 1.2ms preprocess, 59.9ms inference, 0.4ms postprocess
2025-03-23 20:20:41,525 - INFO - Speed: 1.1ms preprocess, 31.1ms inference, 0.3ms postprocess
2025-03-23 20:20:41,578 - INFO - Speed: 1.3ms preprocess, 31.8ms inference, 0.4ms postprocess
2025-03-23 20:20:41,630 - INFO - Speed: 0.9ms preprocess, 30.3ms inference, 0.3ms postprocess
2025-03-23 20:20:41,683 - INFO - Speed: 1.0ms preprocess, 31.0ms inference, 0.3ms postprocess
2025-03-23 20:20:41,735 - INFO - Speed: 1.0ms preprocess, 30.5ms inference, 0.3ms postprocess
2025-03-23 20:20:41,786 - INFO - Speed: 1.1ms preprocess, 29.5ms inference, 0.3ms postprocess
2025-03-23 20:20:41,839 - INFO - Speed: 1.0ms preprocess, 30.3ms inference, 0.4ms postprocess
2025-03-23 20:20:41,891 - INFO - Speed: 1.0ms preprocess, 30.4ms inference, 0.3ms postprocess
2025-03-23 20:20:41,943 - INFO - Speed: 1.0ms preprocess, 30.5ms inference, 0.3ms postprocess
2025-03-23 20:20:41,993 - INFO - Speed: 1.0ms preprocess, 29.3ms inference, 0.3ms postprocess
2025-03-23 20:20:42,043 - INFO - Speed: 0.9ms preprocess, 29.0ms inference, 0.4ms postprocess
2025-03-23 20:20:42,094 - INFO - Speed: 1.0ms preprocess, 29.3ms inference, 0.3ms postprocess
2025-03-23 20:20:42,146 - INFO - Speed: 1.0ms preprocess, 29.5ms inference, 0.3ms postprocess
2025-03-23 20:20:42,198 - INFO - Speed: 1.0ms preprocess, 30.5ms inference, 0.3ms postprocess
2025-03-23 20:20:42,250 - INFO - Speed: 1.0ms preprocess, 29.4ms inference, 0.3ms postprocess
2025-03-23 20:20:42,302 - INFO - Speed: 1.0ms preprocess, 29.9ms inference, 0.3ms postprocess
2025-03-23 20:20:42,354 - INFO - Speed: 1.2ms preprocess, 29.6ms inference, 0.4ms postprocess
2025-03-23 20:20:42,405 - INFO - Speed: 1.0ms preprocess, 29.4ms inference, 0.3ms postprocess
2025-03-23 20:20:42,457 - INFO - Speed: 1.0ms preprocess, 30.4ms inference, 0.3ms postprocess
2025-03-23 20:20:42,509 - INFO - Speed: 1.0ms preprocess, 30.7ms inference, 0.3ms postprocess
2025-03-23 20:20:42,564 - INFO - Speed: 1.1ms preprocess, 30.6ms inference, 0.4ms postprocess
2025-03-23 20:20:42,616 - INFO - Speed: 1.0ms preprocess, 30.6ms inference, 0.3ms postprocess
2025-03-23 20:20:42,671 - INFO - Speed: 1.1ms preprocess, 32.7ms inference, 0.3ms postprocess
2025-03-23 20:20:42,724 - INFO - Speed: 1.0ms preprocess, 30.8ms inference, 0.3ms postprocess
2025-03-23 20:20:42,788 - INFO - Speed: 1.0ms preprocess, 39.7ms inference, 0.3ms postprocess
2025-03-23 20:20:42,842 - INFO - Speed: 1.2ms preprocess, 32.2ms inference, 0.3ms postprocess
2025-03-23 20:20:42,897 - INFO - Speed: 1.0ms preprocess, 30.4ms inference, 0.3ms postprocess
2025-03-23 20:20:42,949 - INFO - Speed: 1.0ms preprocess, 30.4ms inference, 0.3ms postprocess
2025-03-23 20:20:43,001 - INFO - Speed: 1.1ms preprocess, 29.3ms inference, 0.3ms postprocess
2025-03-23 20:20:43,052 - INFO - Speed: 1.0ms preprocess, 28.8ms inference, 0.4ms postprocess
2025-03-23 20:20:43,101 - INFO - Speed: 1.0ms preprocess, 28.4ms inference, 0.3ms postprocess
2025-03-23 20:20:43,151 - INFO - Speed: 1.0ms preprocess, 28.9ms inference, 0.3ms postprocess
2025-03-23 20:20:43,202 - INFO - Speed: 0.9ms preprocess, 29.1ms inference, 0.3ms postprocess
2025-03-23 20:20:43,252 - INFO - Speed: 1.0ms preprocess, 28.3ms inference, 0.3ms postprocess
2025-03-23 20:20:43,302 - INFO - Speed: 0.9ms preprocess, 28.3ms inference, 0.3ms postprocess
2025-03-23 20:20:43,352 - INFO - Speed: 1.0ms preprocess, 29.2ms inference, 0.3ms postprocess
2025-03-23 20:20:43,407 - INFO - Speed: 1.0ms preprocess, 30.3ms inference, 0.3ms postprocess
2025-03-23 20:20:43,458 - INFO - Speed: 1.0ms preprocess, 29.6ms inference, 0.3ms postprocess
2025-03-23 20:20:43,512 - INFO - Speed: 1.0ms preprocess, 29.6ms inference, 0.3ms postprocess
2025-03-23 20:20:43,565 - INFO - Speed: 0.9ms preprocess, 30.4ms inference, 0.3ms postprocess
2025-03-23 20:20:43,615 - INFO - Speed: 1.0ms preprocess, 28.6ms inference, 0.3ms postprocess
2025-03-23 20:20:43,666 - INFO - Speed: 1.0ms preprocess, 29.5ms inference, 0.4ms postprocess
2025-03-23 20:20:43,718 - INFO - Speed: 1.0ms preprocess, 29.7ms inference, 0.3ms postprocess
2025-03-23 20:20:43,769 - INFO - Speed: 1.1ms preprocess, 28.8ms inference, 0.4ms postprocess
2025-03-23 20:20:43,820 - INFO - Speed: 1.0ms preprocess, 29.5ms inference, 0.4ms postprocess
2025-03-23 20:20:43,871 - INFO - Speed: 1.0ms preprocess, 29.3ms inference, 0.4ms postprocess
2025-03-23 20:20:43,921 - INFO - Speed: 1.0ms preprocess, 28.4ms inference, 0.3ms postprocess
2025-03-23 20:20:43,973 - INFO - Speed: 0.9ms preprocess, 30.5ms inference, 0.3ms postprocess
2025-03-23 20:20:44,024 - INFO - Speed: 1.0ms preprocess, 29.0ms inference, 0.3ms postprocess
2025-03-23 20:20:44,074 - INFO - Speed: 1.0ms preprocess, 29.5ms inference, 0.3ms postprocess
2025-03-23 20:20:44,124 - INFO - Speed: 0.9ms preprocess, 29.2ms inference, 0.3ms postprocess
2025-03-23 20:20:44,174 - INFO - Speed: 0.9ms preprocess, 29.4ms inference, 0.3ms postprocess
2025-03-23 20:20:44,225 - INFO - Speed: 0.9ms preprocess, 29.8ms inference, 0.3ms postprocess
2025-03-23 20:20:44,275 - INFO - Speed: 0.9ms preprocess, 29.5ms inference, 0.3ms postprocess
2025-03-23 20:20:44,333 - INFO - Speed: 0.9ms preprocess, 36.1ms inference, 0.3ms postprocess
2025-03-23 20:20:44,386 - INFO - Speed: 1.0ms preprocess, 31.4ms inference, 0.3ms postprocess
2025-03-23 20:20:44,436 - INFO - Speed: 1.0ms preprocess, 29.1ms inference, 0.3ms postprocess
2025-03-23 20:20:44,486 - INFO - Speed: 1.0ms preprocess, 28.9ms inference, 0.3ms postprocess
2025-03-23 20:20:44,536 - INFO - Speed: 1.0ms preprocess, 28.6ms inference, 0.3ms postprocess
2025-03-23 20:20:44,589 - INFO - Speed: 1.1ms preprocess, 30.2ms inference, 0.5ms postprocess
2025-03-23 20:20:44,639 - INFO - Speed: 0.9ms preprocess, 29.3ms inference, 0.3ms postprocess
2025-03-23 20:20:44,690 - INFO - Speed: 0.9ms preprocess, 29.9ms inference, 0.3ms postprocess
2025-03-23 20:20:44,741 - INFO - Speed: 1.0ms preprocess, 29.6ms inference, 0.3ms postprocess
2025-03-23 20:20:44,812 - INFO - Speed: 1.9ms preprocess, 46.4ms inference, 0.3ms postprocess
2025-03-23 20:20:44,864 - INFO - Speed: 1.0ms preprocess, 29.9ms inference, 0.3ms postprocess
2025-03-23 20:20:44,914 - INFO - Speed: 1.0ms preprocess, 28.9ms inference, 0.3ms postprocess
2025-03-23 20:20:44,965 - INFO - Speed: 1.0ms preprocess, 29.1ms inference, 0.3ms postprocess
2025-03-23 20:20:45,016 - INFO - Speed: 0.9ms preprocess, 29.6ms inference, 0.3ms postprocess
2025-03-23 20:20:45,067 - INFO - Speed: 1.0ms preprocess, 29.9ms inference, 0.3ms postprocess
2025-03-23 20:20:45,119 - INFO - Speed: 1.1ms preprocess, 29.9ms inference, 0.3ms postprocess
2025-03-23 20:20:45,170 - INFO - Speed: 1.1ms preprocess, 29.5ms inference, 0.3ms postprocess
2025-03-23 20:20:45,221 - INFO - Speed: 1.0ms preprocess, 29.2ms inference, 0.4ms postprocess
2025-03-23 20:20:45,272 - INFO - Speed: 0.9ms preprocess, 29.5ms inference, 0.4ms postprocess
2025-03-23 20:20:45,323 - INFO - Speed: 1.0ms preprocess, 29.4ms inference, 0.3ms postprocess
2025-03-23 20:20:45,373 - INFO - Speed: 1.0ms preprocess, 29.5ms inference, 0.3ms postprocess
2025-03-23 20:20:45,425 - INFO - Speed: 1.0ms preprocess, 30.0ms inference, 0.3ms postprocess
2025-03-23 20:20:45,475 - INFO - Speed: 1.0ms preprocess, 29.1ms inference, 0.3ms postprocess
2025-03-23 20:20:45,527 - INFO - Speed: 1.0ms preprocess, 29.5ms inference, 0.3ms postprocess
2025-03-23 20:20:45,579 - INFO - Speed: 1.0ms preprocess, 30.1ms inference, 0.4ms postprocess
2025-03-23 20:20:45,631 - INFO - Speed: 1.0ms preprocess, 30.4ms inference, 0.3ms postprocess
2025-03-23 20:20:45,681 - INFO - Speed: 0.9ms preprocess, 28.4ms inference, 0.3ms postprocess
2025-03-23 20:20:45,731 - INFO - Speed: 0.9ms preprocess, 28.9ms inference, 0.3ms postprocess
2025-03-23 20:20:45,782 - INFO - Speed: 1.0ms preprocess, 28.6ms inference, 0.3ms postprocess
2025-03-23 20:20:45,833 - INFO - Speed: 1.0ms preprocess, 29.8ms inference, 0.4ms postprocess
2025-03-23 20:20:45,885 - INFO - Speed: 1.0ms preprocess, 29.8ms inference, 0.3ms postprocess
2025-03-23 20:20:45,935 - INFO - Speed: 1.0ms preprocess, 28.9ms inference, 0.3ms postprocess
2025-03-23 20:20:45,952 - INFO - Processed 100/916 frames
2025-03-23 20:20:45,986 - INFO - Speed: 1.0ms preprocess, 29.3ms inference, 0.3ms postprocess
2025-03-23 20:20:46,038 - INFO - Speed: 1.0ms preprocess, 30.6ms inference, 0.4ms postprocess
2025-03-23 20:20:46,089 - INFO - Speed: 1.0ms preprocess, 29.8ms inference, 0.3ms postprocess
2025-03-23 20:20:46,141 - INFO - Speed: 1.0ms preprocess, 30.7ms inference, 0.3ms postprocess
2025-03-23 20:20:46,193 - INFO - Speed: 1.0ms preprocess, 30.1ms inference, 0.3ms postprocess
2025-03-23 20:20:46,244 - INFO - Speed: 1.0ms preprocess, 30.0ms inference, 0.3ms postprocess
2025-03-23 20:20:46,297 - INFO - Speed: 1.0ms preprocess, 30.7ms inference, 0.5ms postprocess
2025-03-23 20:20:46,347 - INFO - Speed: 1.0ms preprocess, 28.7ms inference, 0.4ms postprocess
2025-03-23 20:20:46,397 - INFO - Speed: 1.0ms preprocess, 29.3ms inference, 0.3ms postprocess
2025-03-23 20:20:46,448 - INFO - Speed: 0.9ms preprocess, 28.9ms inference, 0.3ms postprocess
2025-03-23 20:20:46,498 - INFO - Speed: 0.9ms preprocess, 28.7ms inference, 0.3ms postprocess
2025-03-23 20:20:46,548 - INFO - Speed: 1.0ms preprocess, 29.0ms inference, 0.3ms postprocess
2025-03-23 20:20:46,598 - INFO - Speed: 0.9ms preprocess, 28.7ms inference, 0.3ms postprocess
2025-03-23 20:20:46,649 - INFO - Speed: 1.0ms preprocess, 29.4ms inference, 0.4ms postprocess
2025-03-23 20:20:46,719 - INFO - Speed: 1.1ms preprocess, 48.6ms inference, 0.3ms postprocess
2025-03-23 20:20:46,769 - INFO - Speed: 0.9ms preprocess, 29.0ms inference, 0.3ms postprocess
2025-03-23 20:20:46,821 - INFO - Speed: 1.0ms preprocess, 30.5ms inference, 0.3ms postprocess
2025-03-23 20:20:46,872 - INFO - Speed: 0.9ms preprocess, 29.2ms inference, 0.4ms postprocess
2025-03-23 20:20:46,922 - INFO - Speed: 1.0ms preprocess, 29.1ms inference, 0.3ms postprocess
2025-03-23 20:20:46,972 - INFO - Speed: 1.0ms preprocess, 29.3ms inference, 0.3ms postprocess
2025-03-23 20:20:47,024 - INFO - Speed: 1.0ms preprocess, 30.4ms inference, 0.3ms postprocess
2025-03-23 20:20:47,074 - INFO - Speed: 0.9ms preprocess, 28.9ms inference, 0.4ms postprocess
2025-03-23 20:20:47,124 - INFO - Speed: 0.9ms preprocess, 29.0ms inference, 0.4ms postprocess
2025-03-23 20:20:47,175 - INFO - Speed: 1.0ms preprocess, 29.1ms inference, 0.3ms postprocess
2025-03-23 20:20:47,225 - INFO - Speed: 0.9ms preprocess, 28.7ms inference, 0.3ms postprocess
2025-03-23 20:20:47,274 - INFO - Speed: 0.9ms preprocess, 29.1ms inference, 0.3ms postprocess
2025-03-23 20:20:47,325 - INFO - Speed: 1.0ms preprocess, 29.2ms inference, 0.3ms postprocess
2025-03-23 20:20:47,376 - INFO - Speed: 0.9ms preprocess, 29.8ms inference, 0.4ms postprocess
2025-03-23 20:20:47,426 - INFO - Speed: 0.9ms preprocess, 28.9ms inference, 0.3ms postprocess
2025-03-23 20:20:47,476 - INFO - Speed: 1.0ms preprocess, 29.0ms inference, 0.3ms postprocess
2025-03-23 20:20:47,528 - INFO - Speed: 0.9ms preprocess, 30.0ms inference, 0.7ms postprocess
2025-03-23 20:20:47,580 - INFO - Speed: 0.9ms preprocess, 30.0ms inference, 0.3ms postprocess
2025-03-23 20:20:47,630 - INFO - Speed: 1.0ms preprocess, 29.1ms inference, 0.3ms postprocess
2025-03-23 20:20:47,681 - INFO - Speed: 0.9ms preprocess, 29.6ms inference, 0.3ms postprocess
2025-03-23 20:20:47,732 - INFO - Speed: 0.9ms preprocess, 29.8ms inference, 0.3ms postprocess
2025-03-23 20:20:47,782 - INFO - Speed: 1.0ms preprocess, 28.9ms inference, 0.3ms postprocess
2025-03-23 20:20:47,832 - INFO - Speed: 1.0ms preprocess, 28.7ms inference, 0.3ms postprocess
2025-03-23 20:20:47,882 - INFO - Speed: 0.9ms preprocess, 29.2ms inference, 0.3ms postprocess
2025-03-23 20:20:47,933 - INFO - Speed: 0.9ms preprocess, 28.5ms inference, 0.3ms postprocess
2025-03-23 20:20:47,983 - INFO - Speed: 0.9ms preprocess, 29.0ms inference, 0.3ms postprocess
2025-03-23 20:20:48,035 - INFO - Speed: 1.0ms preprocess, 30.5ms inference, 0.3ms postprocess
2025-03-23 20:20:48,087 - INFO - Speed: 1.0ms preprocess, 29.7ms inference, 0.3ms postprocess
2025-03-23 20:20:48,138 - INFO - Speed: 1.0ms preprocess, 29.6ms inference, 0.5ms postprocess
2025-03-23 20:20:48,190 - INFO - Speed: 1.0ms preprocess, 29.8ms inference, 0.3ms postprocess
2025-03-23 20:20:48,240 - INFO - Speed: 1.0ms preprocess, 28.8ms inference, 0.4ms postprocess
2025-03-23 20:20:48,291 - INFO - Speed: 1.0ms preprocess, 29.6ms inference, 0.3ms postprocess
2025-03-23 20:20:48,342 - INFO - Speed: 1.0ms preprocess, 30.0ms inference, 0.4ms postprocess
2025-03-23 20:20:48,396 - INFO - Speed: 0.9ms preprocess, 33.5ms inference, 0.4ms postprocess
2025-03-23 20:20:48,451 - INFO - Speed: 1.0ms preprocess, 33.5ms inference, 0.4ms postprocess
2025-03-23 20:20:48,501 - INFO - Speed: 1.0ms preprocess, 28.6ms inference, 0.3ms postprocess
2025-03-23 20:20:48,551 - INFO - Speed: 1.0ms preprocess, 28.5ms inference, 0.3ms postprocess
2025-03-23 20:20:48,603 - INFO - Speed: 1.1ms preprocess, 29.6ms inference, 0.3ms postprocess
2025-03-23 20:20:48,655 - INFO - Speed: 1.0ms preprocess, 30.7ms inference, 0.4ms postprocess
2025-03-23 20:20:48,707 - INFO - Speed: 1.0ms preprocess, 30.2ms inference, 0.3ms postprocess
2025-03-23 20:20:48,777 - INFO - Speed: 2.1ms preprocess, 47.4ms inference, 0.3ms postprocess
2025-03-23 20:20:48,828 - INFO - Speed: 1.0ms preprocess, 29.4ms inference, 0.3ms postprocess
2025-03-23 20:20:48,879 - INFO - Speed: 1.0ms preprocess, 29.0ms inference, 0.4ms postprocess
2025-03-23 20:20:48,929 - INFO - Speed: 0.9ms preprocess, 28.8ms inference, 0.3ms postprocess
2025-03-23 20:20:48,980 - INFO - Speed: 0.9ms preprocess, 30.0ms inference, 0.3ms postprocess
2025-03-23 20:20:49,031 - INFO - Speed: 1.0ms preprocess, 29.2ms inference, 0.3ms postprocess
2025-03-23 20:20:49,083 - INFO - Speed: 1.0ms preprocess, 29.7ms inference, 0.3ms postprocess
2025-03-23 20:20:49,134 - INFO - Speed: 1.0ms preprocess, 30.1ms inference, 0.3ms postprocess
2025-03-23 20:20:49,185 - INFO - Speed: 1.1ms preprocess, 28.9ms inference, 0.3ms postprocess
2025-03-23 20:20:49,236 - INFO - Speed: 1.0ms preprocess, 30.0ms inference, 0.3ms postprocess
2025-03-23 20:20:49,286 - INFO - Speed: 1.0ms preprocess, 28.4ms inference, 0.3ms postprocess
2025-03-23 20:20:49,337 - INFO - Speed: 1.0ms preprocess, 29.5ms inference, 0.3ms postprocess
2025-03-23 20:20:49,389 - INFO - Speed: 1.0ms preprocess, 29.6ms inference, 0.3ms postprocess
2025-03-23 20:20:49,440 - INFO - Speed: 1.0ms preprocess, 30.0ms inference, 0.3ms postprocess
2025-03-23 20:20:49,491 - INFO - Speed: 1.0ms preprocess, 29.4ms inference, 0.3ms postprocess
2025-03-23 20:20:49,541 - INFO - Speed: 1.0ms preprocess, 29.2ms inference, 0.3ms postprocess
2025-03-23 20:20:49,592 - INFO - Speed: 1.0ms preprocess, 29.8ms inference, 0.3ms postprocess
2025-03-23 20:20:49,642 - INFO - Speed: 0.9ms preprocess, 29.2ms inference, 0.3ms postprocess
2025-03-23 20:20:49,693 - INFO - Speed: 1.1ms preprocess, 29.3ms inference, 0.3ms postprocess
2025-03-23 20:20:49,744 - INFO - Speed: 1.0ms preprocess, 29.2ms inference, 0.4ms postprocess
2025-03-23 20:20:49,795 - INFO - Speed: 1.0ms preprocess, 29.1ms inference, 0.4ms postprocess
2025-03-23 20:20:49,847 - INFO - Speed: 0.9ms preprocess, 29.8ms inference, 0.3ms postprocess
2025-03-23 20:20:49,897 - INFO - Speed: 1.0ms preprocess, 29.0ms inference, 0.4ms postprocess
2025-03-23 20:20:49,947 - INFO - Speed: 0.9ms preprocess, 28.5ms inference, 0.3ms postprocess
2025-03-23 20:20:49,997 - INFO - Speed: 0.9ms preprocess, 28.6ms inference, 0.4ms postprocess
2025-03-23 20:20:50,048 - INFO - Speed: 0.9ms preprocess, 28.9ms inference, 0.3ms postprocess
2025-03-23 20:20:50,098 - INFO - Speed: 1.0ms preprocess, 28.6ms inference, 0.3ms postprocess
2025-03-23 20:20:50,148 - INFO - Speed: 0.9ms preprocess, 29.4ms inference, 0.3ms postprocess
2025-03-23 20:20:50,199 - INFO - Speed: 1.0ms preprocess, 29.4ms inference, 0.3ms postprocess
2025-03-23 20:20:50,266 - INFO - Speed: 0.9ms preprocess, 44.7ms inference, 1.2ms postprocess
2025-03-23 20:20:50,317 - INFO - Speed: 1.0ms preprocess, 29.4ms inference, 0.3ms postprocess
2025-03-23 20:20:50,368 - INFO - Speed: 1.0ms preprocess, 29.4ms inference, 0.4ms postprocess
2025-03-23 20:20:50,418 - INFO - Speed: 1.0ms preprocess, 28.9ms inference, 0.3ms postprocess
2025-03-23 20:20:50,469 - INFO - Speed: 0.9ms preprocess, 28.6ms inference, 0.3ms postprocess
2025-03-23 20:20:50,519 - INFO - Speed: 0.9ms preprocess, 28.4ms inference, 0.3ms postprocess
2025-03-23 20:20:50,569 - INFO - Speed: 1.0ms preprocess, 28.6ms inference, 0.3ms postprocess
2025-03-23 20:20:50,620 - INFO - Speed: 0.9ms preprocess, 28.8ms inference, 0.3ms postprocess
2025-03-23 20:20:50,671 - INFO - Speed: 1.0ms preprocess, 29.6ms inference, 0.4ms postprocess
2025-03-23 20:20:50,722 - INFO - Speed: 1.0ms preprocess, 28.8ms inference, 0.3ms postprocess
2025-03-23 20:20:50,772 - INFO - Speed: 1.0ms preprocess, 28.5ms inference, 0.4ms postprocess
2025-03-23 20:20:50,825 - INFO - Speed: 0.9ms preprocess, 30.6ms inference, 0.4ms postprocess
2025-03-23 20:20:50,876 - INFO - Speed: 0.9ms preprocess, 30.0ms inference, 0.3ms postprocess
2025-03-23 20:20:50,927 - INFO - Speed: 0.9ms preprocess, 29.9ms inference, 0.3ms postprocess
2025-03-23 20:20:50,978 - INFO - Speed: 0.9ms preprocess, 29.0ms inference, 0.3ms postprocess
2025-03-23 20:20:51,029 - INFO - Speed: 0.9ms preprocess, 29.1ms inference, 0.4ms postprocess
2025-03-23 20:20:51,080 - INFO - Speed: 1.0ms preprocess, 30.0ms inference, 0.3ms postprocess
2025-03-23 20:20:51,097 - INFO - Processed 200/916 frames
2025-03-23 20:20:51,133 - INFO - Speed: 0.9ms preprocess, 31.3ms inference, 0.4ms postprocess
2025-03-23 20:20:51,185 - INFO - Speed: 1.0ms preprocess, 30.3ms inference, 0.3ms postprocess
2025-03-23 20:20:51,236 - INFO - Speed: 1.0ms preprocess, 28.9ms inference, 0.3ms postprocess
2025-03-23 20:20:51,287 - INFO - Speed: 0.9ms preprocess, 29.7ms inference, 0.3ms postprocess
2025-03-23 20:20:51,337 - INFO - Speed: 0.9ms preprocess, 28.4ms inference, 0.3ms postprocess
2025-03-23 20:20:51,389 - INFO - Speed: 1.0ms preprocess, 29.6ms inference, 0.3ms postprocess
2025-03-23 20:20:51,438 - INFO - Speed: 1.0ms preprocess, 28.2ms inference, 0.4ms postprocess
2025-03-23 20:20:51,502 - INFO - Speed: 1.0ms preprocess, 42.0ms inference, 0.3ms postprocess
2025-03-23 20:20:51,578 - INFO - Speed: 1.3ms preprocess, 53.7ms inference, 0.3ms postprocess
2025-03-23 20:20:51,634 - INFO - Speed: 1.0ms preprocess, 33.2ms inference, 0.3ms postprocess
2025-03-23 20:20:51,701 - INFO - Speed: 2.3ms preprocess, 44.2ms inference, 0.4ms postprocess
2025-03-23 20:20:51,757 - INFO - Speed: 1.0ms preprocess, 35.0ms inference, 0.4ms postprocess
2025-03-23 20:20:51,810 - INFO - Speed: 1.0ms preprocess, 31.2ms inference, 0.3ms postprocess
2025-03-23 20:20:51,862 - INFO - Speed: 1.0ms preprocess, 29.7ms inference, 0.3ms postprocess
2025-03-23 20:20:51,918 - INFO - Speed: 1.1ms preprocess, 34.6ms inference, 0.4ms postprocess
2025-03-23 20:20:51,971 - INFO - Speed: 1.0ms preprocess, 30.8ms inference, 0.6ms postprocess
2025-03-23 20:20:52,029 - INFO - Speed: 0.9ms preprocess, 35.4ms inference, 0.3ms postprocess
2025-03-23 20:20:52,080 - INFO - Speed: 1.0ms preprocess, 29.6ms inference, 0.5ms postprocess
2025-03-23 20:20:52,132 - INFO - Speed: 1.0ms preprocess, 29.4ms inference, 0.4ms postprocess
2025-03-23 20:20:52,184 - INFO - Speed: 1.0ms preprocess, 30.7ms inference, 0.3ms postprocess
2025-03-23 20:20:52,327 - INFO - Speed: 1.3ms preprocess, 120.3ms inference, 0.4ms postprocess
2025-03-23 20:20:52,384 - INFO - Speed: 1.0ms preprocess, 34.7ms inference, 0.3ms postprocess
2025-03-23 20:20:52,440 - INFO - Speed: 1.0ms preprocess, 34.6ms inference, 0.4ms postprocess
2025-03-23 20:20:52,499 - INFO - Speed: 0.9ms preprocess, 36.8ms inference, 0.3ms postprocess
2025-03-23 20:20:52,550 - INFO - Speed: 1.0ms preprocess, 29.1ms inference, 0.3ms postprocess
2025-03-23 20:20:52,601 - INFO - Speed: 1.0ms preprocess, 29.0ms inference, 0.3ms postprocess
2025-03-23 20:20:52,652 - INFO - Speed: 1.1ms preprocess, 29.3ms inference, 0.3ms postprocess
2025-03-23 20:20:52,703 - INFO - Speed: 0.9ms preprocess, 29.5ms inference, 0.3ms postprocess
2025-03-23 20:20:52,755 - INFO - Speed: 1.0ms preprocess, 29.5ms inference, 0.4ms postprocess
2025-03-23 20:20:52,806 - INFO - Speed: 1.0ms preprocess, 29.7ms inference, 0.3ms postprocess
2025-03-23 20:20:52,859 - INFO - Speed: 1.0ms preprocess, 31.1ms inference, 0.4ms postprocess
2025-03-23 20:20:52,930 - INFO - Speed: 2.6ms preprocess, 46.7ms inference, 0.3ms postprocess
2025-03-23 20:20:52,981 - INFO - Speed: 0.9ms preprocess, 29.3ms inference, 0.3ms postprocess
2025-03-23 20:20:53,033 - INFO - Speed: 1.0ms preprocess, 29.9ms inference, 0.3ms postprocess
2025-03-23 20:20:53,085 - INFO - Speed: 1.0ms preprocess, 30.1ms inference, 0.3ms postprocess
2025-03-23 20:20:53,137 - INFO - Speed: 1.0ms preprocess, 29.9ms inference, 0.3ms postprocess
2025-03-23 20:20:53,189 - INFO - Speed: 0.9ms preprocess, 30.5ms inference, 0.3ms postprocess
2025-03-23 20:20:53,241 - INFO - Speed: 0.9ms preprocess, 30.3ms inference, 0.3ms postprocess
2025-03-23 20:20:53,293 - INFO - Speed: 0.9ms preprocess, 29.7ms inference, 0.3ms postprocess
2025-03-23 20:20:53,344 - INFO - Speed: 1.0ms preprocess, 29.6ms inference, 0.3ms postprocess
2025-03-23 20:20:53,394 - INFO - Speed: 1.0ms preprocess, 28.1ms inference, 0.3ms postprocess
2025-03-23 20:20:53,444 - INFO - Speed: 0.9ms preprocess, 28.9ms inference, 0.3ms postprocess
2025-03-23 20:20:53,495 - INFO - Speed: 1.0ms preprocess, 28.6ms inference, 0.3ms postprocess
2025-03-23 20:20:53,546 - INFO - Speed: 1.0ms preprocess, 29.0ms inference, 0.4ms postprocess
2025-03-23 20:20:53,597 - INFO - Speed: 0.9ms preprocess, 29.2ms inference, 0.3ms postprocess
2025-03-23 20:20:53,648 - INFO - Speed: 0.9ms preprocess, 28.7ms inference, 0.3ms postprocess
2025-03-23 20:20:53,704 - INFO - Speed: 1.0ms preprocess, 34.0ms inference, 0.3ms postprocess
2025-03-23 20:20:53,758 - INFO - Speed: 1.0ms preprocess, 32.2ms inference, 0.3ms postprocess
2025-03-23 20:20:53,809 - INFO - Speed: 0.9ms preprocess, 28.4ms inference, 0.4ms postprocess
2025-03-23 20:20:53,860 - INFO - Speed: 1.0ms preprocess, 29.2ms inference, 0.3ms postprocess
2025-03-23 20:20:53,910 - INFO - Speed: 0.9ms preprocess, 28.5ms inference, 0.3ms postprocess
2025-03-23 20:20:53,960 - INFO - Speed: 1.0ms preprocess, 28.8ms inference, 0.3ms postprocess
2025-03-23 20:20:54,011 - INFO - Speed: 1.0ms preprocess, 28.9ms inference, 0.5ms postprocess
2025-03-23 20:20:54,063 - INFO - Speed: 0.9ms preprocess, 28.9ms inference, 0.3ms postprocess
2025-03-23 20:20:54,114 - INFO - Speed: 0.9ms preprocess, 28.7ms inference, 0.3ms postprocess
2025-03-23 20:20:54,165 - INFO - Speed: 0.9ms preprocess, 29.6ms inference, 0.3ms postprocess
2025-03-23 20:20:54,215 - INFO - Speed: 1.0ms preprocess, 28.6ms inference, 0.3ms postprocess
2025-03-23 20:20:54,267 - INFO - Speed: 0.9ms preprocess, 29.6ms inference, 0.3ms postprocess
2025-03-23 20:20:54,317 - INFO - Speed: 1.0ms preprocess, 28.1ms inference, 0.3ms postprocess
2025-03-23 20:20:54,369 - INFO - Speed: 1.0ms preprocess, 29.0ms inference, 0.3ms postprocess
2025-03-23 20:20:54,420 - INFO - Speed: 1.0ms preprocess, 29.3ms inference, 0.3ms postprocess
2025-03-23 20:20:54,472 - INFO - Speed: 1.0ms preprocess, 29.5ms inference, 0.5ms postprocess
2025-03-23 20:20:54,522 - INFO - Speed: 0.9ms preprocess, 28.6ms inference, 0.3ms postprocess
2025-03-23 20:20:54,573 - INFO - Speed: 0.9ms preprocess, 28.8ms inference, 0.4ms postprocess
2025-03-23 20:20:54,624 - INFO - Speed: 1.0ms preprocess, 28.6ms inference, 0.3ms postprocess
2025-03-23 20:20:54,675 - INFO - Speed: 1.0ms preprocess, 29.2ms inference, 0.3ms postprocess
2025-03-23 20:20:54,725 - INFO - Speed: 0.9ms preprocess, 29.4ms inference, 0.3ms postprocess
2025-03-23 20:20:54,776 - INFO - Speed: 0.9ms preprocess, 28.9ms inference, 0.3ms postprocess
2025-03-23 20:20:54,826 - INFO - Speed: 0.9ms preprocess, 28.4ms inference, 0.3ms postprocess
2025-03-23 20:20:54,877 - INFO - Speed: 1.0ms preprocess, 28.7ms inference, 0.3ms postprocess
2025-03-23 20:20:54,928 - INFO - Speed: 1.0ms preprocess, 28.4ms inference, 0.3ms postprocess
2025-03-23 20:20:54,981 - INFO - Speed: 1.0ms preprocess, 31.1ms inference, 0.3ms postprocess
2025-03-23 20:20:55,032 - INFO - Speed: 1.0ms preprocess, 29.1ms inference, 0.3ms postprocess
2025-03-23 20:20:55,085 - INFO - Speed: 0.9ms preprocess, 30.3ms inference, 0.3ms postprocess
2025-03-23 20:20:55,137 - INFO - Speed: 1.0ms preprocess, 30.1ms inference, 0.3ms postprocess
2025-03-23 20:20:55,188 - INFO - Speed: 1.0ms preprocess, 28.9ms inference, 0.4ms postprocess
2025-03-23 20:20:55,240 - INFO - Speed: 1.0ms preprocess, 30.1ms inference, 0.3ms postprocess
2025-03-23 20:20:55,292 - INFO - Speed: 1.0ms preprocess, 29.7ms inference, 0.3ms postprocess
2025-03-23 20:20:55,344 - INFO - Speed: 1.0ms preprocess, 30.1ms inference, 0.3ms postprocess
2025-03-23 20:20:55,397 - INFO - Speed: 0.9ms preprocess, 30.4ms inference, 0.4ms postprocess
2025-03-23 20:20:55,450 - INFO - Speed: 1.0ms preprocess, 29.9ms inference, 0.4ms postprocess
2025-03-23 20:20:55,501 - INFO - Speed: 1.0ms preprocess, 29.3ms inference, 0.5ms postprocess
2025-03-23 20:20:55,553 - INFO - Speed: 1.1ms preprocess, 29.3ms inference, 0.3ms postprocess
2025-03-23 20:20:55,604 - INFO - Speed: 1.0ms preprocess, 28.9ms inference, 0.3ms postprocess
2025-03-23 20:20:55,656 - INFO - Speed: 0.9ms preprocess, 29.8ms inference, 0.3ms postprocess
2025-03-23 20:20:55,708 - INFO - Speed: 1.0ms preprocess, 30.0ms inference, 0.3ms postprocess
2025-03-23 20:20:55,759 - INFO - Speed: 1.0ms preprocess, 29.6ms inference, 0.4ms postprocess
2025-03-23 20:20:55,811 - INFO - Speed: 1.0ms preprocess, 29.1ms inference, 0.3ms postprocess
2025-03-23 20:20:55,862 - INFO - Speed: 0.9ms preprocess, 29.5ms inference, 0.3ms postprocess
2025-03-23 20:20:55,913 - INFO - Speed: 1.0ms preprocess, 28.9ms inference, 0.3ms postprocess
2025-03-23 20:20:55,965 - INFO - Speed: 0.9ms preprocess, 29.6ms inference, 0.3ms postprocess
2025-03-23 20:20:56,015 - INFO - Speed: 0.9ms preprocess, 28.7ms inference, 0.3ms postprocess
2025-03-23 20:20:56,066 - INFO - Speed: 1.0ms preprocess, 28.4ms inference, 0.3ms postprocess
2025-03-23 20:20:56,120 - INFO - Speed: 0.9ms preprocess, 32.3ms inference, 0.4ms postprocess
2025-03-23 20:20:56,173 - INFO - Speed: 1.0ms preprocess, 30.5ms inference, 0.3ms postprocess
2025-03-23 20:20:56,225 - INFO - Speed: 1.0ms preprocess, 29.2ms inference, 0.3ms postprocess
2025-03-23 20:20:56,295 - INFO - Speed: 1.9ms preprocess, 46.6ms inference, 0.3ms postprocess
2025-03-23 20:20:56,346 - INFO - Speed: 1.0ms preprocess, 29.3ms inference, 0.3ms postprocess
2025-03-23 20:20:56,399 - INFO - Speed: 0.9ms preprocess, 30.3ms inference, 0.3ms postprocess
2025-03-23 20:20:56,450 - INFO - Speed: 1.0ms preprocess, 28.8ms inference, 0.3ms postprocess
2025-03-23 20:20:56,467 - INFO - Processed 300/916 frames
2025-03-23 20:20:56,502 - INFO - Speed: 1.2ms preprocess, 29.3ms inference, 0.3ms postprocess
2025-03-23 20:20:56,553 - INFO - Speed: 0.9ms preprocess, 29.6ms inference, 0.3ms postprocess
2025-03-23 20:20:56,604 - INFO - Speed: 1.0ms preprocess, 28.4ms inference, 0.3ms postprocess
2025-03-23 20:20:56,656 - INFO - Speed: 0.9ms preprocess, 29.6ms inference, 0.3ms postprocess
2025-03-23 20:20:56,708 - INFO - Speed: 1.0ms preprocess, 29.1ms inference, 0.4ms postprocess
2025-03-23 20:20:56,759 - INFO - Speed: 1.0ms preprocess, 29.1ms inference, 0.4ms postprocess
2025-03-23 20:20:56,810 - INFO - Speed: 1.0ms preprocess, 28.3ms inference, 0.3ms postprocess
2025-03-23 20:20:56,860 - INFO - Speed: 0.9ms preprocess, 28.3ms inference, 0.3ms postprocess
2025-03-23 20:20:56,911 - INFO - Speed: 0.9ms preprocess, 28.7ms inference, 0.3ms postprocess
2025-03-23 20:20:56,963 - INFO - Speed: 0.9ms preprocess, 29.8ms inference, 0.5ms postprocess
2025-03-23 20:20:57,014 - INFO - Speed: 0.9ms preprocess, 28.8ms inference, 0.3ms postprocess
2025-03-23 20:20:57,065 - INFO - Speed: 0.9ms preprocess, 29.0ms inference, 0.8ms postprocess
2025-03-23 20:20:57,117 - INFO - Speed: 1.0ms preprocess, 29.0ms inference, 0.3ms postprocess
2025-03-23 20:20:57,169 - INFO - Speed: 1.0ms preprocess, 29.5ms inference, 0.4ms postprocess
2025-03-23 20:20:57,221 - INFO - Speed: 1.0ms preprocess, 29.5ms inference, 0.3ms postprocess
2025-03-23 20:20:57,272 - INFO - Speed: 1.0ms preprocess, 28.9ms inference, 0.4ms postprocess
2025-03-23 20:20:57,324 - INFO - Speed: 0.9ms preprocess, 30.1ms inference, 0.4ms postprocess
2025-03-23 20:20:57,374 - INFO - Speed: 0.9ms preprocess, 28.7ms inference, 0.3ms postprocess
2025-03-23 20:20:57,426 - INFO - Speed: 1.0ms preprocess, 29.5ms inference, 0.3ms postprocess
2025-03-23 20:20:57,478 - INFO - Speed: 0.9ms preprocess, 30.3ms inference, 0.3ms postprocess
2025-03-23 20:20:57,529 - INFO - Speed: 1.0ms preprocess, 29.1ms inference, 0.5ms postprocess
2025-03-23 20:20:57,580 - INFO - Speed: 0.9ms preprocess, 28.0ms inference, 0.3ms postprocess
2025-03-23 20:20:57,630 - INFO - Speed: 1.0ms preprocess, 28.3ms inference, 0.3ms postprocess
2025-03-23 20:20:57,681 - INFO - Speed: 0.9ms preprocess, 28.7ms inference, 0.4ms postprocess
2025-03-23 20:20:57,731 - INFO - Speed: 0.9ms preprocess, 28.0ms inference, 0.3ms postprocess
2025-03-23 20:20:57,783 - INFO - Speed: 0.9ms preprocess, 29.9ms inference, 0.3ms postprocess
2025-03-23 20:20:57,835 - INFO - Speed: 1.1ms preprocess, 29.3ms inference, 0.3ms postprocess
2025-03-23 20:20:57,889 - INFO - Speed: 1.0ms preprocess, 31.9ms inference, 0.3ms postprocess
2025-03-23 20:20:57,941 - INFO - Speed: 0.9ms preprocess, 29.9ms inference, 0.3ms postprocess
2025-03-23 20:20:57,990 - INFO - Speed: 1.0ms preprocess, 27.9ms inference, 0.5ms postprocess
2025-03-23 20:20:58,042 - INFO - Speed: 0.9ms preprocess, 29.0ms inference, 0.3ms postprocess
2025-03-23 20:20:58,093 - INFO - Speed: 0.9ms preprocess, 28.5ms inference, 0.4ms postprocess
2025-03-23 20:20:58,144 - INFO - Speed: 1.0ms preprocess, 29.2ms inference, 0.3ms postprocess
2025-03-23 20:20:58,195 - INFO - Speed: 0.9ms preprocess, 28.8ms inference, 0.3ms postprocess
2025-03-23 20:20:58,245 - INFO - Speed: 0.9ms preprocess, 28.3ms inference, 0.3ms postprocess
2025-03-23 20:20:58,297 - INFO - Speed: 0.9ms preprocess, 29.6ms inference, 0.3ms postprocess
2025-03-23 20:20:58,347 - INFO - Speed: 0.9ms preprocess, 28.5ms inference, 0.3ms postprocess
2025-03-23 20:20:58,399 - INFO - Speed: 0.9ms preprocess, 30.9ms inference, 0.3ms postprocess
2025-03-23 20:20:58,451 - INFO - Speed: 1.1ms preprocess, 28.5ms inference, 0.4ms postprocess
2025-03-23 20:20:58,501 - INFO - Speed: 1.1ms preprocess, 28.4ms inference, 0.3ms postprocess
2025-03-23 20:20:58,553 - INFO - Speed: 0.9ms preprocess, 29.5ms inference, 0.3ms postprocess
2025-03-23 20:20:58,605 - INFO - Speed: 0.9ms preprocess, 30.2ms inference, 0.3ms postprocess
2025-03-23 20:20:58,657 - INFO - Speed: 1.0ms preprocess, 30.4ms inference, 0.3ms postprocess
2025-03-23 20:20:58,709 - INFO - Speed: 1.0ms preprocess, 30.0ms inference, 0.3ms postprocess
2025-03-23 20:20:58,760 - INFO - Speed: 0.9ms preprocess, 29.3ms inference, 0.3ms postprocess
2025-03-23 20:20:58,811 - INFO - Speed: 1.0ms preprocess, 28.4ms inference, 0.3ms postprocess
2025-03-23 20:20:58,862 - INFO - Speed: 1.0ms preprocess, 28.9ms inference, 0.3ms postprocess
2025-03-23 20:20:58,913 - INFO - Speed: 0.9ms preprocess, 28.9ms inference, 0.3ms postprocess
2025-03-23 20:20:58,965 - INFO - Speed: 0.9ms preprocess, 29.6ms inference, 0.3ms postprocess
2025-03-23 20:20:59,017 - INFO - Speed: 0.9ms preprocess, 30.0ms inference, 0.3ms postprocess
2025-03-23 20:20:59,068 - INFO - Speed: 1.0ms preprocess, 28.7ms inference, 0.3ms postprocess
2025-03-23 20:20:59,119 - INFO - Speed: 0.9ms preprocess, 29.0ms inference, 0.3ms postprocess
2025-03-23 20:20:59,172 - INFO - Speed: 1.0ms preprocess, 30.1ms inference, 0.3ms postprocess
2025-03-23 20:20:59,223 - INFO - Speed: 1.0ms preprocess, 29.3ms inference, 0.3ms postprocess
2025-03-23 20:20:59,276 - INFO - Speed: 1.0ms preprocess, 30.0ms inference, 0.3ms postprocess
2025-03-23 20:20:59,328 - INFO - Speed: 0.9ms preprocess, 30.1ms inference, 0.4ms postprocess
2025-03-23 20:20:59,379 - INFO - Speed: 0.9ms preprocess, 29.0ms inference, 0.3ms postprocess
2025-03-23 20:20:59,431 - INFO - Speed: 1.0ms preprocess, 29.8ms inference, 0.3ms postprocess
2025-03-23 20:20:59,482 - INFO - Speed: 0.9ms preprocess, 29.6ms inference, 0.3ms postprocess
2025-03-23 20:20:59,534 - INFO - Speed: 1.1ms preprocess, 29.7ms inference, 0.3ms postprocess
2025-03-23 20:20:59,587 - INFO - Speed: 1.0ms preprocess, 30.2ms inference, 0.3ms postprocess
2025-03-23 20:20:59,640 - INFO - Speed: 0.9ms preprocess, 31.1ms inference, 0.3ms postprocess
2025-03-23 20:20:59,692 - INFO - Speed: 0.9ms preprocess, 29.8ms inference, 0.3ms postprocess
2025-03-23 20:20:59,743 - INFO - Speed: 0.9ms preprocess, 29.8ms inference, 0.3ms postprocess
2025-03-23 20:20:59,795 - INFO - Speed: 1.0ms preprocess, 28.9ms inference, 0.3ms postprocess
2025-03-23 20:20:59,846 - INFO - Speed: 0.9ms preprocess, 30.0ms inference, 0.3ms postprocess
2025-03-23 20:20:59,897 - INFO - Speed: 0.9ms preprocess, 28.6ms inference, 0.3ms postprocess
2025-03-23 20:20:59,949 - INFO - Speed: 0.9ms preprocess, 30.3ms inference, 0.3ms postprocess
2025-03-23 20:21:00,002 - INFO - Speed: 0.9ms preprocess, 30.1ms inference, 0.3ms postprocess
2025-03-23 20:21:00,054 - INFO - Speed: 1.0ms preprocess, 29.8ms inference, 0.4ms postprocess
2025-03-23 20:21:00,106 - INFO - Speed: 1.0ms preprocess, 30.3ms inference, 0.3ms postprocess
2025-03-23 20:21:00,158 - INFO - Speed: 0.9ms preprocess, 29.3ms inference, 0.3ms postprocess
2025-03-23 20:21:00,207 - INFO - Speed: 0.9ms preprocess, 28.5ms inference, 0.3ms postprocess
2025-03-23 20:21:00,257 - INFO - Speed: 0.9ms preprocess, 28.5ms inference, 0.3ms postprocess
2025-03-23 20:21:00,308 - INFO - Speed: 1.0ms preprocess, 29.2ms inference, 0.3ms postprocess
2025-03-23 20:21:00,360 - INFO - Speed: 1.0ms preprocess, 29.3ms inference, 0.3ms postprocess
2025-03-23 20:21:00,410 - INFO - Speed: 1.0ms preprocess, 28.2ms inference, 0.3ms postprocess
2025-03-23 20:21:00,461 - INFO - Speed: 1.0ms preprocess, 28.9ms inference, 0.3ms postprocess
2025-03-23 20:21:00,512 - INFO - Speed: 0.9ms preprocess, 29.6ms inference, 0.3ms postprocess
2025-03-23 20:21:00,563 - INFO - Speed: 0.9ms preprocess, 29.3ms inference, 0.3ms postprocess
2025-03-23 20:21:00,615 - INFO - Speed: 1.0ms preprocess, 29.2ms inference, 0.4ms postprocess
2025-03-23 20:21:00,690 - INFO - Speed: 0.9ms preprocess, 53.0ms inference, 1.1ms postprocess
2025-03-23 20:21:00,741 - INFO - Speed: 0.9ms preprocess, 28.9ms inference, 0.3ms postprocess
2025-03-23 20:21:00,791 - INFO - Speed: 0.9ms preprocess, 29.0ms inference, 0.3ms postprocess
2025-03-23 20:21:00,842 - INFO - Speed: 1.0ms preprocess, 29.8ms inference, 0.3ms postprocess
2025-03-23 20:21:00,893 - INFO - Speed: 0.9ms preprocess, 29.4ms inference, 0.3ms postprocess
2025-03-23 20:21:00,945 - INFO - Speed: 1.0ms preprocess, 30.0ms inference, 0.3ms postprocess
2025-03-23 20:21:00,997 - INFO - Speed: 0.9ms preprocess, 29.5ms inference, 0.3ms postprocess
2025-03-23 20:21:01,048 - INFO - Speed: 0.9ms preprocess, 29.4ms inference, 0.3ms postprocess
2025-03-23 20:21:01,100 - INFO - Speed: 0.9ms preprocess, 29.9ms inference, 0.3ms postprocess
2025-03-23 20:21:01,151 - INFO - Speed: 0.9ms preprocess, 30.1ms inference, 0.3ms postprocess
2025-03-23 20:21:01,202 - INFO - Speed: 1.0ms preprocess, 28.5ms inference, 0.3ms postprocess
2025-03-23 20:21:01,253 - INFO - Speed: 1.0ms preprocess, 29.4ms inference, 0.3ms postprocess
2025-03-23 20:21:01,305 - INFO - Speed: 0.9ms preprocess, 29.9ms inference, 0.4ms postprocess
2025-03-23 20:21:01,356 - INFO - Speed: 1.0ms preprocess, 28.8ms inference, 0.4ms postprocess
2025-03-23 20:21:01,407 - INFO - Speed: 0.9ms preprocess, 29.2ms inference, 0.4ms postprocess
2025-03-23 20:21:01,458 - INFO - Speed: 0.9ms preprocess, 29.7ms inference, 0.3ms postprocess
2025-03-23 20:21:01,509 - INFO - Speed: 0.9ms preprocess, 29.0ms inference, 0.3ms postprocess
2025-03-23 20:21:01,561 - INFO - Speed: 0.9ms preprocess, 28.9ms inference, 0.3ms postprocess
2025-03-23 20:21:01,612 - INFO - Speed: 0.9ms preprocess, 29.1ms inference, 0.3ms postprocess
2025-03-23 20:21:01,630 - INFO - Processed 400/916 frames
2025-03-23 20:21:01,663 - INFO - Speed: 0.9ms preprocess, 28.7ms inference, 0.3ms postprocess
2025-03-23 20:21:01,714 - INFO - Speed: 0.9ms preprocess, 28.5ms inference, 0.3ms postprocess
2025-03-23 20:21:01,764 - INFO - Speed: 1.0ms preprocess, 28.6ms inference, 0.5ms postprocess
2025-03-23 20:21:01,816 - INFO - Speed: 0.9ms preprocess, 29.1ms inference, 0.3ms postprocess
2025-03-23 20:21:01,868 - INFO - Speed: 1.1ms preprocess, 31.0ms inference, 0.3ms postprocess
2025-03-23 20:21:01,919 - INFO - Speed: 1.0ms preprocess, 28.7ms inference, 0.3ms postprocess
2025-03-23 20:21:01,971 - INFO - Speed: 0.9ms preprocess, 29.5ms inference, 0.4ms postprocess
2025-03-23 20:21:02,022 - INFO - Speed: 0.9ms preprocess, 29.4ms inference, 0.4ms postprocess
2025-03-23 20:21:02,073 - INFO - Speed: 0.9ms preprocess, 29.3ms inference, 0.3ms postprocess
2025-03-23 20:21:02,125 - INFO - Speed: 0.9ms preprocess, 30.5ms inference, 0.3ms postprocess
2025-03-23 20:21:02,178 - INFO - Speed: 0.9ms preprocess, 29.9ms inference, 0.3ms postprocess
2025-03-23 20:21:02,229 - INFO - Speed: 1.0ms preprocess, 29.7ms inference, 0.4ms postprocess
2025-03-23 20:21:02,280 - INFO - Speed: 1.0ms preprocess, 28.7ms inference, 0.3ms postprocess
2025-03-23 20:21:02,332 - INFO - Speed: 1.0ms preprocess, 29.0ms inference, 0.5ms postprocess
2025-03-23 20:21:02,383 - INFO - Speed: 1.0ms preprocess, 29.7ms inference, 0.4ms postprocess
2025-03-23 20:21:02,434 - INFO - Speed: 1.1ms preprocess, 28.6ms inference, 0.3ms postprocess
2025-03-23 20:21:02,486 - INFO - Speed: 1.0ms preprocess, 29.3ms inference, 0.3ms postprocess
2025-03-23 20:21:02,537 - INFO - Speed: 1.0ms preprocess, 29.4ms inference, 0.3ms postprocess
2025-03-23 20:21:02,589 - INFO - Speed: 1.0ms preprocess, 29.9ms inference, 0.3ms postprocess
2025-03-23 20:21:02,640 - INFO - Speed: 0.9ms preprocess, 30.2ms inference, 0.3ms postprocess
2025-03-23 20:21:02,691 - INFO - Speed: 0.9ms preprocess, 29.5ms inference, 0.3ms postprocess
2025-03-23 20:21:02,743 - INFO - Speed: 0.9ms preprocess, 30.2ms inference, 0.4ms postprocess
2025-03-23 20:21:02,794 - INFO - Speed: 0.9ms preprocess, 28.6ms inference, 0.3ms postprocess
2025-03-23 20:21:02,846 - INFO - Speed: 1.0ms preprocess, 30.2ms inference, 0.3ms postprocess
2025-03-23 20:21:02,898 - INFO - Speed: 1.0ms preprocess, 29.7ms inference, 0.3ms postprocess
2025-03-23 20:21:02,948 - INFO - Speed: 1.0ms preprocess, 28.5ms inference, 0.3ms postprocess
2025-03-23 20:21:03,001 - INFO - Speed: 0.9ms preprocess, 30.2ms inference, 0.3ms postprocess
2025-03-23 20:21:03,052 - INFO - Speed: 1.0ms preprocess, 29.3ms inference, 0.3ms postprocess
2025-03-23 20:21:03,103 - INFO - Speed: 0.9ms preprocess, 29.3ms inference, 0.3ms postprocess
2025-03-23 20:21:03,155 - INFO - Speed: 0.9ms preprocess, 30.6ms inference, 0.4ms postprocess
2025-03-23 20:21:03,207 - INFO - Speed: 0.9ms preprocess, 29.8ms inference, 0.5ms postprocess
2025-03-23 20:21:03,276 - INFO - Speed: 1.0ms preprocess, 30.6ms inference, 0.4ms postprocess
2025-03-23 20:21:03,327 - INFO - Speed: 1.0ms preprocess, 28.5ms inference, 0.3ms postprocess
2025-03-23 20:21:03,378 - INFO - Speed: 1.0ms preprocess, 29.1ms inference, 0.3ms postprocess
2025-03-23 20:21:03,430 - INFO - Speed: 1.0ms preprocess, 29.5ms inference, 0.3ms postprocess
2025-03-23 20:21:03,481 - INFO - Speed: 1.0ms preprocess, 29.8ms inference, 0.3ms postprocess
2025-03-23 20:21:03,532 - INFO - Speed: 1.0ms preprocess, 28.8ms inference, 0.3ms postprocess
2025-03-23 20:21:03,583 - INFO - Speed: 1.0ms preprocess, 29.9ms inference, 0.3ms postprocess
2025-03-23 20:21:03,633 - INFO - Speed: 0.9ms preprocess, 28.5ms inference, 0.3ms postprocess
2025-03-23 20:21:03,684 - INFO - Speed: 0.9ms preprocess, 29.9ms inference, 0.3ms postprocess
2025-03-23 20:21:03,736 - INFO - Speed: 1.1ms preprocess, 30.2ms inference, 0.6ms postprocess
2025-03-23 20:21:03,787 - INFO - Speed: 0.9ms preprocess, 29.0ms inference, 0.3ms postprocess
2025-03-23 20:21:03,837 - INFO - Speed: 1.0ms preprocess, 28.8ms inference, 0.3ms postprocess
2025-03-23 20:21:03,887 - INFO - Speed: 0.9ms preprocess, 28.5ms inference, 0.3ms postprocess
2025-03-23 20:21:03,939 - INFO - Speed: 0.9ms preprocess, 29.7ms inference, 0.4ms postprocess
2025-03-23 20:21:03,989 - INFO - Speed: 0.9ms preprocess, 29.4ms inference, 0.5ms postprocess
2025-03-23 20:21:04,042 - INFO - Speed: 0.9ms preprocess, 29.7ms inference, 0.3ms postprocess
2025-03-23 20:21:04,092 - INFO - Speed: 0.9ms preprocess, 29.7ms inference, 0.3ms postprocess
2025-03-23 20:21:04,143 - INFO - Speed: 0.9ms preprocess, 30.1ms inference, 0.3ms postprocess
2025-03-23 20:21:04,194 - INFO - Speed: 1.0ms preprocess, 29.4ms inference, 0.3ms postprocess
2025-03-23 20:21:04,245 - INFO - Speed: 1.0ms preprocess, 29.4ms inference, 0.3ms postprocess
2025-03-23 20:21:04,296 - INFO - Speed: 0.9ms preprocess, 29.2ms inference, 0.3ms postprocess
2025-03-23 20:21:04,346 - INFO - Speed: 0.9ms preprocess, 28.8ms inference, 0.3ms postprocess
2025-03-23 20:21:04,396 - INFO - Speed: 0.9ms preprocess, 28.5ms inference, 0.3ms postprocess
2025-03-23 20:21:04,446 - INFO - Speed: 0.9ms preprocess, 28.8ms inference, 0.3ms postprocess
2025-03-23 20:21:04,497 - INFO - Speed: 0.9ms preprocess, 29.4ms inference, 0.4ms postprocess
2025-03-23 20:21:04,548 - INFO - Speed: 0.9ms preprocess, 28.5ms inference, 0.3ms postprocess
2025-03-23 20:21:04,598 - INFO - Speed: 0.9ms preprocess, 28.9ms inference, 0.4ms postprocess
2025-03-23 20:21:04,649 - INFO - Speed: 1.0ms preprocess, 28.2ms inference, 0.3ms postprocess
2025-03-23 20:21:04,699 - INFO - Speed: 0.9ms preprocess, 29.1ms inference, 0.3ms postprocess
2025-03-23 20:21:04,749 - INFO - Speed: 0.9ms preprocess, 28.5ms inference, 0.3ms postprocess
2025-03-23 20:21:04,799 - INFO - Speed: 1.0ms preprocess, 28.5ms inference, 0.3ms postprocess
2025-03-23 20:21:04,849 - INFO - Speed: 0.9ms preprocess, 28.9ms inference, 0.3ms postprocess
2025-03-23 20:21:04,899 - INFO - Speed: 0.9ms preprocess, 28.8ms inference, 0.3ms postprocess
2025-03-23 20:21:04,949 - INFO - Speed: 0.9ms preprocess, 28.9ms inference, 0.3ms postprocess
2025-03-23 20:21:04,999 - INFO - Speed: 1.0ms preprocess, 28.9ms inference, 0.3ms postprocess
2025-03-23 20:21:05,068 - INFO - Speed: 1.0ms preprocess, 47.7ms inference, 0.3ms postprocess
2025-03-23 20:21:05,118 - INFO - Speed: 1.0ms preprocess, 28.1ms inference, 0.3ms postprocess
2025-03-23 20:21:05,168 - INFO - Speed: 1.0ms preprocess, 28.5ms inference, 0.3ms postprocess
2025-03-23 20:21:05,218 - INFO - Speed: 1.0ms preprocess, 27.8ms inference, 0.3ms postprocess
2025-03-23 20:21:05,269 - INFO - Speed: 1.0ms preprocess, 28.4ms inference, 0.3ms postprocess
2025-03-23 20:21:05,320 - INFO - Speed: 0.9ms preprocess, 29.7ms inference, 0.3ms postprocess
2025-03-23 20:21:05,371 - INFO - Speed: 1.0ms preprocess, 29.6ms inference, 0.3ms postprocess
2025-03-23 20:21:05,423 - INFO - Speed: 0.9ms preprocess, 30.1ms inference, 0.4ms postprocess
2025-03-23 20:21:05,474 - INFO - Speed: 0.9ms preprocess, 30.8ms inference, 0.3ms postprocess
2025-03-23 20:21:05,526 - INFO - Speed: 1.0ms preprocess, 30.8ms inference, 0.3ms postprocess
2025-03-23 20:21:05,579 - INFO - Speed: 1.0ms preprocess, 31.0ms inference, 0.3ms postprocess
2025-03-23 20:21:05,630 - INFO - Speed: 0.9ms preprocess, 30.1ms inference, 0.3ms postprocess
2025-03-23 20:21:05,681 - INFO - Speed: 0.9ms preprocess, 29.5ms inference, 0.3ms postprocess
2025-03-23 20:21:05,732 - INFO - Speed: 1.0ms preprocess, 30.0ms inference, 0.3ms postprocess
2025-03-23 20:21:05,783 - INFO - Speed: 0.9ms preprocess, 29.1ms inference, 0.3ms postprocess
2025-03-23 20:21:05,834 - INFO - Speed: 1.0ms preprocess, 29.7ms inference, 0.3ms postprocess
2025-03-23 20:21:05,886 - INFO - Speed: 1.0ms preprocess, 29.1ms inference, 0.3ms postprocess
2025-03-23 20:21:05,937 - INFO - Speed: 1.0ms preprocess, 29.2ms inference, 0.3ms postprocess
2025-03-23 20:21:05,988 - INFO - Speed: 1.0ms preprocess, 29.1ms inference, 0.5ms postprocess
2025-03-23 20:21:06,038 - INFO - Speed: 0.9ms preprocess, 29.2ms inference, 0.3ms postprocess
2025-03-23 20:21:06,090 - INFO - Speed: 1.0ms preprocess, 29.8ms inference, 0.3ms postprocess
2025-03-23 20:21:06,142 - INFO - Speed: 1.0ms preprocess, 31.5ms inference, 0.3ms postprocess
2025-03-23 20:21:06,192 - INFO - Speed: 0.9ms preprocess, 29.5ms inference, 0.3ms postprocess
2025-03-23 20:21:06,243 - INFO - Speed: 1.0ms preprocess, 28.8ms inference, 0.3ms postprocess
2025-03-23 20:21:06,293 - INFO - Speed: 0.9ms preprocess, 29.2ms inference, 0.3ms postprocess
2025-03-23 20:21:06,344 - INFO - Speed: 1.0ms preprocess, 30.0ms inference, 0.3ms postprocess
2025-03-23 20:21:06,395 - INFO - Speed: 1.0ms preprocess, 29.5ms inference, 0.3ms postprocess
2025-03-23 20:21:06,447 - INFO - Speed: 1.0ms preprocess, 30.4ms inference, 0.3ms postprocess
2025-03-23 20:21:06,499 - INFO - Speed: 1.0ms preprocess, 28.7ms inference, 0.3ms postprocess
2025-03-23 20:21:06,549 - INFO - Speed: 0.9ms preprocess, 29.4ms inference, 0.4ms postprocess
2025-03-23 20:21:06,599 - INFO - Speed: 1.0ms preprocess, 28.6ms inference, 0.3ms postprocess
2025-03-23 20:21:06,650 - INFO - Speed: 0.9ms preprocess, 29.6ms inference, 0.3ms postprocess
2025-03-23 20:21:06,701 - INFO - Speed: 0.9ms preprocess, 29.2ms inference, 0.3ms postprocess
2025-03-23 20:21:06,752 - INFO - Speed: 1.1ms preprocess, 30.1ms inference, 0.3ms postprocess
2025-03-23 20:21:06,769 - INFO - Processed 500/916 frames
2025-03-23 20:21:06,802 - INFO - Speed: 1.0ms preprocess, 27.6ms inference, 0.3ms postprocess
2025-03-23 20:21:06,858 - INFO - Speed: 1.0ms preprocess, 34.1ms inference, 0.3ms postprocess
2025-03-23 20:21:06,908 - INFO - Speed: 0.9ms preprocess, 29.5ms inference, 0.3ms postprocess
2025-03-23 20:21:06,962 - INFO - Speed: 1.0ms preprocess, 31.9ms inference, 0.3ms postprocess
2025-03-23 20:21:07,021 - INFO - Speed: 1.0ms preprocess, 38.2ms inference, 0.5ms postprocess
2025-03-23 20:21:07,073 - INFO - Speed: 0.9ms preprocess, 29.9ms inference, 0.3ms postprocess
2025-03-23 20:21:07,125 - INFO - Speed: 0.9ms preprocess, 29.6ms inference, 0.3ms postprocess
2025-03-23 20:21:07,174 - INFO - Speed: 0.9ms preprocess, 28.3ms inference, 0.3ms postprocess
2025-03-23 20:21:07,224 - INFO - Speed: 1.0ms preprocess, 29.5ms inference, 0.3ms postprocess
2025-03-23 20:21:07,274 - INFO - Speed: 0.9ms preprocess, 28.7ms inference, 0.4ms postprocess
2025-03-23 20:21:07,323 - INFO - Speed: 0.9ms preprocess, 28.0ms inference, 0.3ms postprocess
2025-03-23 20:21:07,373 - INFO - Speed: 0.9ms preprocess, 30.1ms inference, 0.3ms postprocess
2025-03-23 20:21:07,425 - INFO - Speed: 0.9ms preprocess, 29.7ms inference, 0.3ms postprocess
2025-03-23 20:21:07,475 - INFO - Speed: 1.0ms preprocess, 29.6ms inference, 0.4ms postprocess
2025-03-23 20:21:07,526 - INFO - Speed: 0.9ms preprocess, 29.7ms inference, 0.3ms postprocess
2025-03-23 20:21:07,577 - INFO - Speed: 1.0ms preprocess, 29.3ms inference, 0.3ms postprocess
2025-03-23 20:21:07,628 - INFO - Speed: 0.9ms preprocess, 29.6ms inference, 0.3ms postprocess
2025-03-23 20:21:07,678 - INFO - Speed: 0.9ms preprocess, 29.0ms inference, 0.3ms postprocess
2025-03-23 20:21:07,731 - INFO - Speed: 0.9ms preprocess, 30.1ms inference, 0.3ms postprocess
2025-03-23 20:21:07,781 - INFO - Speed: 0.9ms preprocess, 29.0ms inference, 0.3ms postprocess
2025-03-23 20:21:07,830 - INFO - Speed: 0.9ms preprocess, 28.6ms inference, 0.3ms postprocess
2025-03-23 20:21:07,882 - INFO - Speed: 0.9ms preprocess, 30.3ms inference, 0.3ms postprocess
2025-03-23 20:21:07,933 - INFO - Speed: 0.9ms preprocess, 29.9ms inference, 0.3ms postprocess
2025-03-23 20:21:07,982 - INFO - Speed: 0.9ms preprocess, 28.2ms inference, 0.4ms postprocess
2025-03-23 20:21:08,033 - INFO - Speed: 0.9ms preprocess, 28.9ms inference, 0.3ms postprocess
2025-03-23 20:21:08,083 - INFO - Speed: 0.9ms preprocess, 29.4ms inference, 0.4ms postprocess
2025-03-23 20:21:08,132 - INFO - Speed: 0.9ms preprocess, 27.9ms inference, 0.4ms postprocess
2025-03-23 20:21:08,181 - INFO - Speed: 0.9ms preprocess, 27.9ms inference, 0.3ms postprocess
2025-03-23 20:21:08,231 - INFO - Speed: 0.9ms preprocess, 29.5ms inference, 0.3ms postprocess
2025-03-23 20:21:08,281 - INFO - Speed: 0.9ms preprocess, 28.1ms inference, 0.4ms postprocess
2025-03-23 20:21:08,333 - INFO - Speed: 0.9ms preprocess, 29.0ms inference, 0.3ms postprocess
2025-03-23 20:21:08,382 - INFO - Speed: 1.0ms preprocess, 28.5ms inference, 0.3ms postprocess
2025-03-23 20:21:08,433 - INFO - Speed: 1.0ms preprocess, 29.5ms inference, 0.3ms postprocess
2025-03-23 20:21:08,483 - INFO - Speed: 0.9ms preprocess, 28.9ms inference, 0.4ms postprocess
2025-03-23 20:21:08,533 - INFO - Speed: 1.0ms preprocess, 28.3ms inference, 0.3ms postprocess
2025-03-23 20:21:08,583 - INFO - Speed: 1.0ms preprocess, 29.2ms inference, 0.3ms postprocess
2025-03-23 20:21:08,633 - INFO - Speed: 0.9ms preprocess, 28.6ms inference, 0.4ms postprocess
2025-03-23 20:21:08,683 - INFO - Speed: 0.9ms preprocess, 28.4ms inference, 0.3ms postprocess
2025-03-23 20:21:08,733 - INFO - Speed: 0.9ms preprocess, 28.6ms inference, 0.4ms postprocess
2025-03-23 20:21:08,783 - INFO - Speed: 0.9ms preprocess, 29.2ms inference, 0.3ms postprocess
2025-03-23 20:21:08,834 - INFO - Speed: 1.0ms preprocess, 28.9ms inference, 0.3ms postprocess
2025-03-23 20:21:08,886 - INFO - Speed: 1.0ms preprocess, 30.6ms inference, 0.3ms postprocess
2025-03-23 20:21:08,938 - INFO - Speed: 0.9ms preprocess, 29.6ms inference, 0.4ms postprocess
2025-03-23 20:21:08,988 - INFO - Speed: 1.0ms preprocess, 28.5ms inference, 0.6ms postprocess
2025-03-23 20:21:09,039 - INFO - Speed: 0.9ms preprocess, 29.2ms inference, 0.3ms postprocess
2025-03-23 20:21:09,090 - INFO - Speed: 1.0ms preprocess, 29.2ms inference, 0.5ms postprocess
2025-03-23 20:21:09,141 - INFO - Speed: 0.9ms preprocess, 29.6ms inference, 0.3ms postprocess
2025-03-23 20:21:09,192 - INFO - Speed: 0.9ms preprocess, 30.0ms inference, 0.4ms postprocess
2025-03-23 20:21:09,243 - INFO - Speed: 0.9ms preprocess, 30.3ms inference, 0.3ms postprocess
2025-03-23 20:21:09,294 - INFO - Speed: 1.0ms preprocess, 30.4ms inference, 0.3ms postprocess
2025-03-23 20:21:09,346 - INFO - Speed: 1.0ms preprocess, 29.7ms inference, 0.3ms postprocess
2025-03-23 20:21:09,422 - INFO - Speed: 1.0ms preprocess, 54.8ms inference, 0.3ms postprocess
2025-03-23 20:21:09,473 - INFO - Speed: 0.9ms preprocess, 29.5ms inference, 0.4ms postprocess
2025-03-23 20:21:09,523 - INFO - Speed: 0.9ms preprocess, 29.4ms inference, 0.3ms postprocess
2025-03-23 20:21:09,575 - INFO - Speed: 0.9ms preprocess, 29.3ms inference, 0.3ms postprocess
2025-03-23 20:21:09,625 - INFO - Speed: 1.0ms preprocess, 28.8ms inference, 0.3ms postprocess
2025-03-23 20:21:09,676 - INFO - Speed: 1.0ms preprocess, 30.0ms inference, 0.4ms postprocess
2025-03-23 20:21:09,727 - INFO - Speed: 0.9ms preprocess, 29.7ms inference, 0.3ms postprocess
2025-03-23 20:21:09,778 - INFO - Speed: 0.9ms preprocess, 29.7ms inference, 0.3ms postprocess
2025-03-23 20:21:09,830 - INFO - Speed: 1.0ms preprocess, 30.8ms inference, 0.3ms postprocess
2025-03-23 20:21:09,881 - INFO - Speed: 1.0ms preprocess, 29.5ms inference, 0.4ms postprocess
2025-03-23 20:21:09,931 - INFO - Speed: 0.9ms preprocess, 28.7ms inference, 0.3ms postprocess
2025-03-23 20:21:09,982 - INFO - Speed: 1.0ms preprocess, 30.0ms inference, 0.3ms postprocess
2025-03-23 20:21:10,033 - INFO - Speed: 1.0ms preprocess, 29.3ms inference, 0.3ms postprocess
2025-03-23 20:21:10,084 - INFO - Speed: 1.0ms preprocess, 29.6ms inference, 0.3ms postprocess
2025-03-23 20:21:10,134 - INFO - Speed: 1.1ms preprocess, 29.4ms inference, 0.3ms postprocess
2025-03-23 20:21:10,186 - INFO - Speed: 1.0ms preprocess, 29.1ms inference, 0.3ms postprocess
2025-03-23 20:21:10,237 - INFO - Speed: 1.2ms preprocess, 29.1ms inference, 0.3ms postprocess
2025-03-23 20:21:10,287 - INFO - Speed: 1.0ms preprocess, 29.4ms inference, 0.3ms postprocess
2025-03-23 20:21:10,338 - INFO - Speed: 0.9ms preprocess, 29.5ms inference, 0.3ms postprocess
2025-03-23 20:21:10,389 - INFO - Speed: 0.9ms preprocess, 29.5ms inference, 0.4ms postprocess
2025-03-23 20:21:10,440 - INFO - Speed: 1.0ms preprocess, 30.4ms inference, 0.3ms postprocess
2025-03-23 20:21:10,491 - INFO - Speed: 1.0ms preprocess, 29.9ms inference, 0.3ms postprocess
2025-03-23 20:21:10,544 - INFO - Speed: 0.9ms preprocess, 30.3ms inference, 0.3ms postprocess
2025-03-23 20:21:10,594 - INFO - Speed: 0.9ms preprocess, 28.8ms inference, 0.3ms postprocess
2025-03-23 20:21:10,646 - INFO - Speed: 1.3ms preprocess, 29.3ms inference, 0.3ms postprocess
2025-03-23 20:21:10,695 - INFO - Speed: 0.9ms preprocess, 28.9ms inference, 0.3ms postprocess
2025-03-23 20:21:10,746 - INFO - Speed: 0.9ms preprocess, 29.6ms inference, 0.3ms postprocess
2025-03-23 20:21:10,798 - INFO - Speed: 0.9ms preprocess, 29.0ms inference, 0.3ms postprocess
2025-03-23 20:21:10,848 - INFO - Speed: 0.9ms preprocess, 28.6ms inference, 0.3ms postprocess
2025-03-23 20:21:10,897 - INFO - Speed: 0.9ms preprocess, 27.6ms inference, 0.3ms postprocess
2025-03-23 20:21:10,948 - INFO - Speed: 0.9ms preprocess, 29.5ms inference, 0.3ms postprocess
2025-03-23 20:21:10,998 - INFO - Speed: 1.0ms preprocess, 28.4ms inference, 0.3ms postprocess
2025-03-23 20:21:11,048 - INFO - Speed: 0.9ms preprocess, 29.1ms inference, 0.3ms postprocess
2025-03-23 20:21:11,098 - INFO - Speed: 0.9ms preprocess, 29.1ms inference, 0.3ms postprocess
2025-03-23 20:21:11,150 - INFO - Speed: 1.0ms preprocess, 30.8ms inference, 0.3ms postprocess
2025-03-23 20:21:11,201 - INFO - Speed: 1.0ms preprocess, 29.3ms inference, 0.4ms postprocess
2025-03-23 20:21:11,251 - INFO - Speed: 1.0ms preprocess, 28.8ms inference, 0.3ms postprocess
2025-03-23 20:21:11,302 - INFO - Speed: 1.2ms preprocess, 29.6ms inference, 0.3ms postprocess
2025-03-23 20:21:11,352 - INFO - Speed: 1.0ms preprocess, 29.2ms inference, 0.4ms postprocess
2025-03-23 20:21:11,405 - INFO - Speed: 0.9ms preprocess, 29.3ms inference, 0.3ms postprocess
2025-03-23 20:21:11,454 - INFO - Speed: 0.9ms preprocess, 29.0ms inference, 0.3ms postprocess
2025-03-23 20:21:11,504 - INFO - Speed: 0.9ms preprocess, 28.7ms inference, 0.3ms postprocess
2025-03-23 20:21:11,555 - INFO - Speed: 0.9ms preprocess, 30.0ms inference, 0.3ms postprocess
2025-03-23 20:21:11,605 - INFO - Speed: 0.9ms preprocess, 28.6ms inference, 0.4ms postprocess
2025-03-23 20:21:11,656 - INFO - Speed: 0.9ms preprocess, 29.4ms inference, 0.3ms postprocess
2025-03-23 20:21:11,706 - INFO - Speed: 1.0ms preprocess, 28.7ms inference, 0.4ms postprocess
2025-03-23 20:21:11,757 - INFO - Speed: 0.9ms preprocess, 30.0ms inference, 0.3ms postprocess
2025-03-23 20:21:11,808 - INFO - Speed: 0.9ms preprocess, 30.0ms inference, 0.3ms postprocess
2025-03-23 20:21:11,859 - INFO - Speed: 1.0ms preprocess, 29.7ms inference, 0.3ms postprocess
2025-03-23 20:21:11,875 - INFO - Processed 600/916 frames
2025-03-23 20:21:11,908 - INFO - Speed: 1.0ms preprocess, 28.3ms inference, 0.4ms postprocess
2025-03-23 20:21:11,958 - INFO - Speed: 0.9ms preprocess, 29.0ms inference, 0.3ms postprocess
2025-03-23 20:21:12,011 - INFO - Speed: 1.0ms preprocess, 29.0ms inference, 0.3ms postprocess
2025-03-23 20:21:12,061 - INFO - Speed: 0.9ms preprocess, 29.5ms inference, 0.3ms postprocess
2025-03-23 20:21:12,112 - INFO - Speed: 0.9ms preprocess, 29.5ms inference, 0.3ms postprocess
2025-03-23 20:21:12,164 - INFO - Speed: 0.9ms preprocess, 29.8ms inference, 0.3ms postprocess
2025-03-23 20:21:12,215 - INFO - Speed: 0.9ms preprocess, 29.4ms inference, 0.4ms postprocess
2025-03-23 20:21:12,266 - INFO - Speed: 1.0ms preprocess, 29.7ms inference, 0.3ms postprocess
2025-03-23 20:21:12,317 - INFO - Speed: 0.9ms preprocess, 29.9ms inference, 0.3ms postprocess
2025-03-23 20:21:12,368 - INFO - Speed: 1.1ms preprocess, 29.5ms inference, 0.3ms postprocess
2025-03-23 20:21:12,421 - INFO - Speed: 1.0ms preprocess, 31.4ms inference, 0.3ms postprocess
2025-03-23 20:21:12,473 - INFO - Speed: 1.1ms preprocess, 30.3ms inference, 0.3ms postprocess
2025-03-23 20:21:12,524 - INFO - Speed: 1.0ms preprocess, 30.2ms inference, 0.3ms postprocess
2025-03-23 20:21:12,575 - INFO - Speed: 0.9ms preprocess, 29.4ms inference, 0.5ms postprocess
2025-03-23 20:21:12,628 - INFO - Speed: 1.0ms preprocess, 30.1ms inference, 0.3ms postprocess
2025-03-23 20:21:12,681 - INFO - Speed: 0.9ms preprocess, 31.1ms inference, 0.3ms postprocess
2025-03-23 20:21:12,733 - INFO - Speed: 0.9ms preprocess, 30.0ms inference, 0.3ms postprocess
2025-03-23 20:21:12,783 - INFO - Speed: 1.0ms preprocess, 29.6ms inference, 0.3ms postprocess
2025-03-23 20:21:12,834 - INFO - Speed: 1.2ms preprocess, 29.2ms inference, 0.3ms postprocess
2025-03-23 20:21:12,885 - INFO - Speed: 1.0ms preprocess, 29.5ms inference, 0.3ms postprocess
2025-03-23 20:21:12,936 - INFO - Speed: 1.0ms preprocess, 29.8ms inference, 0.3ms postprocess
2025-03-23 20:21:12,989 - INFO - Speed: 1.0ms preprocess, 32.0ms inference, 0.3ms postprocess
2025-03-23 20:21:13,046 - INFO - Speed: 1.0ms preprocess, 35.6ms inference, 0.3ms postprocess
2025-03-23 20:21:13,098 - INFO - Speed: 0.9ms preprocess, 30.3ms inference, 0.3ms postprocess
2025-03-23 20:21:13,148 - INFO - Speed: 0.9ms preprocess, 29.0ms inference, 0.3ms postprocess
2025-03-23 20:21:13,199 - INFO - Speed: 0.9ms preprocess, 29.7ms inference, 0.4ms postprocess
2025-03-23 20:21:13,253 - INFO - Speed: 1.1ms preprocess, 30.5ms inference, 0.3ms postprocess
2025-03-23 20:21:13,303 - INFO - Speed: 0.9ms preprocess, 28.8ms inference, 0.3ms postprocess
2025-03-23 20:21:13,354 - INFO - Speed: 1.0ms preprocess, 30.0ms inference, 0.5ms postprocess
2025-03-23 20:21:13,404 - INFO - Speed: 1.0ms preprocess, 29.0ms inference, 0.3ms postprocess
2025-03-23 20:21:13,457 - INFO - Speed: 1.0ms preprocess, 30.6ms inference, 0.3ms postprocess
2025-03-23 20:21:13,508 - INFO - Speed: 1.0ms preprocess, 30.2ms inference, 0.3ms postprocess
2025-03-23 20:21:13,559 - INFO - Speed: 0.9ms preprocess, 29.5ms inference, 0.3ms postprocess
2025-03-23 20:21:13,608 - INFO - Speed: 1.0ms preprocess, 29.6ms inference, 0.3ms postprocess
2025-03-23 20:21:13,659 - INFO - Speed: 0.9ms preprocess, 29.9ms inference, 0.3ms postprocess
2025-03-23 20:21:13,710 - INFO - Speed: 0.9ms preprocess, 29.9ms inference, 0.3ms postprocess
2025-03-23 20:21:13,782 - INFO - Speed: 1.0ms preprocess, 49.6ms inference, 0.9ms postprocess
2025-03-23 20:21:13,833 - INFO - Speed: 1.0ms preprocess, 29.4ms inference, 0.3ms postprocess
2025-03-23 20:21:13,885 - INFO - Speed: 1.0ms preprocess, 28.5ms inference, 0.3ms postprocess
2025-03-23 20:21:13,936 - INFO - Speed: 1.1ms preprocess, 29.7ms inference, 0.3ms postprocess
2025-03-23 20:21:13,986 - INFO - Speed: 1.0ms preprocess, 28.4ms inference, 0.3ms postprocess
2025-03-23 20:21:14,037 - INFO - Speed: 0.9ms preprocess, 29.8ms inference, 0.4ms postprocess
2025-03-23 20:21:14,088 - INFO - Speed: 0.9ms preprocess, 29.5ms inference, 0.3ms postprocess
2025-03-23 20:21:14,139 - INFO - Speed: 1.0ms preprocess, 29.0ms inference, 0.5ms postprocess
2025-03-23 20:21:14,190 - INFO - Speed: 0.9ms preprocess, 30.1ms inference, 0.3ms postprocess
2025-03-23 20:21:14,241 - INFO - Speed: 0.9ms preprocess, 29.1ms inference, 0.4ms postprocess
2025-03-23 20:21:14,291 - INFO - Speed: 0.9ms preprocess, 29.1ms inference, 0.3ms postprocess
2025-03-23 20:21:14,342 - INFO - Speed: 0.9ms preprocess, 30.0ms inference, 0.4ms postprocess
2025-03-23 20:21:14,396 - INFO - Speed: 0.9ms preprocess, 33.9ms inference, 0.3ms postprocess
2025-03-23 20:21:14,449 - INFO - Speed: 1.0ms preprocess, 32.2ms inference, 0.3ms postprocess
2025-03-23 20:21:14,502 - INFO - Speed: 1.0ms preprocess, 29.1ms inference, 0.3ms postprocess
2025-03-23 20:21:14,552 - INFO - Speed: 1.0ms preprocess, 29.3ms inference, 0.3ms postprocess
2025-03-23 20:21:14,602 - INFO - Speed: 1.0ms preprocess, 29.0ms inference, 0.3ms postprocess
2025-03-23 20:21:14,652 - INFO - Speed: 0.9ms preprocess, 28.8ms inference, 0.4ms postprocess
2025-03-23 20:21:14,703 - INFO - Speed: 0.9ms preprocess, 28.6ms inference, 0.3ms postprocess
2025-03-23 20:21:14,752 - INFO - Speed: 0.9ms preprocess, 28.0ms inference, 0.3ms postprocess
2025-03-23 20:21:14,802 - INFO - Speed: 0.9ms preprocess, 29.2ms inference, 0.3ms postprocess
2025-03-23 20:21:14,852 - INFO - Speed: 1.0ms preprocess, 28.4ms inference, 0.3ms postprocess
2025-03-23 20:21:14,907 - INFO - Speed: 1.0ms preprocess, 34.1ms inference, 0.3ms postprocess
2025-03-23 20:21:14,957 - INFO - Speed: 1.0ms preprocess, 28.7ms inference, 0.5ms postprocess
2025-03-23 20:21:15,008 - INFO - Speed: 0.9ms preprocess, 29.4ms inference, 0.3ms postprocess
2025-03-23 20:21:15,057 - INFO - Speed: 0.9ms preprocess, 28.9ms inference, 0.3ms postprocess
2025-03-23 20:21:15,108 - INFO - Speed: 1.0ms preprocess, 28.1ms inference, 0.3ms postprocess
2025-03-23 20:21:15,159 - INFO - Speed: 0.9ms preprocess, 29.8ms inference, 0.3ms postprocess
2025-03-23 20:21:15,209 - INFO - Speed: 1.0ms preprocess, 29.1ms inference, 0.3ms postprocess
2025-03-23 20:21:15,260 - INFO - Speed: 0.9ms preprocess, 28.7ms inference, 0.3ms postprocess
2025-03-23 20:21:15,311 - INFO - Speed: 1.0ms preprocess, 29.5ms inference, 0.3ms postprocess
2025-03-23 20:21:15,361 - INFO - Speed: 1.0ms preprocess, 28.8ms inference, 0.3ms postprocess
2025-03-23 20:21:15,410 - INFO - Speed: 0.9ms preprocess, 28.4ms inference, 0.3ms postprocess
2025-03-23 20:21:15,463 - INFO - Speed: 1.0ms preprocess, 30.1ms inference, 0.3ms postprocess
2025-03-23 20:21:15,515 - INFO - Speed: 1.0ms preprocess, 29.6ms inference, 0.3ms postprocess
2025-03-23 20:21:15,565 - INFO - Speed: 0.9ms preprocess, 29.5ms inference, 0.3ms postprocess
2025-03-23 20:21:15,615 - INFO - Speed: 0.9ms preprocess, 28.7ms inference, 0.3ms postprocess
2025-03-23 20:21:15,665 - INFO - Speed: 0.9ms preprocess, 29.0ms inference, 0.4ms postprocess
2025-03-23 20:21:15,718 - INFO - Speed: 1.1ms preprocess, 29.1ms inference, 0.3ms postprocess
2025-03-23 20:21:15,769 - INFO - Speed: 1.0ms preprocess, 30.1ms inference, 0.3ms postprocess
2025-03-23 20:21:15,821 - INFO - Speed: 0.9ms preprocess, 29.7ms inference, 0.4ms postprocess
2025-03-23 20:21:15,871 - INFO - Speed: 1.0ms preprocess, 29.2ms inference, 0.3ms postprocess
2025-03-23 20:21:15,922 - INFO - Speed: 1.0ms preprocess, 30.0ms inference, 0.4ms postprocess
2025-03-23 20:21:15,972 - INFO - Speed: 0.9ms preprocess, 28.7ms inference, 0.3ms postprocess
2025-03-23 20:21:16,024 - INFO - Speed: 1.0ms preprocess, 30.2ms inference, 0.3ms postprocess
2025-03-23 20:21:16,074 - INFO - Speed: 0.9ms preprocess, 29.0ms inference, 0.4ms postprocess
2025-03-23 20:21:16,130 - INFO - Speed: 1.0ms preprocess, 34.3ms inference, 0.3ms postprocess
2025-03-23 20:21:16,181 - INFO - Speed: 1.0ms preprocess, 30.0ms inference, 0.3ms postprocess
2025-03-23 20:21:16,231 - INFO - Speed: 0.9ms preprocess, 28.8ms inference, 0.3ms postprocess
2025-03-23 20:21:16,281 - INFO - Speed: 0.9ms preprocess, 29.4ms inference, 0.3ms postprocess
2025-03-23 20:21:16,332 - INFO - Speed: 0.9ms preprocess, 27.8ms inference, 0.3ms postprocess
2025-03-23 20:21:16,382 - INFO - Speed: 0.9ms preprocess, 29.6ms inference, 0.4ms postprocess
2025-03-23 20:21:16,432 - INFO - Speed: 0.9ms preprocess, 28.2ms inference, 0.3ms postprocess
2025-03-23 20:21:16,483 - INFO - Speed: 1.0ms preprocess, 29.6ms inference, 0.3ms postprocess
2025-03-23 20:21:16,534 - INFO - Speed: 0.9ms preprocess, 30.1ms inference, 0.3ms postprocess
2025-03-23 20:21:16,585 - INFO - Speed: 1.0ms preprocess, 29.6ms inference, 0.3ms postprocess
2025-03-23 20:21:16,636 - INFO - Speed: 1.1ms preprocess, 29.7ms inference, 0.3ms postprocess
2025-03-23 20:21:16,686 - INFO - Speed: 1.0ms preprocess, 28.8ms inference, 0.3ms postprocess
2025-03-23 20:21:16,738 - INFO - Speed: 1.0ms preprocess, 29.9ms inference, 0.3ms postprocess
2025-03-23 20:21:16,789 - INFO - Speed: 1.0ms preprocess, 29.1ms inference, 0.4ms postprocess
2025-03-23 20:21:16,840 - INFO - Speed: 0.9ms preprocess, 29.6ms inference, 0.4ms postprocess
2025-03-23 20:21:16,891 - INFO - Speed: 1.0ms preprocess, 29.7ms inference, 0.3ms postprocess
2025-03-23 20:21:16,941 - INFO - Speed: 0.9ms preprocess, 28.9ms inference, 0.3ms postprocess
2025-03-23 20:21:16,993 - INFO - Speed: 0.9ms preprocess, 30.2ms inference, 0.3ms postprocess
2025-03-23 20:21:17,009 - INFO - Processed 700/916 frames
2025-03-23 20:21:17,043 - INFO - Speed: 1.0ms preprocess, 29.0ms inference, 0.3ms postprocess
2025-03-23 20:21:17,093 - INFO - Speed: 0.9ms preprocess, 28.7ms inference, 0.3ms postprocess
2025-03-23 20:21:17,144 - INFO - Speed: 1.0ms preprocess, 30.0ms inference, 0.3ms postprocess
2025-03-23 20:21:17,194 - INFO - Speed: 1.0ms preprocess, 28.9ms inference, 0.3ms postprocess
2025-03-23 20:21:17,245 - INFO - Speed: 0.9ms preprocess, 29.7ms inference, 0.4ms postprocess
2025-03-23 20:21:17,298 - INFO - Speed: 1.0ms preprocess, 31.2ms inference, 0.4ms postprocess
2025-03-23 20:21:17,350 - INFO - Speed: 0.9ms preprocess, 30.2ms inference, 0.3ms postprocess
2025-03-23 20:21:17,400 - INFO - Speed: 0.9ms preprocess, 29.7ms inference, 0.4ms postprocess
2025-03-23 20:21:17,452 - INFO - Speed: 1.0ms preprocess, 30.6ms inference, 0.3ms postprocess
2025-03-23 20:21:17,503 - INFO - Speed: 1.0ms preprocess, 28.8ms inference, 0.4ms postprocess
2025-03-23 20:21:17,556 - INFO - Speed: 0.9ms preprocess, 30.2ms inference, 0.3ms postprocess
2025-03-23 20:21:17,607 - INFO - Speed: 0.9ms preprocess, 30.1ms inference, 0.3ms postprocess
2025-03-23 20:21:17,657 - INFO - Speed: 0.9ms preprocess, 28.6ms inference, 0.4ms postprocess
2025-03-23 20:21:17,708 - INFO - Speed: 0.9ms preprocess, 30.2ms inference, 0.3ms postprocess
2025-03-23 20:21:17,759 - INFO - Speed: 0.9ms preprocess, 29.9ms inference, 0.3ms postprocess
2025-03-23 20:21:17,810 - INFO - Speed: 0.9ms preprocess, 29.1ms inference, 0.3ms postprocess
2025-03-23 20:21:17,859 - INFO - Speed: 1.0ms preprocess, 28.6ms inference, 0.3ms postprocess
2025-03-23 20:21:17,909 - INFO - Speed: 0.9ms preprocess, 29.2ms inference, 0.3ms postprocess
2025-03-23 20:21:17,959 - INFO - Speed: 0.9ms preprocess, 29.2ms inference, 0.3ms postprocess
2025-03-23 20:21:18,009 - INFO - Speed: 1.0ms preprocess, 29.0ms inference, 0.3ms postprocess
2025-03-23 20:21:18,060 - INFO - Speed: 1.0ms preprocess, 30.0ms inference, 0.3ms postprocess
2025-03-23 20:21:18,134 - INFO - Speed: 1.1ms preprocess, 53.2ms inference, 0.3ms postprocess
2025-03-23 20:21:18,186 - INFO - Speed: 1.0ms preprocess, 29.0ms inference, 0.3ms postprocess
2025-03-23 20:21:18,237 - INFO - Speed: 1.0ms preprocess, 29.0ms inference, 0.3ms postprocess
2025-03-23 20:21:18,288 - INFO - Speed: 1.0ms preprocess, 29.4ms inference, 0.4ms postprocess
2025-03-23 20:21:18,340 - INFO - Speed: 0.9ms preprocess, 30.0ms inference, 0.3ms postprocess
2025-03-23 20:21:18,390 - INFO - Speed: 0.9ms preprocess, 29.2ms inference, 0.3ms postprocess
2025-03-23 20:21:18,439 - INFO - Speed: 1.0ms preprocess, 28.2ms inference, 0.6ms postprocess
2025-03-23 20:21:18,488 - INFO - Speed: 1.0ms preprocess, 28.6ms inference, 0.5ms postprocess
2025-03-23 20:21:18,540 - INFO - Speed: 0.9ms preprocess, 29.9ms inference, 0.3ms postprocess
2025-03-23 20:21:18,589 - INFO - Speed: 0.9ms preprocess, 28.3ms inference, 0.4ms postprocess
2025-03-23 20:21:18,639 - INFO - Speed: 0.9ms preprocess, 29.3ms inference, 0.3ms postprocess
2025-03-23 20:21:18,689 - INFO - Speed: 1.0ms preprocess, 29.3ms inference, 0.3ms postprocess
2025-03-23 20:21:18,741 - INFO - Speed: 1.0ms preprocess, 29.1ms inference, 0.5ms postprocess
2025-03-23 20:21:18,794 - INFO - Speed: 1.0ms preprocess, 30.0ms inference, 0.3ms postprocess
2025-03-23 20:21:18,845 - INFO - Speed: 1.0ms preprocess, 30.0ms inference, 0.3ms postprocess
2025-03-23 20:21:18,896 - INFO - Speed: 0.9ms preprocess, 30.0ms inference, 0.3ms postprocess
2025-03-23 20:21:18,947 - INFO - Speed: 1.0ms preprocess, 29.6ms inference, 0.3ms postprocess
2025-03-23 20:21:18,996 - INFO - Speed: 0.9ms preprocess, 28.5ms inference, 0.4ms postprocess
2025-03-23 20:21:19,047 - INFO - Speed: 0.9ms preprocess, 29.5ms inference, 0.3ms postprocess
2025-03-23 20:21:19,097 - INFO - Speed: 0.9ms preprocess, 28.6ms inference, 0.3ms postprocess
2025-03-23 20:21:19,148 - INFO - Speed: 0.9ms preprocess, 29.3ms inference, 0.3ms postprocess
2025-03-23 20:21:19,200 - INFO - Speed: 1.0ms preprocess, 30.6ms inference, 0.3ms postprocess
2025-03-23 20:21:19,251 - INFO - Speed: 1.0ms preprocess, 30.1ms inference, 0.3ms postprocess
2025-03-23 20:21:19,301 - INFO - Speed: 1.0ms preprocess, 28.1ms inference, 0.3ms postprocess
2025-03-23 20:21:19,351 - INFO - Speed: 1.1ms preprocess, 29.5ms inference, 0.3ms postprocess
2025-03-23 20:21:19,404 - INFO - Speed: 1.0ms preprocess, 29.6ms inference, 0.5ms postprocess
2025-03-23 20:21:19,455 - INFO - Speed: 0.9ms preprocess, 29.5ms inference, 0.3ms postprocess
2025-03-23 20:21:19,505 - INFO - Speed: 0.9ms preprocess, 29.0ms inference, 0.3ms postprocess
2025-03-23 20:21:19,556 - INFO - Speed: 0.9ms preprocess, 30.2ms inference, 0.3ms postprocess
2025-03-23 20:21:19,608 - INFO - Speed: 0.9ms preprocess, 30.7ms inference, 0.3ms postprocess
2025-03-23 20:21:19,658 - INFO - Speed: 0.9ms preprocess, 29.7ms inference, 0.4ms postprocess
2025-03-23 20:21:19,708 - INFO - Speed: 0.9ms preprocess, 28.8ms inference, 0.3ms postprocess
2025-03-23 20:21:19,758 - INFO - Speed: 1.0ms preprocess, 29.1ms inference, 0.3ms postprocess
2025-03-23 20:21:19,810 - INFO - Speed: 1.0ms preprocess, 30.5ms inference, 0.3ms postprocess
2025-03-23 20:21:19,862 - INFO - Speed: 1.0ms preprocess, 29.7ms inference, 0.3ms postprocess
2025-03-23 20:21:19,913 - INFO - Speed: 1.0ms preprocess, 30.0ms inference, 0.3ms postprocess
2025-03-23 20:21:19,965 - INFO - Speed: 1.0ms preprocess, 30.2ms inference, 0.3ms postprocess
2025-03-23 20:21:20,017 - INFO - Speed: 0.9ms preprocess, 29.5ms inference, 0.3ms postprocess
2025-03-23 20:21:20,069 - INFO - Speed: 1.7ms preprocess, 30.1ms inference, 0.3ms postprocess
2025-03-23 20:21:20,121 - INFO - Speed: 1.1ms preprocess, 29.7ms inference, 0.3ms postprocess
2025-03-23 20:21:20,172 - INFO - Speed: 1.0ms preprocess, 29.3ms inference, 0.5ms postprocess
2025-03-23 20:21:20,223 - INFO - Speed: 1.0ms preprocess, 29.5ms inference, 0.5ms postprocess
2025-03-23 20:21:20,274 - INFO - Speed: 0.9ms preprocess, 30.0ms inference, 0.3ms postprocess
2025-03-23 20:21:20,324 - INFO - Speed: 1.0ms preprocess, 29.3ms inference, 0.3ms postprocess
2025-03-23 20:21:20,376 - INFO - Speed: 0.9ms preprocess, 29.8ms inference, 0.3ms postprocess
2025-03-23 20:21:20,427 - INFO - Speed: 0.9ms preprocess, 29.2ms inference, 0.3ms postprocess
2025-03-23 20:21:20,477 - INFO - Speed: 1.0ms preprocess, 29.7ms inference, 0.3ms postprocess
2025-03-23 20:21:20,529 - INFO - Speed: 0.9ms preprocess, 29.9ms inference, 0.3ms postprocess
2025-03-23 20:21:20,621 - INFO - Speed: 1.0ms preprocess, 70.8ms inference, 0.5ms postprocess
2025-03-23 20:21:20,674 - INFO - Speed: 1.1ms preprocess, 30.4ms inference, 0.3ms postprocess
2025-03-23 20:21:20,726 - INFO - Speed: 1.0ms preprocess, 30.0ms inference, 0.3ms postprocess
2025-03-23 20:21:20,777 - INFO - Speed: 1.0ms preprocess, 30.1ms inference, 0.4ms postprocess
2025-03-23 20:21:20,829 - INFO - Speed: 1.0ms preprocess, 30.2ms inference, 0.3ms postprocess
2025-03-23 20:21:20,880 - INFO - Speed: 0.9ms preprocess, 29.7ms inference, 0.3ms postprocess
2025-03-23 20:21:20,939 - INFO - Speed: 1.0ms preprocess, 37.6ms inference, 0.4ms postprocess
2025-03-23 20:21:20,991 - INFO - Speed: 0.9ms preprocess, 30.5ms inference, 0.3ms postprocess
2025-03-23 20:21:21,047 - INFO - Speed: 0.9ms preprocess, 34.7ms inference, 0.3ms postprocess
2025-03-23 20:21:21,099 - INFO - Speed: 0.9ms preprocess, 30.2ms inference, 0.3ms postprocess
2025-03-23 20:21:21,150 - INFO - Speed: 1.0ms preprocess, 29.6ms inference, 0.3ms postprocess
2025-03-23 20:21:21,200 - INFO - Speed: 0.9ms preprocess, 28.8ms inference, 0.3ms postprocess
2025-03-23 20:21:21,250 - INFO - Speed: 0.9ms preprocess, 28.2ms inference, 0.3ms postprocess
2025-03-23 20:21:21,302 - INFO - Speed: 1.0ms preprocess, 29.5ms inference, 0.3ms postprocess
2025-03-23 20:21:21,352 - INFO - Speed: 1.0ms preprocess, 28.4ms inference, 0.3ms postprocess
2025-03-23 20:21:21,401 - INFO - Speed: 1.0ms preprocess, 27.6ms inference, 0.3ms postprocess
2025-03-23 20:21:21,451 - INFO - Speed: 0.9ms preprocess, 28.1ms inference, 0.4ms postprocess
2025-03-23 20:21:21,502 - INFO - Speed: 1.1ms preprocess, 29.3ms inference, 0.3ms postprocess
2025-03-23 20:21:21,553 - INFO - Speed: 0.9ms preprocess, 29.9ms inference, 0.4ms postprocess
2025-03-23 20:21:21,605 - INFO - Speed: 1.0ms preprocess, 29.7ms inference, 0.3ms postprocess
2025-03-23 20:21:21,656 - INFO - Speed: 0.9ms preprocess, 30.2ms inference, 0.3ms postprocess
2025-03-23 20:21:21,707 - INFO - Speed: 0.9ms preprocess, 30.2ms inference, 0.3ms postprocess
2025-03-23 20:21:21,757 - INFO - Speed: 1.0ms preprocess, 29.3ms inference, 0.3ms postprocess
2025-03-23 20:21:21,807 - INFO - Speed: 0.9ms preprocess, 28.8ms inference, 0.3ms postprocess
2025-03-23 20:21:21,857 - INFO - Speed: 0.9ms preprocess, 28.9ms inference, 0.3ms postprocess
2025-03-23 20:21:21,908 - INFO - Speed: 1.0ms preprocess, 29.1ms inference, 0.3ms postprocess
2025-03-23 20:21:21,957 - INFO - Speed: 0.9ms preprocess, 28.6ms inference, 0.3ms postprocess
2025-03-23 20:21:22,007 - INFO - Speed: 0.9ms preprocess, 28.8ms inference, 0.3ms postprocess
2025-03-23 20:21:22,058 - INFO - Speed: 0.9ms preprocess, 29.2ms inference, 0.3ms postprocess
2025-03-23 20:21:22,107 - INFO - Speed: 1.0ms preprocess, 29.1ms inference, 0.3ms postprocess
2025-03-23 20:21:22,158 - INFO - Speed: 1.0ms preprocess, 30.1ms inference, 0.3ms postprocess
2025-03-23 20:21:22,174 - INFO - Processed 800/916 frames
2025-03-23 20:21:22,208 - INFO - Speed: 0.9ms preprocess, 28.9ms inference, 0.3ms postprocess
2025-03-23 20:21:22,258 - INFO - Speed: 0.9ms preprocess, 28.6ms inference, 0.3ms postprocess
2025-03-23 20:21:22,308 - INFO - Speed: 1.0ms preprocess, 28.8ms inference, 0.3ms postprocess
2025-03-23 20:21:22,359 - INFO - Speed: 1.0ms preprocess, 30.2ms inference, 0.3ms postprocess
2025-03-23 20:21:22,410 - INFO - Speed: 0.9ms preprocess, 29.5ms inference, 0.3ms postprocess
2025-03-23 20:21:22,460 - INFO - Speed: 0.9ms preprocess, 29.4ms inference, 0.3ms postprocess
2025-03-23 20:21:22,533 - INFO - Speed: 0.9ms preprocess, 48.6ms inference, 1.0ms postprocess
2025-03-23 20:21:22,583 - INFO - Speed: 1.0ms preprocess, 28.9ms inference, 0.3ms postprocess
2025-03-23 20:21:22,634 - INFO - Speed: 0.9ms preprocess, 30.8ms inference, 0.3ms postprocess
2025-03-23 20:21:22,686 - INFO - Speed: 1.1ms preprocess, 29.8ms inference, 0.3ms postprocess
2025-03-23 20:21:22,737 - INFO - Speed: 1.0ms preprocess, 30.3ms inference, 0.3ms postprocess
2025-03-23 20:21:22,789 - INFO - Speed: 1.0ms preprocess, 30.4ms inference, 0.3ms postprocess
2025-03-23 20:21:22,841 - INFO - Speed: 0.9ms preprocess, 30.5ms inference, 0.3ms postprocess
2025-03-23 20:21:22,891 - INFO - Speed: 1.0ms preprocess, 29.9ms inference, 0.3ms postprocess
2025-03-23 20:21:22,942 - INFO - Speed: 0.9ms preprocess, 29.8ms inference, 0.3ms postprocess
2025-03-23 20:21:22,994 - INFO - Speed: 0.9ms preprocess, 30.4ms inference, 0.3ms postprocess
2025-03-23 20:21:23,045 - INFO - Speed: 1.0ms preprocess, 29.3ms inference, 0.3ms postprocess
2025-03-23 20:21:23,096 - INFO - Speed: 1.0ms preprocess, 30.0ms inference, 0.3ms postprocess
2025-03-23 20:21:23,149 - INFO - Speed: 1.0ms preprocess, 29.3ms inference, 0.3ms postprocess
2025-03-23 20:21:23,199 - INFO - Speed: 0.9ms preprocess, 29.1ms inference, 0.3ms postprocess
2025-03-23 20:21:23,249 - INFO - Speed: 0.9ms preprocess, 28.9ms inference, 0.3ms postprocess
2025-03-23 20:21:23,300 - INFO - Speed: 0.9ms preprocess, 30.3ms inference, 0.3ms postprocess
2025-03-23 20:21:23,350 - INFO - Speed: 0.9ms preprocess, 29.4ms inference, 0.3ms postprocess
2025-03-23 20:21:23,400 - INFO - Speed: 1.0ms preprocess, 28.1ms inference, 0.4ms postprocess
2025-03-23 20:21:23,450 - INFO - Speed: 1.0ms preprocess, 29.0ms inference, 0.3ms postprocess
2025-03-23 20:21:23,501 - INFO - Speed: 1.1ms preprocess, 29.9ms inference, 0.4ms postprocess
2025-03-23 20:21:23,552 - INFO - Speed: 1.0ms preprocess, 29.5ms inference, 0.5ms postprocess
2025-03-23 20:21:23,603 - INFO - Speed: 1.0ms preprocess, 29.8ms inference, 0.4ms postprocess
2025-03-23 20:21:23,654 - INFO - Speed: 1.0ms preprocess, 29.6ms inference, 0.3ms postprocess
2025-03-23 20:21:23,706 - INFO - Speed: 0.9ms preprocess, 29.7ms inference, 0.3ms postprocess
2025-03-23 20:21:23,767 - INFO - Speed: 1.0ms preprocess, 38.4ms inference, 0.3ms postprocess
2025-03-23 20:21:23,822 - INFO - Speed: 1.1ms preprocess, 33.0ms inference, 0.3ms postprocess
2025-03-23 20:21:23,872 - INFO - Speed: 1.0ms preprocess, 28.9ms inference, 0.3ms postprocess
2025-03-23 20:21:23,924 - INFO - Speed: 1.0ms preprocess, 30.3ms inference, 0.4ms postprocess
2025-03-23 20:21:23,974 - INFO - Speed: 1.0ms preprocess, 29.1ms inference, 0.3ms postprocess
2025-03-23 20:21:24,024 - INFO - Speed: 1.0ms preprocess, 28.8ms inference, 0.4ms postprocess
2025-03-23 20:21:24,073 - INFO - Speed: 0.9ms preprocess, 28.7ms inference, 0.3ms postprocess
2025-03-23 20:21:24,123 - INFO - Speed: 1.0ms preprocess, 29.3ms inference, 0.3ms postprocess
2025-03-23 20:21:24,173 - INFO - Speed: 0.9ms preprocess, 29.4ms inference, 0.3ms postprocess
2025-03-23 20:21:24,224 - INFO - Speed: 1.0ms preprocess, 29.9ms inference, 0.3ms postprocess
2025-03-23 20:21:24,275 - INFO - Speed: 1.0ms preprocess, 29.4ms inference, 0.3ms postprocess
2025-03-23 20:21:24,324 - INFO - Speed: 1.0ms preprocess, 29.0ms inference, 0.4ms postprocess
2025-03-23 20:21:24,377 - INFO - Speed: 1.0ms preprocess, 29.1ms inference, 0.3ms postprocess
2025-03-23 20:21:24,428 - INFO - Speed: 1.0ms preprocess, 29.6ms inference, 0.3ms postprocess
2025-03-23 20:21:24,477 - INFO - Speed: 0.9ms preprocess, 28.5ms inference, 0.3ms postprocess
2025-03-23 20:21:24,527 - INFO - Speed: 1.0ms preprocess, 29.1ms inference, 0.3ms postprocess
2025-03-23 20:21:24,579 - INFO - Speed: 1.0ms preprocess, 30.0ms inference, 0.3ms postprocess
2025-03-23 20:21:24,628 - INFO - Speed: 0.9ms preprocess, 28.5ms inference, 0.4ms postprocess
2025-03-23 20:21:24,650 - INFO - Processing complete, resources released
