2025-03-23 20:21:32,950 - INFO - Model loaded successfully
2025-03-23 20:21:32,956 - INFO - Video loaded successfully
2025-03-23 20:21:32,956 - INFO - Video properties: 480x320, 23 FPS, 444 frames
2025-03-23 20:21:32,957 - INFO - Output video will be saved to: output/output_inference_20250323_202132.mp4
2025-03-23 20:21:33,423 - INFO - Speed: 1.7ms preprocess, 40.1ms inference, 0.3ms postprocess
2025-03-23 20:21:33,423 - INFO - Model class names: {0: 'person', 1: 'rider', 2: 'car', 3: 'truck', 4: 'bus', 5: 'train', 6: 'motorcycle', 7: 'bicycle', 8: 'traffic light', 9: 'traffic sign'}
2025-03-23 20:21:33,594 - INFO - Speed: 1.5ms preprocess, 37.7ms inference, 0.2ms postprocess
2025-03-23 20:21:33,645 - INFO - Speed: 1.0ms preprocess, 32.5ms inference, 0.2ms postprocess
2025-03-23 20:21:33,695 - INFO - Speed: 1.0ms preprocess, 30.8ms inference, 0.2ms postprocess
2025-03-23 20:21:33,747 - INFO - Speed: 1.0ms preprocess, 30.5ms inference, 0.2ms postprocess
2025-03-23 20:21:33,793 - INFO - Speed: 1.1ms preprocess, 29.3ms inference, 0.2ms postprocess
2025-03-23 20:21:33,840 - INFO - Speed: 1.0ms preprocess, 29.9ms inference, 0.2ms postprocess
2025-03-23 20:21:33,885 - INFO - Speed: 1.0ms preprocess, 28.7ms inference, 0.2ms postprocess
2025-03-23 20:21:33,939 - INFO - Speed: 1.0ms preprocess, 29.9ms inference, 0.3ms postprocess
2025-03-23 20:21:33,985 - INFO - Speed: 1.0ms preprocess, 29.6ms inference, 0.2ms postprocess
2025-03-23 20:21:34,031 - INFO - Speed: 1.0ms preprocess, 29.9ms inference, 0.2ms postprocess
2025-03-23 20:21:34,078 - INFO - Speed: 1.0ms preprocess, 29.8ms inference, 0.2ms postprocess
2025-03-23 20:21:34,124 - INFO - Speed: 1.0ms preprocess, 29.7ms inference, 0.2ms postprocess
2025-03-23 20:21:34,173 - INFO - Speed: 1.0ms preprocess, 31.0ms inference, 0.2ms postprocess
2025-03-23 20:21:34,233 - INFO - Speed: 1.1ms preprocess, 43.4ms inference, 0.2ms postprocess
2025-03-23 20:21:34,279 - INFO - Speed: 1.0ms preprocess, 28.2ms inference, 0.2ms postprocess
2025-03-23 20:21:34,326 - INFO - Speed: 0.9ms preprocess, 30.6ms inference, 0.2ms postprocess
2025-03-23 20:21:34,374 - INFO - Speed: 1.0ms preprocess, 31.4ms inference, 0.2ms postprocess
2025-03-23 20:21:34,420 - INFO - Speed: 1.0ms preprocess, 29.4ms inference, 0.2ms postprocess
2025-03-23 20:21:34,466 - INFO - Speed: 1.0ms preprocess, 29.7ms inference, 0.2ms postprocess
2025-03-23 20:21:34,513 - INFO - Speed: 1.0ms preprocess, 30.0ms inference, 0.2ms postprocess
2025-03-23 20:21:34,570 - INFO - Speed: 1.0ms preprocess, 40.1ms inference, 0.5ms postprocess
2025-03-23 20:21:34,619 - INFO - Speed: 1.0ms preprocess, 32.1ms inference, 0.2ms postprocess
2025-03-23 20:21:34,665 - INFO - Speed: 1.0ms preprocess, 29.1ms inference, 0.2ms postprocess
2025-03-23 20:21:34,710 - INFO - Speed: 1.0ms preprocess, 28.4ms inference, 0.2ms postprocess
2025-03-23 20:21:34,757 - INFO - Speed: 1.0ms preprocess, 30.1ms inference, 0.2ms postprocess
2025-03-23 20:21:34,803 - INFO - Speed: 1.0ms preprocess, 29.5ms inference, 0.2ms postprocess
2025-03-23 20:21:34,849 - INFO - Speed: 1.0ms preprocess, 29.6ms inference, 0.2ms postprocess
2025-03-23 20:21:34,895 - INFO - Speed: 1.0ms preprocess, 29.9ms inference, 0.3ms postprocess
2025-03-23 20:21:34,943 - INFO - Speed: 1.0ms preprocess, 30.4ms inference, 0.2ms postprocess
2025-03-23 20:21:34,989 - INFO - Speed: 1.0ms preprocess, 29.4ms inference, 0.2ms postprocess
2025-03-23 20:21:35,035 - INFO - Speed: 1.1ms preprocess, 29.2ms inference, 0.2ms postprocess
2025-03-23 20:21:35,081 - INFO - Speed: 1.0ms preprocess, 29.5ms inference, 0.2ms postprocess
2025-03-23 20:21:35,128 - INFO - Speed: 1.0ms preprocess, 30.2ms inference, 0.2ms postprocess
2025-03-23 20:21:35,176 - INFO - Speed: 1.0ms preprocess, 29.6ms inference, 0.2ms postprocess
2025-03-23 20:21:35,223 - INFO - Speed: 1.0ms preprocess, 30.6ms inference, 0.2ms postprocess
2025-03-23 20:21:35,269 - INFO - Speed: 1.0ms preprocess, 29.5ms inference, 0.2ms postprocess
2025-03-23 20:21:35,316 - INFO - Speed: 1.0ms preprocess, 28.8ms inference, 0.2ms postprocess
2025-03-23 20:21:35,362 - INFO - Speed: 0.9ms preprocess, 29.1ms inference, 0.3ms postprocess
2025-03-23 20:21:35,410 - INFO - Speed: 1.1ms preprocess, 30.5ms inference, 0.2ms postprocess
2025-03-23 20:21:35,456 - INFO - Speed: 1.0ms preprocess, 29.5ms inference, 0.2ms postprocess
2025-03-23 20:21:35,502 - INFO - Speed: 1.0ms preprocess, 29.1ms inference, 0.2ms postprocess
2025-03-23 20:21:35,549 - INFO - Speed: 1.1ms preprocess, 30.2ms inference, 0.4ms postprocess
2025-03-23 20:21:35,597 - INFO - Speed: 1.0ms preprocess, 30.4ms inference, 0.2ms postprocess
2025-03-23 20:21:35,644 - INFO - Speed: 0.9ms preprocess, 30.3ms inference, 0.2ms postprocess
2025-03-23 20:21:35,693 - INFO - Speed: 1.1ms preprocess, 30.7ms inference, 0.2ms postprocess
2025-03-23 20:21:35,741 - INFO - Speed: 0.9ms preprocess, 29.5ms inference, 0.3ms postprocess
2025-03-23 20:21:35,787 - INFO - Speed: 1.0ms preprocess, 29.9ms inference, 0.2ms postprocess
2025-03-23 20:21:35,833 - INFO - Speed: 1.0ms preprocess, 29.2ms inference, 0.2ms postprocess
2025-03-23 20:21:35,880 - INFO - Speed: 0.9ms preprocess, 29.0ms inference, 0.2ms postprocess
2025-03-23 20:21:35,926 - INFO - Speed: 0.9ms preprocess, 30.0ms inference, 0.2ms postprocess
2025-03-23 20:21:35,973 - INFO - Speed: 0.9ms preprocess, 29.7ms inference, 0.2ms postprocess
2025-03-23 20:21:36,020 - INFO - Speed: 1.0ms preprocess, 30.0ms inference, 0.2ms postprocess
2025-03-23 20:21:36,088 - INFO - Speed: 0.9ms preprocess, 50.6ms inference, 1.3ms postprocess
2025-03-23 20:21:36,134 - INFO - Speed: 1.1ms preprocess, 28.8ms inference, 0.3ms postprocess
2025-03-23 20:21:36,182 - INFO - Speed: 1.0ms preprocess, 30.7ms inference, 0.3ms postprocess
2025-03-23 20:21:36,230 - INFO - Speed: 1.0ms preprocess, 30.0ms inference, 0.3ms postprocess
2025-03-23 20:21:36,276 - INFO - Speed: 1.0ms preprocess, 29.5ms inference, 0.3ms postprocess
2025-03-23 20:21:36,322 - INFO - Speed: 1.0ms preprocess, 29.6ms inference, 0.2ms postprocess
2025-03-23 20:21:36,369 - INFO - Speed: 1.1ms preprocess, 29.8ms inference, 0.2ms postprocess
2025-03-23 20:21:36,415 - INFO - Speed: 0.9ms preprocess, 29.3ms inference, 0.3ms postprocess
2025-03-23 20:21:36,460 - INFO - Speed: 1.0ms preprocess, 28.4ms inference, 0.3ms postprocess
2025-03-23 20:21:36,505 - INFO - Speed: 0.9ms preprocess, 30.1ms inference, 0.2ms postprocess
2025-03-23 20:21:36,552 - INFO - Speed: 1.0ms preprocess, 30.1ms inference, 0.3ms postprocess
2025-03-23 20:21:36,599 - INFO - Speed: 1.0ms preprocess, 29.3ms inference, 0.5ms postprocess
2025-03-23 20:21:36,643 - INFO - Speed: 1.0ms preprocess, 27.9ms inference, 0.3ms postprocess
2025-03-23 20:21:36,690 - INFO - Speed: 1.0ms preprocess, 31.1ms inference, 0.4ms postprocess
2025-03-23 20:21:36,736 - INFO - Speed: 1.0ms preprocess, 28.8ms inference, 0.3ms postprocess
2025-03-23 20:21:36,790 - INFO - Speed: 1.0ms preprocess, 37.6ms inference, 0.2ms postprocess
2025-03-23 20:21:36,835 - INFO - Speed: 1.0ms preprocess, 28.7ms inference, 0.3ms postprocess
2025-03-23 20:21:36,881 - INFO - Speed: 0.9ms preprocess, 28.6ms inference, 0.4ms postprocess
2025-03-23 20:21:36,927 - INFO - Speed: 1.0ms preprocess, 29.6ms inference, 0.2ms postprocess
2025-03-23 20:21:36,973 - INFO - Speed: 1.0ms preprocess, 29.6ms inference, 0.2ms postprocess
2025-03-23 20:21:37,019 - INFO - Speed: 1.0ms preprocess, 29.0ms inference, 0.2ms postprocess
2025-03-23 20:21:37,066 - INFO - Speed: 1.0ms preprocess, 30.2ms inference, 0.2ms postprocess
2025-03-23 20:21:37,115 - INFO - Speed: 0.9ms preprocess, 32.3ms inference, 0.3ms postprocess
2025-03-23 20:21:37,161 - INFO - Speed: 1.0ms preprocess, 29.1ms inference, 0.3ms postprocess
2025-03-23 20:21:37,208 - INFO - Speed: 1.0ms preprocess, 30.1ms inference, 0.3ms postprocess
2025-03-23 20:21:37,254 - INFO - Speed: 0.9ms preprocess, 29.5ms inference, 0.2ms postprocess
2025-03-23 20:21:37,300 - INFO - Speed: 1.0ms preprocess, 29.3ms inference, 0.2ms postprocess
2025-03-23 20:21:37,348 - INFO - Speed: 1.0ms preprocess, 30.8ms inference, 0.5ms postprocess
2025-03-23 20:21:37,394 - INFO - Speed: 1.0ms preprocess, 29.0ms inference, 0.2ms postprocess
2025-03-23 20:21:37,440 - INFO - Speed: 1.0ms preprocess, 29.1ms inference, 0.2ms postprocess
2025-03-23 20:21:37,486 - INFO - Speed: 1.1ms preprocess, 29.8ms inference, 0.3ms postprocess
2025-03-23 20:21:37,533 - INFO - Speed: 1.0ms preprocess, 29.5ms inference, 0.2ms postprocess
2025-03-23 20:21:37,580 - INFO - Speed: 1.0ms preprocess, 29.8ms inference, 0.3ms postprocess
2025-03-23 20:21:37,626 - INFO - Speed: 0.9ms preprocess, 29.5ms inference, 0.3ms postprocess
2025-03-23 20:21:37,672 - INFO - Speed: 1.0ms preprocess, 29.8ms inference, 0.3ms postprocess
2025-03-23 20:21:37,718 - INFO - Speed: 1.1ms preprocess, 29.3ms inference, 0.3ms postprocess
2025-03-23 20:21:37,765 - INFO - Speed: 1.0ms preprocess, 29.4ms inference, 0.3ms postprocess
2025-03-23 20:21:37,811 - INFO - Speed: 1.0ms preprocess, 29.2ms inference, 0.3ms postprocess
2025-03-23 20:21:37,857 - INFO - Speed: 1.0ms preprocess, 30.0ms inference, 0.4ms postprocess
2025-03-23 20:21:37,902 - INFO - Speed: 1.0ms preprocess, 28.7ms inference, 0.3ms postprocess
2025-03-23 20:21:37,949 - INFO - Speed: 1.0ms preprocess, 29.7ms inference, 0.4ms postprocess
2025-03-23 20:21:37,996 - INFO - Speed: 1.0ms preprocess, 30.4ms inference, 0.3ms postprocess
2025-03-23 20:21:38,043 - INFO - Speed: 1.0ms preprocess, 30.0ms inference, 0.4ms postprocess
2025-03-23 20:21:38,090 - INFO - Speed: 1.0ms preprocess, 30.3ms inference, 0.3ms postprocess
2025-03-23 20:21:38,137 - INFO - Speed: 1.0ms preprocess, 30.0ms inference, 0.3ms postprocess
2025-03-23 20:21:38,184 - INFO - Speed: 1.0ms preprocess, 30.0ms inference, 0.3ms postprocess
2025-03-23 20:21:38,198 - INFO - Processed 100/444 frames
2025-03-23 20:21:38,229 - INFO - Speed: 1.0ms preprocess, 28.9ms inference, 0.3ms postprocess
2025-03-23 20:21:38,276 - INFO - Speed: 1.0ms preprocess, 30.2ms inference, 0.3ms postprocess
2025-03-23 20:21:38,323 - INFO - Speed: 0.9ms preprocess, 29.9ms inference, 0.3ms postprocess
2025-03-23 20:21:38,370 - INFO - Speed: 1.0ms preprocess, 29.9ms inference, 0.3ms postprocess
2025-03-23 20:21:38,416 - INFO - Speed: 1.0ms preprocess, 29.4ms inference, 0.3ms postprocess
2025-03-23 20:21:38,462 - INFO - Speed: 1.0ms preprocess, 29.4ms inference, 0.3ms postprocess
2025-03-23 20:21:38,509 - INFO - Speed: 1.0ms preprocess, 30.1ms inference, 0.3ms postprocess
2025-03-23 20:21:38,556 - INFO - Speed: 1.0ms preprocess, 30.2ms inference, 0.3ms postprocess
2025-03-23 20:21:38,602 - INFO - Speed: 1.0ms preprocess, 29.7ms inference, 0.3ms postprocess
2025-03-23 20:21:38,648 - INFO - Speed: 1.0ms preprocess, 29.6ms inference, 0.3ms postprocess
2025-03-23 20:21:38,696 - INFO - Speed: 1.0ms preprocess, 30.2ms inference, 0.3ms postprocess
2025-03-23 20:21:38,743 - INFO - Speed: 1.0ms preprocess, 29.8ms inference, 0.3ms postprocess
2025-03-23 20:21:38,790 - INFO - Speed: 1.0ms preprocess, 30.6ms inference, 0.3ms postprocess
2025-03-23 20:21:38,837 - INFO - Speed: 1.1ms preprocess, 30.1ms inference, 0.3ms postprocess
2025-03-23 20:21:38,883 - INFO - Speed: 1.0ms preprocess, 29.4ms inference, 0.3ms postprocess
2025-03-23 20:21:38,929 - INFO - Speed: 1.0ms preprocess, 29.5ms inference, 0.3ms postprocess
2025-03-23 20:21:38,975 - INFO - Speed: 1.0ms preprocess, 28.6ms inference, 0.3ms postprocess
2025-03-23 20:21:39,021 - INFO - Speed: 1.0ms preprocess, 29.8ms inference, 0.3ms postprocess
2025-03-23 20:21:39,068 - INFO - Speed: 1.0ms preprocess, 30.0ms inference, 0.3ms postprocess
2025-03-23 20:21:39,115 - INFO - Speed: 1.0ms preprocess, 29.5ms inference, 0.4ms postprocess
2025-03-23 20:21:39,161 - INFO - Speed: 1.0ms preprocess, 29.3ms inference, 0.3ms postprocess
2025-03-23 20:21:39,208 - INFO - Speed: 1.0ms preprocess, 29.7ms inference, 0.3ms postprocess
2025-03-23 20:21:39,254 - INFO - Speed: 0.9ms preprocess, 29.0ms inference, 0.3ms postprocess
2025-03-23 20:21:39,300 - INFO - Speed: 1.0ms preprocess, 29.4ms inference, 0.3ms postprocess
2025-03-23 20:21:39,347 - INFO - Speed: 1.0ms preprocess, 30.3ms inference, 0.3ms postprocess
2025-03-23 20:21:39,394 - INFO - Speed: 1.0ms preprocess, 29.8ms inference, 0.3ms postprocess
2025-03-23 20:21:39,440 - INFO - Speed: 1.0ms preprocess, 29.8ms inference, 0.3ms postprocess
2025-03-23 20:21:39,487 - INFO - Speed: 1.0ms preprocess, 29.2ms inference, 0.3ms postprocess
2025-03-23 20:21:39,534 - INFO - Speed: 1.0ms preprocess, 30.2ms inference, 0.3ms postprocess
2025-03-23 20:21:39,581 - INFO - Speed: 1.0ms preprocess, 30.1ms inference, 0.3ms postprocess
2025-03-23 20:21:39,628 - INFO - Speed: 1.0ms preprocess, 30.0ms inference, 0.4ms postprocess
2025-03-23 20:21:39,675 - INFO - Speed: 1.0ms preprocess, 30.6ms inference, 0.3ms postprocess
2025-03-23 20:21:39,721 - INFO - Speed: 0.9ms preprocess, 29.0ms inference, 0.3ms postprocess
2025-03-23 20:21:39,767 - INFO - Speed: 0.9ms preprocess, 30.0ms inference, 0.3ms postprocess
2025-03-23 20:21:39,814 - INFO - Speed: 1.0ms preprocess, 29.6ms inference, 0.3ms postprocess
2025-03-23 20:21:39,861 - INFO - Speed: 0.9ms preprocess, 29.8ms inference, 0.3ms postprocess
2025-03-23 20:21:39,907 - INFO - Speed: 1.0ms preprocess, 29.4ms inference, 0.3ms postprocess
2025-03-23 20:21:39,952 - INFO - Speed: 1.0ms preprocess, 28.5ms inference, 0.3ms postprocess
2025-03-23 20:21:39,998 - INFO - Speed: 0.9ms preprocess, 28.9ms inference, 0.3ms postprocess
2025-03-23 20:21:40,044 - INFO - Speed: 1.0ms preprocess, 29.3ms inference, 0.4ms postprocess
2025-03-23 20:21:40,089 - INFO - Speed: 1.0ms preprocess, 29.9ms inference, 0.3ms postprocess
2025-03-23 20:21:40,159 - INFO - Speed: 1.2ms preprocess, 53.5ms inference, 0.3ms postprocess
2025-03-23 20:21:40,206 - INFO - Speed: 1.0ms preprocess, 29.8ms inference, 0.3ms postprocess
2025-03-23 20:21:40,251 - INFO - Speed: 1.0ms preprocess, 29.2ms inference, 0.3ms postprocess
2025-03-23 20:21:40,297 - INFO - Speed: 1.0ms preprocess, 29.5ms inference, 0.3ms postprocess
2025-03-23 20:21:40,343 - INFO - Speed: 1.0ms preprocess, 28.7ms inference, 0.3ms postprocess
2025-03-23 20:21:40,391 - INFO - Speed: 1.0ms preprocess, 30.6ms inference, 0.3ms postprocess
2025-03-23 20:21:40,436 - INFO - Speed: 1.0ms preprocess, 29.3ms inference, 0.3ms postprocess
2025-03-23 20:21:40,482 - INFO - Speed: 0.9ms preprocess, 29.0ms inference, 0.3ms postprocess
2025-03-23 20:21:40,528 - INFO - Speed: 1.0ms preprocess, 29.7ms inference, 0.3ms postprocess
2025-03-23 20:21:40,575 - INFO - Speed: 1.0ms preprocess, 29.7ms inference, 0.3ms postprocess
2025-03-23 20:21:40,621 - INFO - Speed: 0.9ms preprocess, 29.8ms inference, 0.3ms postprocess
2025-03-23 20:21:40,669 - INFO - Speed: 1.0ms preprocess, 31.3ms inference, 0.3ms postprocess
2025-03-23 20:21:40,715 - INFO - Speed: 1.0ms preprocess, 28.7ms inference, 0.3ms postprocess
2025-03-23 20:21:40,762 - INFO - Speed: 1.0ms preprocess, 29.7ms inference, 0.3ms postprocess
2025-03-23 20:21:40,808 - INFO - Speed: 0.9ms preprocess, 29.2ms inference, 0.3ms postprocess
2025-03-23 20:21:40,854 - INFO - Speed: 1.0ms preprocess, 29.6ms inference, 0.4ms postprocess
2025-03-23 20:21:40,900 - INFO - Speed: 1.0ms preprocess, 29.7ms inference, 0.3ms postprocess
2025-03-23 20:21:40,947 - INFO - Speed: 1.0ms preprocess, 29.6ms inference, 0.3ms postprocess
2025-03-23 20:21:40,993 - INFO - Speed: 1.1ms preprocess, 29.4ms inference, 0.3ms postprocess
2025-03-23 20:21:41,042 - INFO - Speed: 1.0ms preprocess, 31.6ms inference, 0.3ms postprocess
2025-03-23 20:21:41,087 - INFO - Speed: 1.0ms preprocess, 29.0ms inference, 0.3ms postprocess
2025-03-23 20:21:41,135 - INFO - Speed: 1.0ms preprocess, 30.8ms inference, 0.3ms postprocess
2025-03-23 20:21:41,181 - INFO - Speed: 1.0ms preprocess, 29.9ms inference, 0.4ms postprocess
2025-03-23 20:21:41,227 - INFO - Speed: 1.0ms preprocess, 29.4ms inference, 0.4ms postprocess
2025-03-23 20:21:41,274 - INFO - Speed: 0.9ms preprocess, 29.3ms inference, 0.4ms postprocess
2025-03-23 20:21:41,320 - INFO - Speed: 1.0ms preprocess, 29.6ms inference, 0.3ms postprocess
2025-03-23 20:21:41,366 - INFO - Speed: 1.0ms preprocess, 29.4ms inference, 0.3ms postprocess
2025-03-23 20:21:41,413 - INFO - Speed: 1.0ms preprocess, 30.2ms inference, 0.3ms postprocess
2025-03-23 20:21:41,459 - INFO - Speed: 1.0ms preprocess, 29.5ms inference, 0.3ms postprocess
2025-03-23 20:21:41,506 - INFO - Speed: 0.9ms preprocess, 29.8ms inference, 0.3ms postprocess
2025-03-23 20:21:41,553 - INFO - Speed: 1.1ms preprocess, 29.7ms inference, 0.3ms postprocess
2025-03-23 20:21:41,599 - INFO - Speed: 1.0ms preprocess, 29.4ms inference, 0.3ms postprocess
2025-03-23 20:21:41,646 - INFO - Speed: 1.0ms preprocess, 30.0ms inference, 0.4ms postprocess
2025-03-23 20:21:41,691 - INFO - Speed: 1.0ms preprocess, 28.8ms inference, 0.3ms postprocess
2025-03-23 20:21:41,737 - INFO - Speed: 1.0ms preprocess, 28.8ms inference, 0.4ms postprocess
2025-03-23 20:21:41,783 - INFO - Speed: 1.0ms preprocess, 29.6ms inference, 0.3ms postprocess
2025-03-23 20:21:41,830 - INFO - Speed: 1.0ms preprocess, 29.6ms inference, 0.3ms postprocess
2025-03-23 20:21:41,876 - INFO - Speed: 1.0ms preprocess, 29.7ms inference, 0.4ms postprocess
2025-03-23 20:21:41,924 - INFO - Speed: 1.0ms preprocess, 30.9ms inference, 0.3ms postprocess
2025-03-23 20:21:41,970 - INFO - Speed: 1.0ms preprocess, 29.7ms inference, 0.3ms postprocess
2025-03-23 20:21:42,017 - INFO - Speed: 1.0ms preprocess, 29.4ms inference, 0.2ms postprocess
2025-03-23 20:21:42,063 - INFO - Speed: 0.9ms preprocess, 28.5ms inference, 0.3ms postprocess
2025-03-23 20:21:42,110 - INFO - Speed: 1.0ms preprocess, 30.0ms inference, 0.3ms postprocess
2025-03-23 20:21:42,157 - INFO - Speed: 1.0ms preprocess, 30.3ms inference, 0.3ms postprocess
2025-03-23 20:21:42,203 - INFO - Speed: 1.0ms preprocess, 29.4ms inference, 0.2ms postprocess
2025-03-23 20:21:42,249 - INFO - Speed: 1.0ms preprocess, 29.7ms inference, 0.3ms postprocess
2025-03-23 20:21:42,295 - INFO - Speed: 1.0ms preprocess, 29.2ms inference, 0.2ms postprocess
2025-03-23 20:21:42,342 - INFO - Speed: 0.9ms preprocess, 30.5ms inference, 0.3ms postprocess
2025-03-23 20:21:42,389 - INFO - Speed: 1.0ms preprocess, 29.8ms inference, 0.3ms postprocess
2025-03-23 20:21:42,435 - INFO - Speed: 0.9ms preprocess, 29.8ms inference, 0.3ms postprocess
2025-03-23 20:21:42,481 - INFO - Speed: 1.0ms preprocess, 29.0ms inference, 0.3ms postprocess
2025-03-23 20:21:42,527 - INFO - Speed: 1.0ms preprocess, 29.5ms inference, 0.3ms postprocess
2025-03-23 20:21:42,573 - INFO - Speed: 0.9ms preprocess, 30.0ms inference, 0.3ms postprocess
2025-03-23 20:21:42,621 - INFO - Speed: 1.0ms preprocess, 30.3ms inference, 0.3ms postprocess
2025-03-23 20:21:42,666 - INFO - Speed: 1.0ms preprocess, 29.2ms inference, 0.3ms postprocess
2025-03-23 20:21:42,712 - INFO - Speed: 0.9ms preprocess, 29.1ms inference, 0.3ms postprocess
2025-03-23 20:21:42,759 - INFO - Speed: 1.0ms preprocess, 30.3ms inference, 0.2ms postprocess
2025-03-23 20:21:42,805 - INFO - Speed: 1.0ms preprocess, 29.2ms inference, 0.3ms postprocess
2025-03-23 20:21:42,852 - INFO - Speed: 1.0ms preprocess, 30.3ms inference, 0.3ms postprocess
2025-03-23 20:21:42,866 - INFO - Processed 200/444 frames
2025-03-23 20:21:42,898 - INFO - Speed: 1.0ms preprocess, 29.4ms inference, 0.2ms postprocess
2025-03-23 20:21:42,945 - INFO - Speed: 1.0ms preprocess, 30.9ms inference, 0.2ms postprocess
2025-03-23 20:21:42,992 - INFO - Speed: 1.0ms preprocess, 30.4ms inference, 0.2ms postprocess
2025-03-23 20:21:43,036 - INFO - Speed: 1.0ms preprocess, 28.6ms inference, 0.3ms postprocess
2025-03-23 20:21:43,082 - INFO - Speed: 0.9ms preprocess, 29.2ms inference, 0.2ms postprocess
2025-03-23 20:21:43,128 - INFO - Speed: 1.0ms preprocess, 29.4ms inference, 0.3ms postprocess
2025-03-23 20:21:43,175 - INFO - Speed: 1.0ms preprocess, 29.3ms inference, 0.3ms postprocess
2025-03-23 20:21:43,221 - INFO - Speed: 0.9ms preprocess, 30.2ms inference, 0.3ms postprocess
2025-03-23 20:21:43,274 - INFO - Speed: 1.0ms preprocess, 31.4ms inference, 0.3ms postprocess
2025-03-23 20:21:43,320 - INFO - Speed: 0.9ms preprocess, 30.2ms inference, 0.3ms postprocess
2025-03-23 20:21:43,366 - INFO - Speed: 1.0ms preprocess, 28.4ms inference, 0.3ms postprocess
2025-03-23 20:21:43,414 - INFO - Speed: 1.0ms preprocess, 31.4ms inference, 0.4ms postprocess
2025-03-23 20:21:43,462 - INFO - Speed: 1.0ms preprocess, 30.4ms inference, 0.3ms postprocess
2025-03-23 20:21:43,510 - INFO - Speed: 1.0ms preprocess, 30.6ms inference, 0.3ms postprocess
2025-03-23 20:21:43,560 - INFO - Speed: 1.0ms preprocess, 30.4ms inference, 0.3ms postprocess
2025-03-23 20:21:43,606 - INFO - Speed: 1.0ms preprocess, 28.7ms inference, 0.4ms postprocess
2025-03-23 20:21:43,653 - INFO - Speed: 1.0ms preprocess, 30.2ms inference, 0.2ms postprocess
2025-03-23 20:21:43,699 - INFO - Speed: 0.9ms preprocess, 29.8ms inference, 0.2ms postprocess
2025-03-23 20:21:43,747 - INFO - Speed: 0.9ms preprocess, 30.6ms inference, 0.4ms postprocess
2025-03-23 20:21:43,794 - INFO - Speed: 1.0ms preprocess, 29.6ms inference, 0.2ms postprocess
2025-03-23 20:21:43,842 - INFO - Speed: 1.0ms preprocess, 29.7ms inference, 0.2ms postprocess
2025-03-23 20:21:43,887 - INFO - Speed: 1.0ms preprocess, 28.5ms inference, 0.2ms postprocess
2025-03-23 20:21:43,932 - INFO - Speed: 0.9ms preprocess, 28.0ms inference, 0.2ms postprocess
2025-03-23 20:21:43,979 - INFO - Speed: 0.9ms preprocess, 30.6ms inference, 0.2ms postprocess
2025-03-23 20:21:44,025 - INFO - Speed: 1.0ms preprocess, 29.8ms inference, 0.2ms postprocess
2025-03-23 20:21:44,072 - INFO - Speed: 1.0ms preprocess, 30.1ms inference, 0.2ms postprocess
2025-03-23 20:21:44,118 - INFO - Speed: 1.0ms preprocess, 29.5ms inference, 0.2ms postprocess
2025-03-23 20:21:44,164 - INFO - Speed: 1.0ms preprocess, 29.9ms inference, 0.2ms postprocess
2025-03-23 20:21:44,235 - INFO - Speed: 1.0ms preprocess, 54.0ms inference, 0.2ms postprocess
2025-03-23 20:21:44,283 - INFO - Speed: 1.0ms preprocess, 30.1ms inference, 0.2ms postprocess
2025-03-23 20:21:44,331 - INFO - Speed: 0.9ms preprocess, 30.3ms inference, 0.2ms postprocess
2025-03-23 20:21:44,377 - INFO - Speed: 1.0ms preprocess, 29.7ms inference, 0.2ms postprocess
2025-03-23 20:21:44,424 - INFO - Speed: 1.0ms preprocess, 29.9ms inference, 0.2ms postprocess
2025-03-23 20:21:44,474 - INFO - Speed: 2.7ms preprocess, 32.3ms inference, 0.2ms postprocess
2025-03-23 20:21:44,520 - INFO - Speed: 1.2ms preprocess, 29.6ms inference, 0.2ms postprocess
2025-03-23 20:21:44,566 - INFO - Speed: 0.9ms preprocess, 29.9ms inference, 0.2ms postprocess
2025-03-23 20:21:44,612 - INFO - Speed: 1.0ms preprocess, 29.3ms inference, 0.2ms postprocess
2025-03-23 20:21:44,658 - INFO - Speed: 1.0ms preprocess, 29.7ms inference, 0.2ms postprocess
2025-03-23 20:21:44,704 - INFO - Speed: 0.9ms preprocess, 29.9ms inference, 0.2ms postprocess
2025-03-23 20:21:44,750 - INFO - Speed: 1.0ms preprocess, 29.5ms inference, 0.2ms postprocess
2025-03-23 20:21:44,797 - INFO - Speed: 1.0ms preprocess, 29.6ms inference, 0.2ms postprocess
2025-03-23 20:21:44,843 - INFO - Speed: 1.0ms preprocess, 30.0ms inference, 0.2ms postprocess
2025-03-23 20:21:44,892 - INFO - Speed: 1.0ms preprocess, 32.0ms inference, 0.3ms postprocess
2025-03-23 20:21:44,939 - INFO - Speed: 1.0ms preprocess, 29.4ms inference, 0.2ms postprocess
2025-03-23 20:21:44,985 - INFO - Speed: 1.1ms preprocess, 29.3ms inference, 0.2ms postprocess
2025-03-23 20:21:45,031 - INFO - Speed: 1.0ms preprocess, 29.4ms inference, 0.2ms postprocess
2025-03-23 20:21:45,077 - INFO - Speed: 1.0ms preprocess, 29.2ms inference, 0.2ms postprocess
2025-03-23 20:21:45,124 - INFO - Speed: 1.0ms preprocess, 30.4ms inference, 0.2ms postprocess
2025-03-23 20:21:45,169 - INFO - Speed: 1.0ms preprocess, 29.3ms inference, 0.2ms postprocess
2025-03-23 20:21:45,215 - INFO - Speed: 1.0ms preprocess, 29.3ms inference, 0.2ms postprocess
2025-03-23 20:21:45,262 - INFO - Speed: 1.0ms preprocess, 30.3ms inference, 0.2ms postprocess
2025-03-23 20:21:45,308 - INFO - Speed: 1.0ms preprocess, 29.4ms inference, 0.2ms postprocess
2025-03-23 20:21:45,352 - INFO - Speed: 1.0ms preprocess, 28.6ms inference, 0.2ms postprocess
2025-03-23 20:21:45,399 - INFO - Speed: 0.9ms preprocess, 30.0ms inference, 0.2ms postprocess
2025-03-23 20:21:45,446 - INFO - Speed: 1.0ms preprocess, 30.1ms inference, 0.2ms postprocess
2025-03-23 20:21:45,493 - INFO - Speed: 1.0ms preprocess, 30.1ms inference, 0.2ms postprocess
2025-03-23 20:21:45,538 - INFO - Speed: 1.0ms preprocess, 29.6ms inference, 0.2ms postprocess
2025-03-23 20:21:45,585 - INFO - Speed: 1.1ms preprocess, 29.4ms inference, 0.2ms postprocess
2025-03-23 20:21:45,631 - INFO - Speed: 1.0ms preprocess, 29.2ms inference, 0.2ms postprocess
2025-03-23 20:21:45,677 - INFO - Speed: 1.0ms preprocess, 29.3ms inference, 0.2ms postprocess
2025-03-23 20:21:45,724 - INFO - Speed: 1.0ms preprocess, 29.9ms inference, 0.2ms postprocess
2025-03-23 20:21:45,770 - INFO - Speed: 1.0ms preprocess, 29.1ms inference, 0.2ms postprocess
2025-03-23 20:21:45,816 - INFO - Speed: 1.0ms preprocess, 29.2ms inference, 0.2ms postprocess
2025-03-23 20:21:45,862 - INFO - Speed: 1.0ms preprocess, 29.2ms inference, 0.2ms postprocess
2025-03-23 20:21:45,907 - INFO - Speed: 1.0ms preprocess, 28.9ms inference, 0.2ms postprocess
2025-03-23 20:21:45,953 - INFO - Speed: 1.0ms preprocess, 29.7ms inference, 0.2ms postprocess
2025-03-23 20:21:45,999 - INFO - Speed: 1.0ms preprocess, 29.0ms inference, 0.2ms postprocess
2025-03-23 20:21:46,046 - INFO - Speed: 1.0ms preprocess, 29.9ms inference, 0.3ms postprocess
2025-03-23 20:21:46,093 - INFO - Speed: 1.1ms preprocess, 30.0ms inference, 0.2ms postprocess
2025-03-23 20:21:46,140 - INFO - Speed: 0.9ms preprocess, 31.1ms inference, 0.2ms postprocess
2025-03-23 20:21:46,186 - INFO - Speed: 1.1ms preprocess, 29.1ms inference, 0.2ms postprocess
2025-03-23 20:21:46,231 - INFO - Speed: 1.0ms preprocess, 29.0ms inference, 0.2ms postprocess
2025-03-23 20:21:46,277 - INFO - Speed: 1.0ms preprocess, 29.1ms inference, 0.2ms postprocess
2025-03-23 20:21:46,324 - INFO - Speed: 1.0ms preprocess, 29.6ms inference, 0.2ms postprocess
2025-03-23 20:21:46,370 - INFO - Speed: 1.0ms preprocess, 29.8ms inference, 0.2ms postprocess
2025-03-23 20:21:46,417 - INFO - Speed: 1.0ms preprocess, 29.7ms inference, 0.2ms postprocess
2025-03-23 20:21:46,463 - INFO - Speed: 0.9ms preprocess, 29.9ms inference, 0.2ms postprocess
2025-03-23 20:21:46,508 - INFO - Speed: 1.0ms preprocess, 29.0ms inference, 0.2ms postprocess
2025-03-23 20:21:46,555 - INFO - Speed: 1.0ms preprocess, 29.6ms inference, 0.2ms postprocess
2025-03-23 20:21:46,601 - INFO - Speed: 1.0ms preprocess, 29.7ms inference, 0.2ms postprocess
2025-03-23 20:21:46,648 - INFO - Speed: 1.0ms preprocess, 29.8ms inference, 0.2ms postprocess
2025-03-23 20:21:46,711 - INFO - Speed: 1.0ms preprocess, 47.1ms inference, 0.2ms postprocess
2025-03-23 20:21:46,757 - INFO - Speed: 1.0ms preprocess, 29.1ms inference, 0.2ms postprocess
2025-03-23 20:21:46,803 - INFO - Speed: 1.0ms preprocess, 29.4ms inference, 0.2ms postprocess
2025-03-23 20:21:46,849 - INFO - Speed: 0.9ms preprocess, 29.2ms inference, 0.2ms postprocess
2025-03-23 20:21:46,895 - INFO - Speed: 0.9ms preprocess, 29.7ms inference, 0.2ms postprocess
2025-03-23 20:21:46,941 - INFO - Speed: 1.0ms preprocess, 30.2ms inference, 0.2ms postprocess
2025-03-23 20:21:46,986 - INFO - Speed: 1.0ms preprocess, 28.5ms inference, 0.3ms postprocess
2025-03-23 20:21:47,031 - INFO - Speed: 0.9ms preprocess, 28.5ms inference, 0.2ms postprocess
2025-03-23 20:21:47,078 - INFO - Speed: 1.0ms preprocess, 29.9ms inference, 0.2ms postprocess
2025-03-23 20:21:47,126 - INFO - Speed: 1.0ms preprocess, 31.2ms inference, 0.2ms postprocess
2025-03-23 20:21:47,175 - INFO - Speed: 1.0ms preprocess, 30.2ms inference, 0.2ms postprocess
2025-03-23 20:21:47,221 - INFO - Speed: 0.9ms preprocess, 29.7ms inference, 0.2ms postprocess
2025-03-23 20:21:47,268 - INFO - Speed: 1.1ms preprocess, 29.5ms inference, 0.2ms postprocess
2025-03-23 20:21:47,314 - INFO - Speed: 1.0ms preprocess, 29.5ms inference, 0.2ms postprocess
2025-03-23 20:21:47,359 - INFO - Speed: 0.9ms preprocess, 29.4ms inference, 0.2ms postprocess
2025-03-23 20:21:47,406 - INFO - Speed: 1.0ms preprocess, 29.9ms inference, 0.2ms postprocess
2025-03-23 20:21:47,453 - INFO - Speed: 1.2ms preprocess, 30.1ms inference, 0.2ms postprocess
2025-03-23 20:21:47,499 - INFO - Speed: 0.9ms preprocess, 29.7ms inference, 0.3ms postprocess
2025-03-23 20:21:47,546 - INFO - Speed: 1.0ms preprocess, 30.4ms inference, 0.2ms postprocess
2025-03-23 20:21:47,561 - INFO - Processed 300/444 frames
2025-03-23 20:21:47,593 - INFO - Speed: 1.1ms preprocess, 30.8ms inference, 0.2ms postprocess
2025-03-23 20:21:47,640 - INFO - Speed: 1.0ms preprocess, 29.9ms inference, 0.2ms postprocess
2025-03-23 20:21:47,686 - INFO - Speed: 1.0ms preprocess, 29.5ms inference, 0.2ms postprocess
2025-03-23 20:21:47,732 - INFO - Speed: 1.0ms preprocess, 29.2ms inference, 0.2ms postprocess
2025-03-23 20:21:47,779 - INFO - Speed: 1.0ms preprocess, 29.9ms inference, 0.3ms postprocess
2025-03-23 20:21:47,826 - INFO - Speed: 1.0ms preprocess, 30.5ms inference, 0.2ms postprocess
2025-03-23 20:21:47,872 - INFO - Speed: 1.0ms preprocess, 29.8ms inference, 0.2ms postprocess
2025-03-23 20:21:47,918 - INFO - Speed: 1.0ms preprocess, 29.9ms inference, 0.2ms postprocess
2025-03-23 20:21:47,965 - INFO - Speed: 1.0ms preprocess, 30.2ms inference, 0.3ms postprocess
2025-03-23 20:21:48,011 - INFO - Speed: 1.0ms preprocess, 29.1ms inference, 0.2ms postprocess
2025-03-23 20:21:48,056 - INFO - Speed: 1.0ms preprocess, 29.5ms inference, 0.2ms postprocess
2025-03-23 20:21:48,102 - INFO - Speed: 1.0ms preprocess, 29.0ms inference, 0.2ms postprocess
2025-03-23 20:21:48,149 - INFO - Speed: 1.0ms preprocess, 30.4ms inference, 0.2ms postprocess
2025-03-23 20:21:48,195 - INFO - Speed: 0.9ms preprocess, 29.3ms inference, 0.2ms postprocess
2025-03-23 20:21:48,242 - INFO - Speed: 1.0ms preprocess, 29.5ms inference, 0.2ms postprocess
2025-03-23 20:21:48,288 - INFO - Speed: 1.0ms preprocess, 29.3ms inference, 0.2ms postprocess
2025-03-23 20:21:48,333 - INFO - Speed: 1.0ms preprocess, 29.5ms inference, 0.2ms postprocess
2025-03-23 20:21:48,402 - INFO - Speed: 1.0ms preprocess, 51.7ms inference, 0.3ms postprocess
2025-03-23 20:21:48,454 - INFO - Speed: 1.0ms preprocess, 35.4ms inference, 0.2ms postprocess
2025-03-23 20:21:48,507 - INFO - Speed: 1.0ms preprocess, 35.8ms inference, 0.3ms postprocess
2025-03-23 20:21:48,554 - INFO - Speed: 1.0ms preprocess, 31.4ms inference, 0.2ms postprocess
2025-03-23 20:21:48,601 - INFO - Speed: 1.0ms preprocess, 29.9ms inference, 0.2ms postprocess
2025-03-23 20:21:48,648 - INFO - Speed: 1.0ms preprocess, 30.0ms inference, 0.2ms postprocess
2025-03-23 20:21:48,694 - INFO - Speed: 1.0ms preprocess, 29.7ms inference, 0.2ms postprocess
2025-03-23 20:21:48,741 - INFO - Speed: 1.0ms preprocess, 30.6ms inference, 0.2ms postprocess
2025-03-23 20:21:48,787 - INFO - Speed: 1.0ms preprocess, 29.6ms inference, 0.4ms postprocess
2025-03-23 20:21:48,834 - INFO - Speed: 0.9ms preprocess, 29.5ms inference, 0.3ms postprocess
2025-03-23 20:21:48,881 - INFO - Speed: 1.0ms preprocess, 30.1ms inference, 0.2ms postprocess
2025-03-23 20:21:48,927 - INFO - Speed: 1.0ms preprocess, 30.2ms inference, 0.2ms postprocess
2025-03-23 20:21:48,973 - INFO - Speed: 1.0ms preprocess, 29.3ms inference, 0.3ms postprocess
2025-03-23 20:21:49,019 - INFO - Speed: 1.0ms preprocess, 29.6ms inference, 0.2ms postprocess
2025-03-23 20:21:49,065 - INFO - Speed: 1.0ms preprocess, 29.6ms inference, 0.2ms postprocess
2025-03-23 20:21:49,111 - INFO - Speed: 1.0ms preprocess, 29.8ms inference, 0.2ms postprocess
2025-03-23 20:21:49,159 - INFO - Speed: 1.0ms preprocess, 30.8ms inference, 0.2ms postprocess
2025-03-23 20:21:49,205 - INFO - Speed: 1.0ms preprocess, 29.4ms inference, 0.3ms postprocess
2025-03-23 20:21:49,250 - INFO - Speed: 1.0ms preprocess, 29.1ms inference, 0.2ms postprocess
2025-03-23 20:21:49,298 - INFO - Speed: 0.9ms preprocess, 31.7ms inference, 0.2ms postprocess
2025-03-23 20:21:49,344 - INFO - Speed: 1.0ms preprocess, 29.1ms inference, 0.2ms postprocess
2025-03-23 20:21:49,391 - INFO - Speed: 0.9ms preprocess, 30.3ms inference, 0.2ms postprocess
2025-03-23 20:21:49,436 - INFO - Speed: 1.0ms preprocess, 29.4ms inference, 0.2ms postprocess
2025-03-23 20:21:49,483 - INFO - Speed: 1.0ms preprocess, 30.4ms inference, 0.2ms postprocess
2025-03-23 20:21:49,528 - INFO - Speed: 1.0ms preprocess, 28.9ms inference, 0.2ms postprocess
2025-03-23 20:21:49,576 - INFO - Speed: 1.0ms preprocess, 30.6ms inference, 0.2ms postprocess
2025-03-23 20:21:49,621 - INFO - Speed: 1.0ms preprocess, 29.2ms inference, 0.2ms postprocess
2025-03-23 20:21:49,666 - INFO - Speed: 1.0ms preprocess, 28.7ms inference, 0.2ms postprocess
2025-03-23 20:21:49,712 - INFO - Speed: 1.0ms preprocess, 29.8ms inference, 0.2ms postprocess
2025-03-23 20:21:49,759 - INFO - Speed: 1.0ms preprocess, 29.8ms inference, 0.2ms postprocess
2025-03-23 20:21:49,804 - INFO - Speed: 1.0ms preprocess, 29.3ms inference, 0.2ms postprocess
2025-03-23 20:21:49,850 - INFO - Speed: 1.0ms preprocess, 29.7ms inference, 0.2ms postprocess
2025-03-23 20:21:49,897 - INFO - Speed: 1.0ms preprocess, 30.0ms inference, 0.2ms postprocess
2025-03-23 20:21:49,943 - INFO - Speed: 1.0ms preprocess, 29.5ms inference, 0.2ms postprocess
2025-03-23 20:21:49,990 - INFO - Speed: 1.0ms preprocess, 29.7ms inference, 0.2ms postprocess
2025-03-23 20:21:50,035 - INFO - Speed: 1.1ms preprocess, 29.2ms inference, 0.2ms postprocess
2025-03-23 20:21:50,082 - INFO - Speed: 1.0ms preprocess, 30.1ms inference, 0.2ms postprocess
2025-03-23 20:21:50,128 - INFO - Speed: 1.0ms preprocess, 29.4ms inference, 0.2ms postprocess
2025-03-23 20:21:50,175 - INFO - Speed: 0.9ms preprocess, 30.3ms inference, 0.2ms postprocess
2025-03-23 20:21:50,221 - INFO - Speed: 1.0ms preprocess, 29.8ms inference, 0.2ms postprocess
2025-03-23 20:21:50,267 - INFO - Speed: 1.0ms preprocess, 29.7ms inference, 0.2ms postprocess
2025-03-23 20:21:50,313 - INFO - Speed: 1.0ms preprocess, 30.1ms inference, 0.2ms postprocess
2025-03-23 20:21:50,359 - INFO - Speed: 0.9ms preprocess, 29.1ms inference, 0.2ms postprocess
2025-03-23 20:21:50,404 - INFO - Speed: 0.9ms preprocess, 29.6ms inference, 0.2ms postprocess
2025-03-23 20:21:50,449 - INFO - Speed: 0.9ms preprocess, 28.1ms inference, 0.3ms postprocess
2025-03-23 20:21:50,496 - INFO - Speed: 1.0ms preprocess, 30.2ms inference, 0.2ms postprocess
2025-03-23 20:21:50,541 - INFO - Speed: 1.0ms preprocess, 28.6ms inference, 0.2ms postprocess
2025-03-23 20:21:50,587 - INFO - Speed: 1.0ms preprocess, 29.8ms inference, 0.3ms postprocess
2025-03-23 20:21:50,634 - INFO - Speed: 1.0ms preprocess, 29.8ms inference, 0.2ms postprocess
2025-03-23 20:21:50,679 - INFO - Speed: 1.0ms preprocess, 29.4ms inference, 0.2ms postprocess
2025-03-23 20:21:50,725 - INFO - Speed: 0.9ms preprocess, 29.5ms inference, 0.2ms postprocess
2025-03-23 20:21:50,770 - INFO - Speed: 1.0ms preprocess, 28.6ms inference, 0.2ms postprocess
2025-03-23 20:21:50,817 - INFO - Speed: 1.0ms preprocess, 30.1ms inference, 0.2ms postprocess
2025-03-23 20:21:50,864 - INFO - Speed: 0.9ms preprocess, 30.3ms inference, 0.3ms postprocess
2025-03-23 20:21:50,910 - INFO - Speed: 1.0ms preprocess, 29.4ms inference, 0.2ms postprocess
2025-03-23 20:21:50,955 - INFO - Speed: 0.9ms preprocess, 29.9ms inference, 0.2ms postprocess
2025-03-23 20:21:51,002 - INFO - Speed: 1.0ms preprocess, 29.9ms inference, 0.2ms postprocess
2025-03-23 20:21:51,049 - INFO - Speed: 1.0ms preprocess, 29.6ms inference, 0.2ms postprocess
2025-03-23 20:21:51,096 - INFO - Speed: 0.9ms preprocess, 30.6ms inference, 0.2ms postprocess
2025-03-23 20:21:51,142 - INFO - Speed: 1.0ms preprocess, 29.8ms inference, 0.2ms postprocess
2025-03-23 20:21:51,189 - INFO - Speed: 1.0ms preprocess, 30.6ms inference, 0.2ms postprocess
2025-03-23 20:21:51,235 - INFO - Speed: 1.0ms preprocess, 29.2ms inference, 0.3ms postprocess
2025-03-23 20:21:51,281 - INFO - Speed: 1.0ms preprocess, 29.5ms inference, 0.3ms postprocess
2025-03-23 20:21:51,328 - INFO - Speed: 1.0ms preprocess, 30.3ms inference, 0.2ms postprocess
2025-03-23 20:21:51,374 - INFO - Speed: 1.0ms preprocess, 29.8ms inference, 0.2ms postprocess
2025-03-23 20:21:51,421 - INFO - Speed: 1.0ms preprocess, 30.2ms inference, 0.2ms postprocess
2025-03-23 20:21:51,466 - INFO - Speed: 1.0ms preprocess, 28.9ms inference, 0.2ms postprocess
2025-03-23 20:21:51,513 - INFO - Speed: 1.0ms preprocess, 29.9ms inference, 0.2ms postprocess
2025-03-23 20:21:51,559 - INFO - Speed: 1.0ms preprocess, 29.8ms inference, 0.2ms postprocess
2025-03-23 20:21:51,606 - INFO - Speed: 1.0ms preprocess, 29.9ms inference, 0.4ms postprocess
2025-03-23 20:21:51,653 - INFO - Speed: 1.2ms preprocess, 30.5ms inference, 0.2ms postprocess
2025-03-23 20:21:51,699 - INFO - Speed: 0.9ms preprocess, 29.6ms inference, 0.2ms postprocess
2025-03-23 20:21:51,746 - INFO - Speed: 1.0ms preprocess, 29.8ms inference, 0.2ms postprocess
2025-03-23 20:21:51,792 - INFO - Speed: 1.0ms preprocess, 30.1ms inference, 0.2ms postprocess
2025-03-23 20:21:51,839 - INFO - Speed: 1.0ms preprocess, 30.7ms inference, 0.3ms postprocess
2025-03-23 20:21:51,885 - INFO - Speed: 1.1ms preprocess, 29.5ms inference, 0.2ms postprocess
2025-03-23 20:21:51,932 - INFO - Speed: 1.0ms preprocess, 30.0ms inference, 0.2ms postprocess
2025-03-23 20:21:51,979 - INFO - Speed: 1.0ms preprocess, 30.7ms inference, 0.2ms postprocess
2025-03-23 20:21:52,024 - INFO - Speed: 1.0ms preprocess, 28.3ms inference, 0.2ms postprocess
2025-03-23 20:21:52,070 - INFO - Speed: 1.0ms preprocess, 29.5ms inference, 0.3ms postprocess
2025-03-23 20:21:52,117 - INFO - Speed: 1.0ms preprocess, 30.5ms inference, 0.2ms postprocess
2025-03-23 20:21:52,164 - INFO - Speed: 1.1ms preprocess, 30.0ms inference, 0.2ms postprocess
2025-03-23 20:21:52,212 - INFO - Speed: 1.1ms preprocess, 30.6ms inference, 0.2ms postprocess
2025-03-23 20:21:52,226 - INFO - Processed 400/444 frames
2025-03-23 20:21:52,258 - INFO - Speed: 1.0ms preprocess, 30.2ms inference, 0.2ms postprocess
2025-03-23 20:21:52,304 - INFO - Speed: 1.0ms preprocess, 29.4ms inference, 0.3ms postprocess
2025-03-23 20:21:52,350 - INFO - Speed: 1.0ms preprocess, 28.7ms inference, 0.2ms postprocess
2025-03-23 20:21:52,396 - INFO - Speed: 0.9ms preprocess, 30.0ms inference, 0.3ms postprocess
2025-03-23 20:21:52,443 - INFO - Speed: 1.1ms preprocess, 30.2ms inference, 0.2ms postprocess
2025-03-23 20:21:52,491 - INFO - Speed: 1.0ms preprocess, 30.7ms inference, 0.3ms postprocess
2025-03-23 20:21:52,537 - INFO - Speed: 1.0ms preprocess, 29.7ms inference, 0.2ms postprocess
2025-03-23 20:21:52,606 - INFO - Speed: 1.0ms preprocess, 53.4ms inference, 0.2ms postprocess
2025-03-23 20:21:52,653 - INFO - Speed: 1.0ms preprocess, 29.7ms inference, 0.2ms postprocess
2025-03-23 20:21:52,699 - INFO - Speed: 0.9ms preprocess, 28.9ms inference, 0.3ms postprocess
2025-03-23 20:21:52,745 - INFO - Speed: 0.9ms preprocess, 29.9ms inference, 0.2ms postprocess
2025-03-23 20:21:52,792 - INFO - Speed: 1.0ms preprocess, 29.4ms inference, 0.2ms postprocess
2025-03-23 20:21:52,838 - INFO - Speed: 1.0ms preprocess, 29.7ms inference, 0.2ms postprocess
2025-03-23 20:21:52,884 - INFO - Speed: 1.0ms preprocess, 29.9ms inference, 0.2ms postprocess
2025-03-23 20:21:52,931 - INFO - Speed: 0.9ms preprocess, 30.1ms inference, 0.2ms postprocess
2025-03-23 20:21:52,976 - INFO - Speed: 1.0ms preprocess, 29.4ms inference, 0.2ms postprocess
2025-03-23 20:21:53,022 - INFO - Speed: 1.0ms preprocess, 29.6ms inference, 0.2ms postprocess
2025-03-23 20:21:53,069 - INFO - Speed: 1.0ms preprocess, 30.2ms inference, 0.2ms postprocess
2025-03-23 20:21:53,115 - INFO - Speed: 1.0ms preprocess, 29.3ms inference, 0.2ms postprocess
2025-03-23 20:21:53,161 - INFO - Speed: 1.0ms preprocess, 29.7ms inference, 0.2ms postprocess
2025-03-23 20:21:53,207 - INFO - Speed: 1.0ms preprocess, 30.1ms inference, 0.2ms postprocess
2025-03-23 20:21:53,253 - INFO - Speed: 1.0ms preprocess, 29.1ms inference, 0.2ms postprocess
2025-03-23 20:21:53,313 - INFO - Speed: 0.9ms preprocess, 43.2ms inference, 0.2ms postprocess
2025-03-23 20:21:53,358 - INFO - Speed: 1.0ms preprocess, 29.2ms inference, 0.2ms postprocess
2025-03-23 20:21:53,404 - INFO - Speed: 1.0ms preprocess, 28.8ms inference, 0.2ms postprocess
2025-03-23 20:21:53,449 - INFO - Speed: 1.0ms preprocess, 29.0ms inference, 0.3ms postprocess
2025-03-23 20:21:53,495 - INFO - Speed: 0.9ms preprocess, 29.1ms inference, 0.2ms postprocess
2025-03-23 20:21:53,541 - INFO - Speed: 1.0ms preprocess, 29.5ms inference, 0.2ms postprocess
2025-03-23 20:21:53,587 - INFO - Speed: 1.1ms preprocess, 29.6ms inference, 0.2ms postprocess
2025-03-23 20:21:53,632 - INFO - Speed: 0.9ms preprocess, 29.1ms inference, 0.2ms postprocess
2025-03-23 20:21:53,678 - INFO - Speed: 1.0ms preprocess, 29.6ms inference, 0.2ms postprocess
2025-03-23 20:21:53,725 - INFO - Speed: 0.9ms preprocess, 30.8ms inference, 0.2ms postprocess
2025-03-23 20:21:53,771 - INFO - Speed: 1.1ms preprocess, 29.7ms inference, 0.2ms postprocess
2025-03-23 20:21:53,821 - INFO - Speed: 0.9ms preprocess, 33.0ms inference, 0.2ms postprocess
2025-03-23 20:21:53,873 - INFO - Speed: 1.0ms preprocess, 34.4ms inference, 0.2ms postprocess
2025-03-23 20:21:53,918 - INFO - Speed: 1.0ms preprocess, 29.3ms inference, 0.2ms postprocess
2025-03-23 20:21:53,964 - INFO - Speed: 1.0ms preprocess, 29.7ms inference, 0.2ms postprocess
2025-03-23 20:21:54,010 - INFO - Speed: 0.9ms preprocess, 29.6ms inference, 0.2ms postprocess
2025-03-23 20:21:54,057 - INFO - Speed: 1.0ms preprocess, 30.2ms inference, 0.2ms postprocess
2025-03-23 20:21:54,104 - INFO - Speed: 1.1ms preprocess, 31.2ms inference, 0.2ms postprocess
2025-03-23 20:21:54,150 - INFO - Speed: 0.9ms preprocess, 29.5ms inference, 0.2ms postprocess
2025-03-23 20:21:54,196 - INFO - Speed: 1.0ms preprocess, 29.4ms inference, 0.2ms postprocess
2025-03-23 20:21:54,241 - INFO - Speed: 1.0ms preprocess, 28.7ms inference, 0.2ms postprocess
2025-03-23 20:21:54,287 - INFO - Speed: 1.0ms preprocess, 29.4ms inference, 0.2ms postprocess
2025-03-23 20:21:54,332 - INFO - Speed: 1.0ms preprocess, 28.6ms inference, 0.2ms postprocess
2025-03-23 20:21:54,351 - INFO - Processing complete, resources released
